2018/09/13 09:35:32 [error] [exception.CException] CException: 属性 "app\ddd\Common\Domain\Value\LogisticsCompany.logistics_id" 未被定义. in E:\phpStudy\PHPTutorial\WWW\oil\framework_php7\base\CComponent.php:141
Stack trace:
#0 E:\phpStudy\PHPTutorial\WWW\oil\oil_retail\protected\ddd\Common\BaseModel.php(263): CComponent->__get('logistics_id')
#1 E:\phpStudy\PHPTutorial\WWW\oil\oil_retail\protected\ddd\Logistics\DTO\Driver\DriverDTO.php(115): ddd\Common\BaseModel->__get('logistics_id')
#2 E:\phpStudy\PHPTutorial\WWW\oil\oil_retail\protected\ddd\Logistics\Application\Driver\DriverService.php(43): app\ddd\Logistics\DTO\Driver\DriverDTO->fromEntity(Object(ddd\Logistics\Domain\Driver\Driver))
#3 E:\phpStudy\PHPTutorial\WWW\oil\oil_retail\protected\modules\webAPI\controllers\DriverController.php(224): app\ddd\Logistics\Application\Driver\DriverService->getDriver('1')
#4 E:\phpStudy\PHPTutorial\WWW\oil\framework_php7\web\actions\CInlineAction.php(49): DriverController->actionDetail()
#5 E:\phpStudy\PHPTutorial\WWW\oil\framework_php7\web\CController.php(308): CInlineAction->runWithParams(Array)
#6 E:\phpStudy\PHPTutorial\WWW\oil\framework_php7\web\filters\CFilterChain.php(134): CController->runAction(Object(CInlineAction))
#7 E:\phpStudy\PHPTutorial\WWW\oil\framework_php7\web\filters\CFilter.php(40): CFilterChain->run()
#8 E:\phpStudy\PHPTutorial\WWW\oil\framework_php7\web\CController.php(1148): CFilter->filter(Object(CFilterChain))
#9 E:\phpStudy\PHPTutorial\WWW\oil\framework_php7\web\filters\CInlineFilter.php(58): CController->filterAccessControl(Object(CFilterChain))
#10 E:\phpStudy\PHPTutorial\WWW\oil\framework_php7\web\filters\CFilterChain.php(131): CInlineFilter->filter(Object(CFilterChain))
#11 E:\phpStudy\PHPTutorial\WWW\oil\framework_php7\web\CController.php(291): CFilterChain->run()
#12 E:\phpStudy\PHPTutorial\WWW\oil\framework_php7\web\CController.php(265): CController->runActionWithFilters(Object(CInlineAction), Array)
#13 E:\phpStudy\PHPTutorial\WWW\oil\framework_php7\web\CWebApplication.php(282): CController->run('detail')
#14 E:\phpStudy\PHPTutorial\WWW\oil\framework_php7\web\CWebApplication.php(141): CWebApplication->runController('webAPI/driver/d...')
#15 E:\phpStudy\PHPTutorial\WWW\oil\framework_php7\base\CApplication.php(186): CWebApplication->processRequest()
#16 E:\phpStudy\PHPTutorial\WWW\oil\oil_retail\index.php(17): CApplication->run()
#17 {main}
REQUEST_URI=/webAPI/driver/detail?driver_id=1
---
2018/09/13 09:44:00 [error] [exception.CException] CException: 属性 "app\ddd\Common\Domain\Value\LogisticsCompany.logistics_id" 未被定义. in E:\phpStudy\PHPTutorial\WWW\oil\framework_php7\base\CComponent.php:141
Stack trace:
#0 E:\phpStudy\PHPTutorial\WWW\oil\oil_retail\protected\ddd\Common\BaseModel.php(263): CComponent->__get('logistics_id')
#1 E:\phpStudy\PHPTutorial\WWW\oil\oil_retail\protected\ddd\Logistics\DTO\Driver\DriverDTO.php(115): ddd\Common\BaseModel->__get('logistics_id')
#2 E:\phpStudy\PHPTutorial\WWW\oil\oil_retail\protected\ddd\Logistics\Application\Driver\DriverService.php(43): app\ddd\Logistics\DTO\Driver\DriverDTO->fromEntity(Object(ddd\Logistics\Domain\Driver\Driver))
#3 E:\phpStudy\PHPTutorial\WWW\oil\oil_retail\protected\modules\webAPI\controllers\DriverController.php(224): app\ddd\Logistics\Application\Driver\DriverService->getDriver('1')
#4 E:\phpStudy\PHPTutorial\WWW\oil\framework_php7\web\actions\CInlineAction.php(49): DriverController->actionDetail()
#5 E:\phpStudy\PHPTutorial\WWW\oil\framework_php7\web\CController.php(308): CInlineAction->runWithParams(Array)
#6 E:\phpStudy\PHPTutorial\WWW\oil\framework_php7\web\filters\CFilterChain.php(134): CController->runAction(Object(CInlineAction))
#7 E:\phpStudy\PHPTutorial\WWW\oil\framework_php7\web\filters\CFilter.php(40): CFilterChain->run()
#8 E:\phpStudy\PHPTutorial\WWW\oil\framework_php7\web\CController.php(1148): CFilter->filter(Object(CFilterChain))
#9 E:\phpStudy\PHPTutorial\WWW\oil\framework_php7\web\filters\CInlineFilter.php(58): CController->filterAccessControl(Object(CFilterChain))
#10 E:\phpStudy\PHPTutorial\WWW\oil\framework_php7\web\filters\CFilterChain.php(131): CInlineFilter->filter(Object(CFilterChain))
#11 E:\phpStudy\PHPTutorial\WWW\oil\framework_php7\web\CController.php(291): CFilterChain->run()
#12 E:\phpStudy\PHPTutorial\WWW\oil\framework_php7\web\CController.php(265): CController->runActionWithFilters(Object(CInlineAction), Array)
#13 E:\phpStudy\PHPTutorial\WWW\oil\framework_php7\web\CWebApplication.php(282): CController->run('detail')
#14 E:\phpStudy\PHPTutorial\WWW\oil\framework_php7\web\CWebApplication.php(141): CWebApplication->runController('webAPI/driver/d...')
#15 E:\phpStudy\PHPTutorial\WWW\oil\framework_php7\base\CApplication.php(186): CWebApplication->processRequest()
#16 E:\phpStudy\PHPTutorial\WWW\oil\oil_retail\index.php(17): CApplication->run()
#17 {main}
REQUEST_URI=/webAPI/driver/detail?driver_id=1
---
2018/09/13 09:50:02 [error] [exception.CException] CException: 属性 "app\ddd\Common\Domain\Value\LogisticsCompany.logistics_id" 未被定义. in E:\phpStudy\PHPTutorial\WWW\oil\framework_php7\base\CComponent.php:141
Stack trace:
#0 E:\phpStudy\PHPTutorial\WWW\oil\oil_retail\protected\ddd\Common\BaseModel.php(263): CComponent->__get('logistics_id')
#1 E:\phpStudy\PHPTutorial\WWW\oil\oil_retail\protected\ddd\Logistics\DTO\Driver\DriverDTO.php(115): ddd\Common\BaseModel->__get('logistics_id')
#2 E:\phpStudy\PHPTutorial\WWW\oil\oil_retail\protected\ddd\Logistics\Application\Driver\DriverService.php(43): app\ddd\Logistics\DTO\Driver\DriverDTO->fromEntity(Object(ddd\Logistics\Domain\Driver\Driver))
#3 E:\phpStudy\PHPTutorial\WWW\oil\oil_retail\protected\modules\webAPI\controllers\DriverController.php(224): app\ddd\Logistics\Application\Driver\DriverService->getDriver('1')
#4 E:\phpStudy\PHPTutorial\WWW\oil\framework_php7\web\actions\CInlineAction.php(49): DriverController->actionDetail()
#5 E:\phpStudy\PHPTutorial\WWW\oil\framework_php7\web\CController.php(308): CInlineAction->runWithParams(Array)
#6 E:\phpStudy\PHPTutorial\WWW\oil\framework_php7\web\filters\CFilterChain.php(134): CController->runAction(Object(CInlineAction))
#7 E:\phpStudy\PHPTutorial\WWW\oil\framework_php7\web\filters\CFilter.php(40): CFilterChain->run()
#8 E:\phpStudy\PHPTutorial\WWW\oil\framework_php7\web\CController.php(1148): CFilter->filter(Object(CFilterChain))
#9 E:\phpStudy\PHPTutorial\WWW\oil\framework_php7\web\filters\CInlineFilter.php(58): CController->filterAccessControl(Object(CFilterChain))
#10 E:\phpStudy\PHPTutorial\WWW\oil\framework_php7\web\filters\CFilterChain.php(131): CInlineFilter->filter(Object(CFilterChain))
#11 E:\phpStudy\PHPTutorial\WWW\oil\framework_php7\web\CController.php(291): CFilterChain->run()
#12 E:\phpStudy\PHPTutorial\WWW\oil\framework_php7\web\CController.php(265): CController->runActionWithFilters(Object(CInlineAction), Array)
#13 E:\phpStudy\PHPTutorial\WWW\oil\framework_php7\web\CWebApplication.php(282): CController->run('detail')
#14 E:\phpStudy\PHPTutorial\WWW\oil\framework_php7\web\CWebApplication.php(141): CWebApplication->runController('webAPI/driver/d...')
#15 E:\phpStudy\PHPTutorial\WWW\oil\framework_php7\base\CApplication.php(186): CWebApplication->processRequest()
#16 E:\phpStudy\PHPTutorial\WWW\oil\oil_retail\index.php(17): CApplication->run()
#17 {main}
REQUEST_URI=/webAPI/driver/detail?driver_id=1
---
2018/09/13 09:50:04 [error] [exception.CException] CException: 属性 "app\ddd\Common\Domain\Value\LogisticsCompany.logistics_id" 未被定义. in E:\phpStudy\PHPTutorial\WWW\oil\framework_php7\base\CComponent.php:141
Stack trace:
#0 E:\phpStudy\PHPTutorial\WWW\oil\oil_retail\protected\ddd\Common\BaseModel.php(263): CComponent->__get('logistics_id')
#1 E:\phpStudy\PHPTutorial\WWW\oil\oil_retail\protected\ddd\Logistics\DTO\Driver\DriverDTO.php(115): ddd\Common\BaseModel->__get('logistics_id')
#2 E:\phpStudy\PHPTutorial\WWW\oil\oil_retail\protected\ddd\Logistics\Application\Driver\DriverService.php(43): app\ddd\Logistics\DTO\Driver\DriverDTO->fromEntity(Object(ddd\Logistics\Domain\Driver\Driver))
#3 E:\phpStudy\PHPTutorial\WWW\oil\oil_retail\protected\modules\webAPI\controllers\DriverController.php(224): app\ddd\Logistics\Application\Driver\DriverService->getDriver('1')
#4 E:\phpStudy\PHPTutorial\WWW\oil\framework_php7\web\actions\CInlineAction.php(49): DriverController->actionDetail()
#5 E:\phpStudy\PHPTutorial\WWW\oil\framework_php7\web\CController.php(308): CInlineAction->runWithParams(Array)
#6 E:\phpStudy\PHPTutorial\WWW\oil\framework_php7\web\filters\CFilterChain.php(134): CController->runAction(Object(CInlineAction))
#7 E:\phpStudy\PHPTutorial\WWW\oil\framework_php7\web\filters\CFilter.php(40): CFilterChain->run()
#8 E:\phpStudy\PHPTutorial\WWW\oil\framework_php7\web\CController.php(1148): CFilter->filter(Object(CFilterChain))
#9 E:\phpStudy\PHPTutorial\WWW\oil\framework_php7\web\filters\CInlineFilter.php(58): CController->filterAccessControl(Object(CFilterChain))
#10 E:\phpStudy\PHPTutorial\WWW\oil\framework_php7\web\filters\CFilterChain.php(131): CInlineFilter->filter(Object(CFilterChain))
#11 E:\phpStudy\PHPTutorial\WWW\oil\framework_php7\web\CController.php(291): CFilterChain->run()
#12 E:\phpStudy\PHPTutorial\WWW\oil\framework_php7\web\CController.php(265): CController->runActionWithFilters(Object(CInlineAction), Array)
#13 E:\phpStudy\PHPTutorial\WWW\oil\framework_php7\web\CWebApplication.php(282): CController->run('detail')
#14 E:\phpStudy\PHPTutorial\WWW\oil\framework_php7\web\CWebApplication.php(141): CWebApplication->runController('webAPI/driver/d...')
#15 E:\phpStudy\PHPTutorial\WWW\oil\framework_php7\base\CApplication.php(186): CWebApplication->processRequest()
#16 E:\phpStudy\PHPTutorial\WWW\oil\oil_retail\index.php(17): CApplication->run()
#17 {main}
REQUEST_URI=/webAPI/driver/detail?driver_id=1
---
2018/09/13 09:52:20 [error] [exception.ReflectionException] ReflectionException: Class ddd\Logistics\Repository\UserService does not exist in E:\phpStudy\PHPTutorial\WWW\oil\framework_php7\components\di\Container.php:426
Stack trace:
#0 E:\phpStudy\PHPTutorial\WWW\oil\framework_php7\components\di\Container.php(426): ReflectionClass->__construct('ddd\\Logistics\\R...')
#1 E:\phpStudy\PHPTutorial\WWW\oil\framework_php7\components\di\Container.php(362): system\components\di\Container->getDependencies('ddd\\Logistics\\R...')
#2 E:\phpStudy\PHPTutorial\WWW\oil\framework_php7\components\di\Container.php(154): system\components\di\Container->build('ddd\\Logistics\\R...', Array, Array)
#3 E:\phpStudy\PHPTutorial\WWW\oil\oil_retail\protected\ddd\Infrastructure\DIService.php(27): system\components\di\Container->get('ddd\\Logistics\\R...', Array, Array)
#4 E:\phpStudy\PHPTutorial\WWW\oil\oil_retail\protected\ddd\Logistics\Repository\DriverRepository.php(88): ddd\Infrastructure\DIService::get('ddd\\Logistics\\R...')
#5 E:\phpStudy\PHPTutorial\WWW\oil\oil_retail\protected\ddd\Common\Repository\EntityRepository.php(207): ddd\Logistics\Repository\DriverRepository->dataToEntity(Object(Driver))
#6 E:\phpStudy\PHPTutorial\WWW\oil\oil_retail\protected\ddd\Logistics\Repository\DriverRepository.php(60): ddd\Common\Repository\EntityRepository->find('customer_id=1')
#7 E:\phpStudy\PHPTutorial\WWW\oil\oil_retail\protected\ddd\Logistics\Application\Driver\DriverService.php(38): ddd\Logistics\Repository\DriverRepository->findById('1')
#8 E:\phpStudy\PHPTutorial\WWW\oil\oil_retail\protected\modules\webAPI\controllers\DriverController.php(224): app\ddd\Logistics\Application\Driver\DriverService->getDriver('1')
#9 E:\phpStudy\PHPTutorial\WWW\oil\framework_php7\web\actions\CInlineAction.php(49): DriverController->actionDetail()
#10 E:\phpStudy\PHPTutorial\WWW\oil\framework_php7\web\CController.php(308): CInlineAction->runWithParams(Array)
#11 E:\phpStudy\PHPTutorial\WWW\oil\framework_php7\web\filters\CFilterChain.php(134): CController->runAction(Object(CInlineAction))
#12 E:\phpStudy\PHPTutorial\WWW\oil\framework_php7\web\filters\CFilter.php(40): CFilterChain->run()
#13 E:\phpStudy\PHPTutorial\WWW\oil\framework_php7\web\CController.php(1148): CFilter->filter(Object(CFilterChain))
#14 E:\phpStudy\PHPTutorial\WWW\oil\framework_php7\web\filters\CInlineFilter.php(58): CController->filterAccessControl(Object(CFilterChain))
#15 E:\phpStudy\PHPTutorial\WWW\oil\framework_php7\web\filters\CFilterChain.php(131): CInlineFilter->filter(Object(CFilterChain))
#16 E:\phpStudy\PHPTutorial\WWW\oil\framework_php7\web\CController.php(291): CFilterChain->run()
#17 E:\phpStudy\PHPTutorial\WWW\oil\framework_php7\web\CController.php(265): CController->runActionWithFilters(Object(CInlineAction), Array)
#18 E:\phpStudy\PHPTutorial\WWW\oil\framework_php7\web\CWebApplication.php(282): CController->run('detail')
#19 E:\phpStudy\PHPTutorial\WWW\oil\framework_php7\web\CWebApplication.php(141): CWebApplication->runController('webAPI/driver/d...')
#20 E:\phpStudy\PHPTutorial\WWW\oil\framework_php7\base\CApplication.php(186): CWebApplication->processRequest()
#21 E:\phpStudy\PHPTutorial\WWW\oil\oil_retail\index.php(17): CApplication->run()
#22 {main}
REQUEST_URI=/webAPI/driver/detail?driver_id=1
---
2018/09/13 09:52:21 [error] [exception.ReflectionException] ReflectionException: Class ddd\Logistics\Repository\UserService does not exist in E:\phpStudy\PHPTutorial\WWW\oil\framework_php7\components\di\Container.php:426
Stack trace:
#0 E:\phpStudy\PHPTutorial\WWW\oil\framework_php7\components\di\Container.php(426): ReflectionClass->__construct('ddd\\Logistics\\R...')
#1 E:\phpStudy\PHPTutorial\WWW\oil\framework_php7\components\di\Container.php(362): system\components\di\Container->getDependencies('ddd\\Logistics\\R...')
#2 E:\phpStudy\PHPTutorial\WWW\oil\framework_php7\components\di\Container.php(154): system\components\di\Container->build('ddd\\Logistics\\R...', Array, Array)
#3 E:\phpStudy\PHPTutorial\WWW\oil\oil_retail\protected\ddd\Infrastructure\DIService.php(27): system\components\di\Container->get('ddd\\Logistics\\R...', Array, Array)
#4 E:\phpStudy\PHPTutorial\WWW\oil\oil_retail\protected\ddd\Logistics\Repository\DriverRepository.php(88): ddd\Infrastructure\DIService::get('ddd\\Logistics\\R...')
#5 E:\phpStudy\PHPTutorial\WWW\oil\oil_retail\protected\ddd\Common\Repository\EntityRepository.php(207): ddd\Logistics\Repository\DriverRepository->dataToEntity(Object(Driver))
#6 E:\phpStudy\PHPTutorial\WWW\oil\oil_retail\protected\ddd\Logistics\Repository\DriverRepository.php(60): ddd\Common\Repository\EntityRepository->find('customer_id=1')
#7 E:\phpStudy\PHPTutorial\WWW\oil\oil_retail\protected\ddd\Logistics\Application\Driver\DriverService.php(38): ddd\Logistics\Repository\DriverRepository->findById('1')
#8 E:\phpStudy\PHPTutorial\WWW\oil\oil_retail\protected\modules\webAPI\controllers\DriverController.php(224): app\ddd\Logistics\Application\Driver\DriverService->getDriver('1')
#9 E:\phpStudy\PHPTutorial\WWW\oil\framework_php7\web\actions\CInlineAction.php(49): DriverController->actionDetail()
#10 E:\phpStudy\PHPTutorial\WWW\oil\framework_php7\web\CController.php(308): CInlineAction->runWithParams(Array)
#11 E:\phpStudy\PHPTutorial\WWW\oil\framework_php7\web\filters\CFilterChain.php(134): CController->runAction(Object(CInlineAction))
#12 E:\phpStudy\PHPTutorial\WWW\oil\framework_php7\web\filters\CFilter.php(40): CFilterChain->run()
#13 E:\phpStudy\PHPTutorial\WWW\oil\framework_php7\web\CController.php(1148): CFilter->filter(Object(CFilterChain))
#14 E:\phpStudy\PHPTutorial\WWW\oil\framework_php7\web\filters\CInlineFilter.php(58): CController->filterAccessControl(Object(CFilterChain))
#15 E:\phpStudy\PHPTutorial\WWW\oil\framework_php7\web\filters\CFilterChain.php(131): CInlineFilter->filter(Object(CFilterChain))
#16 E:\phpStudy\PHPTutorial\WWW\oil\framework_php7\web\CController.php(291): CFilterChain->run()
#17 E:\phpStudy\PHPTutorial\WWW\oil\framework_php7\web\CController.php(265): CController->runActionWithFilters(Object(CInlineAction), Array)
#18 E:\phpStudy\PHPTutorial\WWW\oil\framework_php7\web\CWebApplication.php(282): CController->run('detail')
#19 E:\phpStudy\PHPTutorial\WWW\oil\framework_php7\web\CWebApplication.php(141): CWebApplication->runController('webAPI/driver/d...')
#20 E:\phpStudy\PHPTutorial\WWW\oil\framework_php7\base\CApplication.php(186): CWebApplication->processRequest()
#21 E:\phpStudy\PHPTutorial\WWW\oil\oil_retail\index.php(17): CApplication->run()
#22 {main}
REQUEST_URI=/webAPI/driver/detail?driver_id=1
---
2018/09/13 09:52:47 [error] [php] include(UserService.php): failed to open stream: No such file or directory (E:\phpStudy\PHPTutorial\WWW\oil\framework_php7\ModBase.php:557)
Stack trace:
#0 unknown(0): spl_autoload_call()
#1 E:\phpStudy\PHPTutorial\WWW\oil\framework_php7\components\di\Container.php(426): ReflectionClass->__construct()
#2 E:\phpStudy\PHPTutorial\WWW\oil\framework_php7\components\di\Container.php(362): system\components\di\Container->getDependencies()
#3 E:\phpStudy\PHPTutorial\WWW\oil\framework_php7\components\di\Container.php(154): system\components\di\Container->build()
#4 E:\phpStudy\PHPTutorial\WWW\oil\oil_retail\protected\ddd\Infrastructure\DIService.php(27): system\components\di\Container->get()
#5 E:\phpStudy\PHPTutorial\WWW\oil\oil_retail\protected\ddd\Logistics\Repository\DriverRepository.php(89): get()
#6 E:\phpStudy\PHPTutorial\WWW\oil\oil_retail\protected\ddd\Common\Repository\EntityRepository.php(207): ddd\Logistics\Repository\DriverRepository->dataToEntity()
#7 E:\phpStudy\PHPTutorial\WWW\oil\oil_retail\protected\ddd\Logistics\Repository\DriverRepository.php(61): ddd\Logistics\Repository\DriverRepository->find()
#8 E:\phpStudy\PHPTutorial\WWW\oil\oil_retail\protected\ddd\Logistics\Application\Driver\DriverService.php(38): ddd\Logistics\Repository\DriverRepository->findById()
#9 E:\phpStudy\PHPTutorial\WWW\oil\oil_retail\protected\modules\webAPI\controllers\DriverController.php(224): app\ddd\Logistics\Application\Driver\DriverService->getDriver()
#10 E:\phpStudy\PHPTutorial\WWW\oil\framework_php7\web\actions\CInlineAction.php(49): DriverController->actionDetail()
#11 E:\phpStudy\PHPTutorial\WWW\oil\framework_php7\web\CController.php(308): CInlineAction->runWithParams()
#12 E:\phpStudy\PHPTutorial\WWW\oil\framework_php7\web\filters\CFilterChain.php(134): DriverController->runAction()
#13 E:\phpStudy\PHPTutorial\WWW\oil\framework_php7\web\filters\CFilter.php(40): CFilterChain->run()
#14 E:\phpStudy\PHPTutorial\WWW\oil\framework_php7\web\CController.php(1148): CAccessControlFilter->filter()
#15 E:\phpStudy\PHPTutorial\WWW\oil\framework_php7\web\filters\CInlineFilter.php(58): DriverController->filterAccessControl()
#16 E:\phpStudy\PHPTutorial\WWW\oil\framework_php7\web\filters\CFilterChain.php(131): CInlineFilter->filter()
#17 E:\phpStudy\PHPTutorial\WWW\oil\framework_php7\web\CController.php(291): CFilterChain->run()
#18 E:\phpStudy\PHPTutorial\WWW\oil\framework_php7\web\CController.php(265): DriverController->runActionWithFilters()
#19 E:\phpStudy\PHPTutorial\WWW\oil\framework_php7\web\CWebApplication.php(282): DriverController->run()
#20 E:\phpStudy\PHPTutorial\WWW\oil\framework_php7\web\CWebApplication.php(141): CWebApplication->runController()
#21 E:\phpStudy\PHPTutorial\WWW\oil\framework_php7\base\CApplication.php(186): CWebApplication->processRequest()
#22 E:\phpStudy\PHPTutorial\WWW\oil\oil_retail\index.php(17): CWebApplication->run()
REQUEST_URI=/webAPI/driver/detail?driver_id=1
in E:\phpStudy\PHPTutorial\WWW\oil\oil_retail\protected\ddd\Infrastructure\DIService.php (27)
in E:\phpStudy\PHPTutorial\WWW\oil\oil_retail\protected\ddd\Logistics\Repository\DriverRepository.php (89)
in E:\phpStudy\PHPTutorial\WWW\oil\oil_retail\protected\ddd\Common\Repository\EntityRepository.php (207)
2018/09/13 09:54:55 [error] [php] include(UserService.php): failed to open stream: No such file or directory (E:\phpStudy\PHPTutorial\WWW\oil\framework_php7\ModBase.php:557)
Stack trace:
#0 unknown(0): spl_autoload_call()
#1 E:\phpStudy\PHPTutorial\WWW\oil\framework_php7\components\di\Container.php(426): ReflectionClass->__construct()
#2 E:\phpStudy\PHPTutorial\WWW\oil\framework_php7\components\di\Container.php(362): system\components\di\Container->getDependencies()
#3 E:\phpStudy\PHPTutorial\WWW\oil\framework_php7\components\di\Container.php(154): system\components\di\Container->build()
#4 E:\phpStudy\PHPTutorial\WWW\oil\oil_retail\protected\ddd\Infrastructure\DIService.php(27): system\components\di\Container->get()
#5 E:\phpStudy\PHPTutorial\WWW\oil\oil_retail\protected\ddd\Logistics\Repository\DriverRepository.php(89): get()
#6 E:\phpStudy\PHPTutorial\WWW\oil\oil_retail\protected\ddd\Common\Repository\EntityRepository.php(207): ddd\Logistics\Repository\DriverRepository->dataToEntity()
#7 E:\phpStudy\PHPTutorial\WWW\oil\oil_retail\protected\ddd\Logistics\Repository\DriverRepository.php(61): ddd\Logistics\Repository\DriverRepository->find()
#8 E:\phpStudy\PHPTutorial\WWW\oil\oil_retail\protected\ddd\Logistics\Application\Driver\DriverService.php(38): ddd\Logistics\Repository\DriverRepository->findById()
#9 E:\phpStudy\PHPTutorial\WWW\oil\oil_retail\protected\modules\webAPI\controllers\DriverController.php(224): app\ddd\Logistics\Application\Driver\DriverService->getDriver()
#10 E:\phpStudy\PHPTutorial\WWW\oil\framework_php7\web\actions\CInlineAction.php(49): DriverController->actionDetail()
#11 E:\phpStudy\PHPTutorial\WWW\oil\framework_php7\web\CController.php(308): CInlineAction->runWithParams()
#12 E:\phpStudy\PHPTutorial\WWW\oil\framework_php7\web\filters\CFilterChain.php(134): DriverController->runAction()
#13 E:\phpStudy\PHPTutorial\WWW\oil\framework_php7\web\filters\CFilter.php(40): CFilterChain->run()
#14 E:\phpStudy\PHPTutorial\WWW\oil\framework_php7\web\CController.php(1148): CAccessControlFilter->filter()
#15 E:\phpStudy\PHPTutorial\WWW\oil\framework_php7\web\filters\CInlineFilter.php(58): DriverController->filterAccessControl()
#16 E:\phpStudy\PHPTutorial\WWW\oil\framework_php7\web\filters\CFilterChain.php(131): CInlineFilter->filter()
#17 E:\phpStudy\PHPTutorial\WWW\oil\framework_php7\web\CController.php(291): CFilterChain->run()
#18 E:\phpStudy\PHPTutorial\WWW\oil\framework_php7\web\CController.php(265): DriverController->runActionWithFilters()
#19 E:\phpStudy\PHPTutorial\WWW\oil\framework_php7\web\CWebApplication.php(282): DriverController->run()
#20 E:\phpStudy\PHPTutorial\WWW\oil\framework_php7\web\CWebApplication.php(141): CWebApplication->runController()
#21 E:\phpStudy\PHPTutorial\WWW\oil\framework_php7\base\CApplication.php(186): CWebApplication->processRequest()
#22 E:\phpStudy\PHPTutorial\WWW\oil\oil_retail\index.php(17): CWebApplication->run()
REQUEST_URI=/webAPI/driver/detail?driver_id=1
in E:\phpStudy\PHPTutorial\WWW\oil\oil_retail\protected\ddd\Infrastructure\DIService.php (27)
in E:\phpStudy\PHPTutorial\WWW\oil\oil_retail\protected\ddd\Logistics\Repository\DriverRepository.php (89)
in E:\phpStudy\PHPTutorial\WWW\oil\oil_retail\protected\ddd\Common\Repository\EntityRepository.php (207)
2018/09/13 09:55:12 [error] [php] include(UserService.php): failed to open stream: No such file or directory (E:\phpStudy\PHPTutorial\WWW\oil\framework_php7\ModBase.php:557)
Stack trace:
#0 unknown(0): spl_autoload_call()
#1 E:\phpStudy\PHPTutorial\WWW\oil\framework_php7\components\di\Container.php(426): ReflectionClass->__construct()
#2 E:\phpStudy\PHPTutorial\WWW\oil\framework_php7\components\di\Container.php(362): system\components\di\Container->getDependencies()
#3 E:\phpStudy\PHPTutorial\WWW\oil\framework_php7\components\di\Container.php(154): system\components\di\Container->build()
#4 E:\phpStudy\PHPTutorial\WWW\oil\oil_retail\protected\ddd\Infrastructure\DIService.php(27): system\components\di\Container->get()
#5 E:\phpStudy\PHPTutorial\WWW\oil\oil_retail\protected\ddd\Logistics\Repository\DriverRepository.php(90): get()
#6 E:\phpStudy\PHPTutorial\WWW\oil\oil_retail\protected\ddd\Common\Repository\EntityRepository.php(207): ddd\Logistics\Repository\DriverRepository->dataToEntity()
#7 E:\phpStudy\PHPTutorial\WWW\oil\oil_retail\protected\ddd\Logistics\Repository\DriverRepository.php(61): ddd\Logistics\Repository\DriverRepository->find()
#8 E:\phpStudy\PHPTutorial\WWW\oil\oil_retail\protected\ddd\Logistics\Application\Driver\DriverService.php(38): ddd\Logistics\Repository\DriverRepository->findById()
#9 E:\phpStudy\PHPTutorial\WWW\oil\oil_retail\protected\modules\webAPI\controllers\DriverController.php(224): app\ddd\Logistics\Application\Driver\DriverService->getDriver()
#10 E:\phpStudy\PHPTutorial\WWW\oil\framework_php7\web\actions\CInlineAction.php(49): DriverController->actionDetail()
#11 E:\phpStudy\PHPTutorial\WWW\oil\framework_php7\web\CController.php(308): CInlineAction->runWithParams()
#12 E:\phpStudy\PHPTutorial\WWW\oil\framework_php7\web\filters\CFilterChain.php(134): DriverController->runAction()
#13 E:\phpStudy\PHPTutorial\WWW\oil\framework_php7\web\filters\CFilter.php(40): CFilterChain->run()
#14 E:\phpStudy\PHPTutorial\WWW\oil\framework_php7\web\CController.php(1148): CAccessControlFilter->filter()
#15 E:\phpStudy\PHPTutorial\WWW\oil\framework_php7\web\filters\CInlineFilter.php(58): DriverController->filterAccessControl()
#16 E:\phpStudy\PHPTutorial\WWW\oil\framework_php7\web\filters\CFilterChain.php(131): CInlineFilter->filter()
#17 E:\phpStudy\PHPTutorial\WWW\oil\framework_php7\web\CController.php(291): CFilterChain->run()
#18 E:\phpStudy\PHPTutorial\WWW\oil\framework_php7\web\CController.php(265): DriverController->runActionWithFilters()
#19 E:\phpStudy\PHPTutorial\WWW\oil\framework_php7\web\CWebApplication.php(282): DriverController->run()
#20 E:\phpStudy\PHPTutorial\WWW\oil\framework_php7\web\CWebApplication.php(141): CWebApplication->runController()
#21 E:\phpStudy\PHPTutorial\WWW\oil\framework_php7\base\CApplication.php(186): CWebApplication->processRequest()
#22 E:\phpStudy\PHPTutorial\WWW\oil\oil_retail\index.php(17): CWebApplication->run()
REQUEST_URI=/webAPI/driver/detail?driver_id=1
in E:\phpStudy\PHPTutorial\WWW\oil\oil_retail\protected\ddd\Infrastructure\DIService.php (27)
in E:\phpStudy\PHPTutorial\WWW\oil\oil_retail\protected\ddd\Logistics\Repository\DriverRepository.php (90)
in E:\phpStudy\PHPTutorial\WWW\oil\oil_retail\protected\ddd\Common\Repository\EntityRepository.php (207)
2018/09/13 09:55:13 [error] [php] include(UserService.php): failed to open stream: No such file or directory (E:\phpStudy\PHPTutorial\WWW\oil\framework_php7\ModBase.php:557)
Stack trace:
#0 unknown(0): spl_autoload_call()
#1 E:\phpStudy\PHPTutorial\WWW\oil\framework_php7\components\di\Container.php(426): ReflectionClass->__construct()
#2 E:\phpStudy\PHPTutorial\WWW\oil\framework_php7\components\di\Container.php(362): system\components\di\Container->getDependencies()
#3 E:\phpStudy\PHPTutorial\WWW\oil\framework_php7\components\di\Container.php(154): system\components\di\Container->build()
#4 E:\phpStudy\PHPTutorial\WWW\oil\oil_retail\protected\ddd\Infrastructure\DIService.php(27): system\components\di\Container->get()
#5 E:\phpStudy\PHPTutorial\WWW\oil\oil_retail\protected\ddd\Logistics\Repository\DriverRepository.php(90): get()
#6 E:\phpStudy\PHPTutorial\WWW\oil\oil_retail\protected\ddd\Common\Repository\EntityRepository.php(207): ddd\Logistics\Repository\DriverRepository->dataToEntity()
#7 E:\phpStudy\PHPTutorial\WWW\oil\oil_retail\protected\ddd\Logistics\Repository\DriverRepository.php(61): ddd\Logistics\Repository\DriverRepository->find()
#8 E:\phpStudy\PHPTutorial\WWW\oil\oil_retail\protected\ddd\Logistics\Application\Driver\DriverService.php(38): ddd\Logistics\Repository\DriverRepository->findById()
#9 E:\phpStudy\PHPTutorial\WWW\oil\oil_retail\protected\modules\webAPI\controllers\DriverController.php(224): app\ddd\Logistics\Application\Driver\DriverService->getDriver()
#10 E:\phpStudy\PHPTutorial\WWW\oil\framework_php7\web\actions\CInlineAction.php(49): DriverController->actionDetail()
#11 E:\phpStudy\PHPTutorial\WWW\oil\framework_php7\web\CController.php(308): CInlineAction->runWithParams()
#12 E:\phpStudy\PHPTutorial\WWW\oil\framework_php7\web\filters\CFilterChain.php(134): DriverController->runAction()
#13 E:\phpStudy\PHPTutorial\WWW\oil\framework_php7\web\filters\CFilter.php(40): CFilterChain->run()
#14 E:\phpStudy\PHPTutorial\WWW\oil\framework_php7\web\CController.php(1148): CAccessControlFilter->filter()
#15 E:\phpStudy\PHPTutorial\WWW\oil\framework_php7\web\filters\CInlineFilter.php(58): DriverController->filterAccessControl()
#16 E:\phpStudy\PHPTutorial\WWW\oil\framework_php7\web\filters\CFilterChain.php(131): CInlineFilter->filter()
#17 E:\phpStudy\PHPTutorial\WWW\oil\framework_php7\web\CController.php(291): CFilterChain->run()
#18 E:\phpStudy\PHPTutorial\WWW\oil\framework_php7\web\CController.php(265): DriverController->runActionWithFilters()
#19 E:\phpStudy\PHPTutorial\WWW\oil\framework_php7\web\CWebApplication.php(282): DriverController->run()
#20 E:\phpStudy\PHPTutorial\WWW\oil\framework_php7\web\CWebApplication.php(141): CWebApplication->runController()
#21 E:\phpStudy\PHPTutorial\WWW\oil\framework_php7\base\CApplication.php(186): CWebApplication->processRequest()
#22 E:\phpStudy\PHPTutorial\WWW\oil\oil_retail\index.php(17): CWebApplication->run()
REQUEST_URI=/webAPI/driver/detail?driver_id=1
in E:\phpStudy\PHPTutorial\WWW\oil\oil_retail\protected\ddd\Infrastructure\DIService.php (27)
in E:\phpStudy\PHPTutorial\WWW\oil\oil_retail\protected\ddd\Logistics\Repository\DriverRepository.php (90)
in E:\phpStudy\PHPTutorial\WWW\oil\oil_retail\protected\ddd\Common\Repository\EntityRepository.php (207)
2018/09/13 09:55:13 [error] [php] include(UserService.php): failed to open stream: No such file or directory (E:\phpStudy\PHPTutorial\WWW\oil\framework_php7\ModBase.php:557)
Stack trace:
#0 unknown(0): spl_autoload_call()
#1 E:\phpStudy\PHPTutorial\WWW\oil\framework_php7\components\di\Container.php(426): ReflectionClass->__construct()
#2 E:\phpStudy\PHPTutorial\WWW\oil\framework_php7\components\di\Container.php(362): system\components\di\Container->getDependencies()
#3 E:\phpStudy\PHPTutorial\WWW\oil\framework_php7\components\di\Container.php(154): system\components\di\Container->build()
#4 E:\phpStudy\PHPTutorial\WWW\oil\oil_retail\protected\ddd\Infrastructure\DIService.php(27): system\components\di\Container->get()
#5 E:\phpStudy\PHPTutorial\WWW\oil\oil_retail\protected\ddd\Logistics\Repository\DriverRepository.php(90): get()
#6 E:\phpStudy\PHPTutorial\WWW\oil\oil_retail\protected\ddd\Common\Repository\EntityRepository.php(207): ddd\Logistics\Repository\DriverRepository->dataToEntity()
#7 E:\phpStudy\PHPTutorial\WWW\oil\oil_retail\protected\ddd\Logistics\Repository\DriverRepository.php(61): ddd\Logistics\Repository\DriverRepository->find()
#8 E:\phpStudy\PHPTutorial\WWW\oil\oil_retail\protected\ddd\Logistics\Application\Driver\DriverService.php(38): ddd\Logistics\Repository\DriverRepository->findById()
#9 E:\phpStudy\PHPTutorial\WWW\oil\oil_retail\protected\modules\webAPI\controllers\DriverController.php(224): app\ddd\Logistics\Application\Driver\DriverService->getDriver()
#10 E:\phpStudy\PHPTutorial\WWW\oil\framework_php7\web\actions\CInlineAction.php(49): DriverController->actionDetail()
#11 E:\phpStudy\PHPTutorial\WWW\oil\framework_php7\web\CController.php(308): CInlineAction->runWithParams()
#12 E:\phpStudy\PHPTutorial\WWW\oil\framework_php7\web\filters\CFilterChain.php(134): DriverController->runAction()
#13 E:\phpStudy\PHPTutorial\WWW\oil\framework_php7\web\filters\CFilter.php(40): CFilterChain->run()
#14 E:\phpStudy\PHPTutorial\WWW\oil\framework_php7\web\CController.php(1148): CAccessControlFilter->filter()
#15 E:\phpStudy\PHPTutorial\WWW\oil\framework_php7\web\filters\CInlineFilter.php(58): DriverController->filterAccessControl()
#16 E:\phpStudy\PHPTutorial\WWW\oil\framework_php7\web\filters\CFilterChain.php(131): CInlineFilter->filter()
#17 E:\phpStudy\PHPTutorial\WWW\oil\framework_php7\web\CController.php(291): CFilterChain->run()
#18 E:\phpStudy\PHPTutorial\WWW\oil\framework_php7\web\CController.php(265): DriverController->runActionWithFilters()
#19 E:\phpStudy\PHPTutorial\WWW\oil\framework_php7\web\CWebApplication.php(282): DriverController->run()
#20 E:\phpStudy\PHPTutorial\WWW\oil\framework_php7\web\CWebApplication.php(141): CWebApplication->runController()
#21 E:\phpStudy\PHPTutorial\WWW\oil\framework_php7\base\CApplication.php(186): CWebApplication->processRequest()
#22 E:\phpStudy\PHPTutorial\WWW\oil\oil_retail\index.php(17): CWebApplication->run()
REQUEST_URI=/webAPI/driver/detail?driver_id=1
in E:\phpStudy\PHPTutorial\WWW\oil\oil_retail\protected\ddd\Infrastructure\DIService.php (27)
in E:\phpStudy\PHPTutorial\WWW\oil\oil_retail\protected\ddd\Logistics\Repository\DriverRepository.php (90)
in E:\phpStudy\PHPTutorial\WWW\oil\oil_retail\protected\ddd\Common\Repository\EntityRepository.php (207)
2018/09/13 09:56:43 [error] [php] include(UserService.php): failed to open stream: No such file or directory (E:\phpStudy\PHPTutorial\WWW\oil\framework_php7\ModBase.php:557)
Stack trace:
#0 unknown(0): spl_autoload_call()
#1 E:\phpStudy\PHPTutorial\WWW\oil\framework_php7\components\di\Container.php(426): ReflectionClass->__construct()
#2 E:\phpStudy\PHPTutorial\WWW\oil\framework_php7\components\di\Container.php(362): system\components\di\Container->getDependencies()
#3 E:\phpStudy\PHPTutorial\WWW\oil\framework_php7\components\di\Container.php(154): system\components\di\Container->build()
#4 E:\phpStudy\PHPTutorial\WWW\oil\oil_retail\protected\ddd\Infrastructure\DIService.php(27): system\components\di\Container->get()
#5 E:\phpStudy\PHPTutorial\WWW\oil\oil_retail\protected\ddd\Logistics\Repository\DriverRepository.php(89): get()
#6 E:\phpStudy\PHPTutorial\WWW\oil\oil_retail\protected\ddd\Common\Repository\EntityRepository.php(207): ddd\Logistics\Repository\DriverRepository->dataToEntity()
#7 E:\phpStudy\PHPTutorial\WWW\oil\oil_retail\protected\ddd\Logistics\Repository\DriverRepository.php(61): ddd\Logistics\Repository\DriverRepository->find()
#8 E:\phpStudy\PHPTutorial\WWW\oil\oil_retail\protected\ddd\Logistics\Application\Driver\DriverService.php(38): ddd\Logistics\Repository\DriverRepository->findById()
#9 E:\phpStudy\PHPTutorial\WWW\oil\oil_retail\protected\modules\webAPI\controllers\DriverController.php(224): app\ddd\Logistics\Application\Driver\DriverService->getDriver()
#10 E:\phpStudy\PHPTutorial\WWW\oil\framework_php7\web\actions\CInlineAction.php(49): DriverController->actionDetail()
#11 E:\phpStudy\PHPTutorial\WWW\oil\framework_php7\web\CController.php(308): CInlineAction->runWithParams()
#12 E:\phpStudy\PHPTutorial\WWW\oil\framework_php7\web\filters\CFilterChain.php(134): DriverController->runAction()
#13 E:\phpStudy\PHPTutorial\WWW\oil\framework_php7\web\filters\CFilter.php(40): CFilterChain->run()
#14 E:\phpStudy\PHPTutorial\WWW\oil\framework_php7\web\CController.php(1148): CAccessControlFilter->filter()
#15 E:\phpStudy\PHPTutorial\WWW\oil\framework_php7\web\filters\CInlineFilter.php(58): DriverController->filterAccessControl()
#16 E:\phpStudy\PHPTutorial\WWW\oil\framework_php7\web\filters\CFilterChain.php(131): CInlineFilter->filter()
#17 E:\phpStudy\PHPTutorial\WWW\oil\framework_php7\web\CController.php(291): CFilterChain->run()
#18 E:\phpStudy\PHPTutorial\WWW\oil\framework_php7\web\CController.php(265): DriverController->runActionWithFilters()
#19 E:\phpStudy\PHPTutorial\WWW\oil\framework_php7\web\CWebApplication.php(282): DriverController->run()
#20 E:\phpStudy\PHPTutorial\WWW\oil\framework_php7\web\CWebApplication.php(141): CWebApplication->runController()
#21 E:\phpStudy\PHPTutorial\WWW\oil\framework_php7\base\CApplication.php(186): CWebApplication->processRequest()
#22 E:\phpStudy\PHPTutorial\WWW\oil\oil_retail\index.php(17): CWebApplication->run()
REQUEST_URI=/webAPI/driver/detail?driver_id=1
in E:\phpStudy\PHPTutorial\WWW\oil\oil_retail\protected\ddd\Infrastructure\DIService.php (27)
in E:\phpStudy\PHPTutorial\WWW\oil\oil_retail\protected\ddd\Logistics\Repository\DriverRepository.php (89)
in E:\phpStudy\PHPTutorial\WWW\oil\oil_retail\protected\ddd\Common\Repository\EntityRepository.php (207)
2018/09/13 09:59:26 [error] [exception.ddd\Infrastructure\error\ZException] [L:48][app\ddd\Logistics\Application\LogisticsCompany\LogisticsCompanyService.getLogisticsCompany][2001] 主键为0的app\ddd\Admin\Domain\User\SystemUser实体对象不存在
REQUEST_URI=/webAPI/LogisticsCompany/detail?logistics_id=1
---
2018/09/13 10:01:17 [error] [exception.ddd\Infrastructure\error\ZException] [L:49][app\ddd\Logistics\Application\Vehicle\VehicleService.getVehicle][0] 属性 "app\ddd\Common\Domain\Value\LogisticsCompany.logistics_id" 未被定义.
REQUEST_URI=/webAPI/vehicle/detail?vehicle_id=7
---
2018/09/13 10:04:15 [error] [exception.Error] Error: Call to a member function format() on null in E:\phpStudy\PHPTutorial\WWW\oil\oil_retail\protected\ddd\Logistics\DTO\Vehicle\VehicleDTO.php:167
Stack trace:
#0 E:\phpStudy\PHPTutorial\WWW\oil\oil_retail\protected\ddd\Logistics\Application\Vehicle\VehicleService.php(38): app\ddd\Logistics\DTO\Vehicle\VehicleDTO->fromEntity(Object(ddd\Logistics\Domain\Vehicle\Vehicle))
#1 E:\phpStudy\PHPTutorial\WWW\oil\oil_retail\protected\modules\webAPI\controllers\VehicleController.php(161): app\ddd\Logistics\Application\Vehicle\VehicleService->getVehicle('7')
#2 E:\phpStudy\PHPTutorial\WWW\oil\framework_php7\web\actions\CInlineAction.php(49): VehicleController->actionDetail()
#3 E:\phpStudy\PHPTutorial\WWW\oil\framework_php7\web\CController.php(308): CInlineAction->runWithParams(Array)
#4 E:\phpStudy\PHPTutorial\WWW\oil\framework_php7\web\filters\CFilterChain.php(134): CController->runAction(Object(CInlineAction))
#5 E:\phpStudy\PHPTutorial\WWW\oil\framework_php7\web\filters\CFilter.php(40): CFilterChain->run()
#6 E:\phpStudy\PHPTutorial\WWW\oil\framework_php7\web\CController.php(1148): CFilter->filter(Object(CFilterChain))
#7 E:\phpStudy\PHPTutorial\WWW\oil\framework_php7\web\filters\CInlineFilter.php(58): CController->filterAccessControl(Object(CFilterChain))
#8 E:\phpStudy\PHPTutorial\WWW\oil\framework_php7\web\filters\CFilterChain.php(131): CInlineFilter->filter(Object(CFilterChain))
#9 E:\phpStudy\PHPTutorial\WWW\oil\framework_php7\web\CController.php(291): CFilterChain->run()
#10 E:\phpStudy\PHPTutorial\WWW\oil\framework_php7\web\CController.php(265): CController->runActionWithFilters(Object(CInlineAction), Array)
#11 E:\phpStudy\PHPTutorial\WWW\oil\framework_php7\web\CWebApplication.php(282): CController->run('detail')
#12 E:\phpStudy\PHPTutorial\WWW\oil\framework_php7\web\CWebApplication.php(141): CWebApplication->runController('webAPI/vehicle/...')
#13 E:\phpStudy\PHPTutorial\WWW\oil\framework_php7\base\CApplication.php(186): CWebApplication->processRequest()
#14 E:\phpStudy\PHPTutorial\WWW\oil\oil_retail\index.php(17): CApplication->run()
#15 {main}
REQUEST_URI=/webAPI/vehicle/detail?vehicle_id=7
---
2018/09/13 10:04:58 [error] [exception.Error] Error: Call to a member function format() on null in E:\phpStudy\PHPTutorial\WWW\oil\oil_retail\protected\ddd\Logistics\DTO\Vehicle\VehicleDTO.php:168
Stack trace:
#0 E:\phpStudy\PHPTutorial\WWW\oil\oil_retail\protected\ddd\Logistics\Application\Vehicle\VehicleService.php(38): app\ddd\Logistics\DTO\Vehicle\VehicleDTO->fromEntity(Object(ddd\Logistics\Domain\Vehicle\Vehicle))
#1 E:\phpStudy\PHPTutorial\WWW\oil\oil_retail\protected\modules\webAPI\controllers\VehicleController.php(161): app\ddd\Logistics\Application\Vehicle\VehicleService->getVehicle('7')
#2 E:\phpStudy\PHPTutorial\WWW\oil\framework_php7\web\actions\CInlineAction.php(49): VehicleController->actionDetail()
#3 E:\phpStudy\PHPTutorial\WWW\oil\framework_php7\web\CController.php(308): CInlineAction->runWithParams(Array)
#4 E:\phpStudy\PHPTutorial\WWW\oil\framework_php7\web\filters\CFilterChain.php(134): CController->runAction(Object(CInlineAction))
#5 E:\phpStudy\PHPTutorial\WWW\oil\framework_php7\web\filters\CFilter.php(40): CFilterChain->run()
#6 E:\phpStudy\PHPTutorial\WWW\oil\framework_php7\web\CController.php(1148): CFilter->filter(Object(CFilterChain))
#7 E:\phpStudy\PHPTutorial\WWW\oil\framework_php7\web\filters\CInlineFilter.php(58): CController->filterAccessControl(Object(CFilterChain))
#8 E:\phpStudy\PHPTutorial\WWW\oil\framework_php7\web\filters\CFilterChain.php(131): CInlineFilter->filter(Object(CFilterChain))
#9 E:\phpStudy\PHPTutorial\WWW\oil\framework_php7\web\CController.php(291): CFilterChain->run()
#10 E:\phpStudy\PHPTutorial\WWW\oil\framework_php7\web\CController.php(265): CController->runActionWithFilters(Object(CInlineAction), Array)
#11 E:\phpStudy\PHPTutorial\WWW\oil\framework_php7\web\CWebApplication.php(282): CController->run('detail')
#12 E:\phpStudy\PHPTutorial\WWW\oil\framework_php7\web\CWebApplication.php(141): CWebApplication->runController('webAPI/vehicle/...')
#13 E:\phpStudy\PHPTutorial\WWW\oil\framework_php7\base\CApplication.php(186): CWebApplication->processRequest()
#14 E:\phpStudy\PHPTutorial\WWW\oil\oil_retail\index.php(17): CApplication->run()
#15 {main}
REQUEST_URI=/webAPI/vehicle/detail?vehicle_id=7
---
2018/09/13 10:16:40 [error] [exception.CHttpException.404] CHttpException: 无法解析请求 "plugins/font-awesome-4.4.0/css/font-awesome.min.css"。 in E:\phpStudy\PHPTutorial\WWW\oil\framework_php7\web\CWebApplication.php:286
Stack trace:
#0 E:\phpStudy\PHPTutorial\WWW\oil\framework_php7\web\CWebApplication.php(141): CWebApplication->runController('plugins/font-aw...')
#1 E:\phpStudy\PHPTutorial\WWW\oil\framework_php7\base\CApplication.php(186): CWebApplication->processRequest()
#2 E:\phpStudy\PHPTutorial\WWW\oil\oil_retail\index.php(17): CApplication->run()
#3 {main}
REQUEST_URI=/plugins/font-awesome-4.4.0/css/font-awesome.min.css
HTTP_REFERER=http://oil_retail.com/site/login
---
2018/09/13 10:16:40 [error] [exception.CHttpException.404] CHttpException: 无法解析请求 "plugins/datetimepicker/css/bootstrap-datetimepicker.min.css"。 in E:\phpStudy\PHPTutorial\WWW\oil\framework_php7\web\CWebApplication.php:286
Stack trace:
#0 E:\phpStudy\PHPTutorial\WWW\oil\framework_php7\web\CWebApplication.php(141): CWebApplication->runController('plugins/datetim...')
#1 E:\phpStudy\PHPTutorial\WWW\oil\framework_php7\base\CApplication.php(186): CWebApplication->processRequest()
#2 E:\phpStudy\PHPTutorial\WWW\oil\oil_retail\index.php(17): CApplication->run()
#3 {main}
REQUEST_URI=/plugins/datetimepicker/css/bootstrap-datetimepicker.min.css
HTTP_REFERER=http://oil_retail.com/site/login
---
2018/09/13 10:16:40 [error] [exception.CHttpException.404] CHttpException: 无法解析请求 "css/bootstrap-select/bootstrap-select.min.css"。 in E:\phpStudy\PHPTutorial\WWW\oil\framework_php7\web\CWebApplication.php:286
Stack trace:
#0 E:\phpStudy\PHPTutorial\WWW\oil\framework_php7\web\CWebApplication.php(141): CWebApplication->runController('css/bootstrap-s...')
#1 E:\phpStudy\PHPTutorial\WWW\oil\framework_php7\base\CApplication.php(186): CWebApplication->processRequest()
#2 E:\phpStudy\PHPTutorial\WWW\oil\oil_retail\index.php(17): CApplication->run()
#3 {main}
REQUEST_URI=/css/bootstrap-select/bootstrap-select.min.css
HTTP_REFERER=http://oil_retail.com/site/login
---
2018/09/13 10:16:40 [error] [exception.CHttpException.404] CHttpException: 无法解析请求 "plugins/dataTables/datatables.min.css"。 in E:\phpStudy\PHPTutorial\WWW\oil\framework_php7\web\CWebApplication.php:286
Stack trace:
#0 E:\phpStudy\PHPTutorial\WWW\oil\framework_php7\web\CWebApplication.php(141): CWebApplication->runController('plugins/dataTab...')
#1 E:\phpStudy\PHPTutorial\WWW\oil\framework_php7\base\CApplication.php(186): CWebApplication->processRequest()
#2 E:\phpStudy\PHPTutorial\WWW\oil\oil_retail\index.php(17): CApplication->run()
#3 {main}
REQUEST_URI=/plugins/dataTables/datatables.min.css
HTTP_REFERER=http://oil_retail.com/site/login
---
2018/09/13 10:16:40 [error] [exception.CHttpException.404] CHttpException: 无法解析请求 "plugins/datetimepicker/js/bootstrap-datetimepicker.min.js"。 in E:\phpStudy\PHPTutorial\WWW\oil\framework_php7\web\CWebApplication.php:286
Stack trace:
#0 E:\phpStudy\PHPTutorial\WWW\oil\framework_php7\web\CWebApplication.php(141): CWebApplication->runController('plugins/datetim...')
#1 E:\phpStudy\PHPTutorial\WWW\oil\framework_php7\base\CApplication.php(186): CWebApplication->processRequest()
#2 E:\phpStudy\PHPTutorial\WWW\oil\oil_retail\index.php(17): CApplication->run()
#3 {main}
REQUEST_URI=/plugins/datetimepicker/js/bootstrap-datetimepicker.min.js
HTTP_REFERER=http://oil_retail.com/site/login
---
2018/09/13 10:16:41 [error] [exception.CHttpException.404] CHttpException: 无法解析请求 "plugins/dataTables/datatables.min.js"。 in E:\phpStudy\PHPTutorial\WWW\oil\framework_php7\web\CWebApplication.php:286
Stack trace:
#0 E:\phpStudy\PHPTutorial\WWW\oil\framework_php7\web\CWebApplication.php(141): CWebApplication->runController('plugins/dataTab...')
#1 E:\phpStudy\PHPTutorial\WWW\oil\framework_php7\base\CApplication.php(186): CWebApplication->processRequest()
#2 E:\phpStudy\PHPTutorial\WWW\oil\oil_retail\index.php(17): CApplication->run()
#3 {main}
REQUEST_URI=/plugins/dataTables/datatables.min.js
HTTP_REFERER=http://oil_retail.com/site/login
---
2018/09/13 10:16:41 [error] [exception.CHttpException.404] CHttpException: 无法解析请求 "plugins/ionicons-2.0.1/css/ionicons.min.css"。 in E:\phpStudy\PHPTutorial\WWW\oil\framework_php7\web\CWebApplication.php:286
Stack trace:
#0 E:\phpStudy\PHPTutorial\WWW\oil\framework_php7\web\CWebApplication.php(141): CWebApplication->runController('plugins/ionicon...')
#1 E:\phpStudy\PHPTutorial\WWW\oil\framework_php7\base\CApplication.php(186): CWebApplication->processRequest()
#2 E:\phpStudy\PHPTutorial\WWW\oil\oil_retail\index.php(17): CApplication->run()
#3 {main}
REQUEST_URI=/plugins/ionicons-2.0.1/css/ionicons.min.css
HTTP_REFERER=http://oil_retail.com/site/login
---
2018/09/13 10:16:41 [error] [exception.CHttpException.404] CHttpException: 无法解析请求 "icon/font/iconfont.css"。 in E:\phpStudy\PHPTutorial\WWW\oil\framework_php7\web\CWebApplication.php:286
Stack trace:
#0 E:\phpStudy\PHPTutorial\WWW\oil\framework_php7\web\CWebApplication.php(141): CWebApplication->runController('icon/font/iconf...')
#1 E:\phpStudy\PHPTutorial\WWW\oil\framework_php7\base\CApplication.php(186): CWebApplication->processRequest()
#2 E:\phpStudy\PHPTutorial\WWW\oil\oil_retail\index.php(17): CApplication->run()
#3 {main}
REQUEST_URI=/icon/font/iconfont.css
HTTP_REFERER=http://oil_retail.com/site/login
---
2018/09/13 10:16:41 [error] [exception.CHttpException.404] CHttpException: 无法解析请求 "css/style.css"。 in E:\phpStudy\PHPTutorial\WWW\oil\framework_php7\web\CWebApplication.php:286
Stack trace:
#0 E:\phpStudy\PHPTutorial\WWW\oil\framework_php7\web\CWebApplication.php(141): CWebApplication->runController('css/style.css')
#1 E:\phpStudy\PHPTutorial\WWW\oil\framework_php7\base\CApplication.php(186): CWebApplication->processRequest()
#2 E:\phpStudy\PHPTutorial\WWW\oil\oil_retail\index.php(17): CApplication->run()
#3 {main}
REQUEST_URI=/css/style.css?key=20180112
HTTP_REFERER=http://oil_retail.com/site/login
---
2018/09/13 10:16:41 [error] [exception.CHttpException.404] CHttpException: 无法解析请求 "plugins/datetimepicker/js/bootstrap-datetimepicker.min.js"。 in E:\phpStudy\PHPTutorial\WWW\oil\framework_php7\web\CWebApplication.php:286
Stack trace:
#0 E:\phpStudy\PHPTutorial\WWW\oil\framework_php7\web\CWebApplication.php(141): CWebApplication->runController('plugins/datetim...')
#1 E:\phpStudy\PHPTutorial\WWW\oil\framework_php7\base\CApplication.php(186): CWebApplication->processRequest()
#2 E:\phpStudy\PHPTutorial\WWW\oil\oil_retail\index.php(17): CApplication->run()
#3 {main}
REQUEST_URI=/plugins/datetimepicker/js/bootstrap-datetimepicker.min.js
HTTP_REFERER=http://oil_retail.com/site/login
---
2018/09/13 10:16:41 [error] [exception.CHttpException.404] CHttpException: 无法解析请求 "plugins/datetimepicker/css/bootstrap-datetimepicker.min.css"。 in E:\phpStudy\PHPTutorial\WWW\oil\framework_php7\web\CWebApplication.php:286
Stack trace:
#0 E:\phpStudy\PHPTutorial\WWW\oil\framework_php7\web\CWebApplication.php(141): CWebApplication->runController('plugins/datetim...')
#1 E:\phpStudy\PHPTutorial\WWW\oil\framework_php7\base\CApplication.php(186): CWebApplication->processRequest()
#2 E:\phpStudy\PHPTutorial\WWW\oil\oil_retail\index.php(17): CApplication->run()
#3 {main}
REQUEST_URI=/plugins/datetimepicker/css/bootstrap-datetimepicker.min.css
HTTP_REFERER=http://oil_retail.com/site/login
---
2018/09/13 10:16:41 [error] [exception.CHttpException.404] CHttpException: 无法解析请求 "css/bootstrap-select/bootstrap-select.min.css"。 in E:\phpStudy\PHPTutorial\WWW\oil\framework_php7\web\CWebApplication.php:286
Stack trace:
#0 E:\phpStudy\PHPTutorial\WWW\oil\framework_php7\web\CWebApplication.php(141): CWebApplication->runController('css/bootstrap-s...')
#1 E:\phpStudy\PHPTutorial\WWW\oil\framework_php7\base\CApplication.php(186): CWebApplication->processRequest()
#2 E:\phpStudy\PHPTutorial\WWW\oil\oil_retail\index.php(17): CApplication->run()
#3 {main}
REQUEST_URI=/css/bootstrap-select/bootstrap-select.min.css
HTTP_REFERER=http://oil_retail.com/site/login
---
2018/09/13 10:16:41 [error] [exception.CHttpException.404] CHttpException: 无法解析请求 "css/tokenfield/bootstrap-tokenfield.min.css"。 in E:\phpStudy\PHPTutorial\WWW\oil\framework_php7\web\CWebApplication.php:286
Stack trace:
#0 E:\phpStudy\PHPTutorial\WWW\oil\framework_php7\web\CWebApplication.php(141): CWebApplication->runController('css/tokenfield/...')
#1 E:\phpStudy\PHPTutorial\WWW\oil\framework_php7\base\CApplication.php(186): CWebApplication->processRequest()
#2 E:\phpStudy\PHPTutorial\WWW\oil\oil_retail\index.php(17): CApplication->run()
#3 {main}
REQUEST_URI=/css/tokenfield/bootstrap-tokenfield.min.css
HTTP_REFERER=http://oil_retail.com/site/login
---
2018/09/13 10:16:41 [error] [exception.CHttpException.404] CHttpException: 无法解析请求 "plugins/dataTables/datatables.min.js"。 in E:\phpStudy\PHPTutorial\WWW\oil\framework_php7\web\CWebApplication.php:286
Stack trace:
#0 E:\phpStudy\PHPTutorial\WWW\oil\framework_php7\web\CWebApplication.php(141): CWebApplication->runController('plugins/dataTab...')
#1 E:\phpStudy\PHPTutorial\WWW\oil\framework_php7\base\CApplication.php(186): CWebApplication->processRequest()
#2 E:\phpStudy\PHPTutorial\WWW\oil\oil_retail\index.php(17): CApplication->run()
#3 {main}
REQUEST_URI=/plugins/dataTables/datatables.min.js
HTTP_REFERER=http://oil_retail.com/site/login
---
2018/09/13 10:16:41 [error] [exception.CHttpException.404] CHttpException: 无法解析请求 "plugins/dataTables/datatables.min.css"。 in E:\phpStudy\PHPTutorial\WWW\oil\framework_php7\web\CWebApplication.php:286
Stack trace:
#0 E:\phpStudy\PHPTutorial\WWW\oil\framework_php7\web\CWebApplication.php(141): CWebApplication->runController('plugins/dataTab...')
#1 E:\phpStudy\PHPTutorial\WWW\oil\framework_php7\base\CApplication.php(186): CWebApplication->processRequest()
#2 E:\phpStudy\PHPTutorial\WWW\oil\oil_retail\index.php(17): CApplication->run()
#3 {main}
REQUEST_URI=/plugins/dataTables/datatables.min.css
HTTP_REFERER=http://oil_retail.com/site/login
---
2018/09/13 10:16:59 [error] [exception.Error] Error: Call to undefined method ddd\Infrastructure\error\ZException::getErrors() in E:\phpStudy\PHPTutorial\WWW\oil\oil_retail\protected\modules\webAPI\controllers\VehicleQuotaLimitController.php:238
Stack trace:
#0 E:\phpStudy\PHPTutorial\WWW\oil\framework_php7\web\actions\CInlineAction.php(49): VehicleQuotaLimitController->actionAdd()
#1 E:\phpStudy\PHPTutorial\WWW\oil\framework_php7\web\CController.php(308): CInlineAction->runWithParams(Array)
#2 E:\phpStudy\PHPTutorial\WWW\oil\framework_php7\web\filters\CFilterChain.php(134): CController->runAction(Object(CInlineAction))
#3 E:\phpStudy\PHPTutorial\WWW\oil\framework_php7\web\filters\CFilter.php(40): CFilterChain->run()
#4 E:\phpStudy\PHPTutorial\WWW\oil\framework_php7\web\CController.php(1148): CFilter->filter(Object(CFilterChain))
#5 E:\phpStudy\PHPTutorial\WWW\oil\framework_php7\web\filters\CInlineFilter.php(58): CController->filterAccessControl(Object(CFilterChain))
#6 E:\phpStudy\PHPTutorial\WWW\oil\framework_php7\web\filters\CFilterChain.php(131): CInlineFilter->filter(Object(CFilterChain))
#7 E:\phpStudy\PHPTutorial\WWW\oil\framework_php7\web\CController.php(291): CFilterChain->run()
#8 E:\phpStudy\PHPTutorial\WWW\oil\framework_php7\web\CController.php(265): CController->runActionWithFilters(Object(CInlineAction), Array)
#9 E:\phpStudy\PHPTutorial\WWW\oil\framework_php7\web\CWebApplication.php(282): CController->run('add')
#10 E:\phpStudy\PHPTutorial\WWW\oil\framework_php7\web\CWebApplication.php(141): CWebApplication->runController('webAPI/VehicleQ...')
#11 E:\phpStudy\PHPTutorial\WWW\oil\framework_php7\base\CApplication.php(186): CWebApplication->processRequest()
#12 E:\phpStudy\PHPTutorial\WWW\oil\oil_retail\index.php(17): CApplication->run()
#13 {main}
REQUEST_URI=/webAPI/VehicleQuotaLimit/add?rate=110
HTTP_REFERER=http://oil_retail.com/site/login
---
2018/09/13 10:28:32 [error] [exception.Error] Error: Call to undefined method ddd\Infrastructure\error\ZException::getErrors() in E:\phpStudy\PHPTutorial\WWW\oil\oil_retail\protected\modules\webAPI\controllers\VehicleQuotaLimitController.php:238
Stack trace:
#0 E:\phpStudy\PHPTutorial\WWW\oil\framework_php7\web\actions\CInlineAction.php(49): VehicleQuotaLimitController->actionAdd()
#1 E:\phpStudy\PHPTutorial\WWW\oil\framework_php7\web\CController.php(308): CInlineAction->runWithParams(Array)
#2 E:\phpStudy\PHPTutorial\WWW\oil\framework_php7\web\filters\CFilterChain.php(134): CController->runAction(Object(CInlineAction))
#3 E:\phpStudy\PHPTutorial\WWW\oil\framework_php7\web\filters\CFilter.php(40): CFilterChain->run()
#4 E:\phpStudy\PHPTutorial\WWW\oil\framework_php7\web\CController.php(1148): CFilter->filter(Object(CFilterChain))
#5 E:\phpStudy\PHPTutorial\WWW\oil\framework_php7\web\filters\CInlineFilter.php(58): CController->filterAccessControl(Object(CFilterChain))
#6 E:\phpStudy\PHPTutorial\WWW\oil\framework_php7\web\filters\CFilterChain.php(131): CInlineFilter->filter(Object(CFilterChain))
#7 E:\phpStudy\PHPTutorial\WWW\oil\framework_php7\web\CController.php(291): CFilterChain->run()
#8 E:\phpStudy\PHPTutorial\WWW\oil\framework_php7\web\CController.php(265): CController->runActionWithFilters(Object(CInlineAction), Array)
#9 E:\phpStudy\PHPTutorial\WWW\oil\framework_php7\web\CWebApplication.php(282): CController->run('add')
#10 E:\phpStudy\PHPTutorial\WWW\oil\framework_php7\web\CWebApplication.php(141): CWebApplication->runController('webAPI/VehicleQ...')
#11 E:\phpStudy\PHPTutorial\WWW\oil\framework_php7\base\CApplication.php(186): CWebApplication->processRequest()
#12 E:\phpStudy\PHPTutorial\WWW\oil\oil_retail\index.php(17): CApplication->run()
#13 {main}
REQUEST_URI=/webAPI/VehicleQuotaLimit/add?rate=110
HTTP_REFERER=http://oil_retail.com/site/login
---
2018/09/13 10:28:43 [error] [exception.Error] Error: Call to undefined method ddd\Infrastructure\error\ZException::getErrors() in E:\phpStudy\PHPTutorial\WWW\oil\oil_retail\protected\modules\webAPI\controllers\VehicleQuotaLimitController.php:238
Stack trace:
#0 E:\phpStudy\PHPTutorial\WWW\oil\framework_php7\web\actions\CInlineAction.php(49): VehicleQuotaLimitController->actionAdd()
#1 E:\phpStudy\PHPTutorial\WWW\oil\framework_php7\web\CController.php(308): CInlineAction->runWithParams(Array)
#2 E:\phpStudy\PHPTutorial\WWW\oil\framework_php7\web\filters\CFilterChain.php(134): CController->runAction(Object(CInlineAction))
#3 E:\phpStudy\PHPTutorial\WWW\oil\framework_php7\web\filters\CFilter.php(40): CFilterChain->run()
#4 E:\phpStudy\PHPTutorial\WWW\oil\framework_php7\web\CController.php(1148): CFilter->filter(Object(CFilterChain))
#5 E:\phpStudy\PHPTutorial\WWW\oil\framework_php7\web\filters\CInlineFilter.php(58): CController->filterAccessControl(Object(CFilterChain))
#6 E:\phpStudy\PHPTutorial\WWW\oil\framework_php7\web\filters\CFilterChain.php(131): CInlineFilter->filter(Object(CFilterChain))
#7 E:\phpStudy\PHPTutorial\WWW\oil\framework_php7\web\CController.php(291): CFilterChain->run()
#8 E:\phpStudy\PHPTutorial\WWW\oil\framework_php7\web\CController.php(265): CController->runActionWithFilters(Object(CInlineAction), Array)
#9 E:\phpStudy\PHPTutorial\WWW\oil\framework_php7\web\CWebApplication.php(282): CController->run('add')
#10 E:\phpStudy\PHPTutorial\WWW\oil\framework_php7\web\CWebApplication.php(141): CWebApplication->runController('webAPI/VehicleQ...')
#11 E:\phpStudy\PHPTutorial\WWW\oil\framework_php7\base\CApplication.php(186): CWebApplication->processRequest()
#12 E:\phpStudy\PHPTutorial\WWW\oil\oil_retail\index.php(17): CApplication->run()
#13 {main}
REQUEST_URI=/webAPI/VehicleQuotaLimit/add?rate=110
HTTP_REFERER=http://oil_retail.com/site/login
---
2018/09/13 10:28:44 [error] [exception.Error] Error: Call to undefined method ddd\Infrastructure\error\ZException::getErrors() in E:\phpStudy\PHPTutorial\WWW\oil\oil_retail\protected\modules\webAPI\controllers\VehicleQuotaLimitController.php:238
Stack trace:
#0 E:\phpStudy\PHPTutorial\WWW\oil\framework_php7\web\actions\CInlineAction.php(49): VehicleQuotaLimitController->actionAdd()
#1 E:\phpStudy\PHPTutorial\WWW\oil\framework_php7\web\CController.php(308): CInlineAction->runWithParams(Array)
#2 E:\phpStudy\PHPTutorial\WWW\oil\framework_php7\web\filters\CFilterChain.php(134): CController->runAction(Object(CInlineAction))
#3 E:\phpStudy\PHPTutorial\WWW\oil\framework_php7\web\filters\CFilter.php(40): CFilterChain->run()
#4 E:\phpStudy\PHPTutorial\WWW\oil\framework_php7\web\CController.php(1148): CFilter->filter(Object(CFilterChain))
#5 E:\phpStudy\PHPTutorial\WWW\oil\framework_php7\web\filters\CInlineFilter.php(58): CController->filterAccessControl(Object(CFilterChain))
#6 E:\phpStudy\PHPTutorial\WWW\oil\framework_php7\web\filters\CFilterChain.php(131): CInlineFilter->filter(Object(CFilterChain))
#7 E:\phpStudy\PHPTutorial\WWW\oil\framework_php7\web\CController.php(291): CFilterChain->run()
#8 E:\phpStudy\PHPTutorial\WWW\oil\framework_php7\web\CController.php(265): CController->runActionWithFilters(Object(CInlineAction), Array)
#9 E:\phpStudy\PHPTutorial\WWW\oil\framework_php7\web\CWebApplication.php(282): CController->run('add')
#10 E:\phpStudy\PHPTutorial\WWW\oil\framework_php7\web\CWebApplication.php(141): CWebApplication->runController('webAPI/VehicleQ...')
#11 E:\phpStudy\PHPTutorial\WWW\oil\framework_php7\base\CApplication.php(186): CWebApplication->processRequest()
#12 E:\phpStudy\PHPTutorial\WWW\oil\oil_retail\index.php(17): CApplication->run()
#13 {main}
REQUEST_URI=/webAPI/VehicleQuotaLimit/add?rate=110
HTTP_REFERER=http://oil_retail.com/site/login
---
2018/09/13 10:28:44 [error] [exception.Error] Error: Call to undefined method ddd\Infrastructure\error\ZException::getErrors() in E:\phpStudy\PHPTutorial\WWW\oil\oil_retail\protected\modules\webAPI\controllers\VehicleQuotaLimitController.php:238
Stack trace:
#0 E:\phpStudy\PHPTutorial\WWW\oil\framework_php7\web\actions\CInlineAction.php(49): VehicleQuotaLimitController->actionAdd()
#1 E:\phpStudy\PHPTutorial\WWW\oil\framework_php7\web\CController.php(308): CInlineAction->runWithParams(Array)
#2 E:\phpStudy\PHPTutorial\WWW\oil\framework_php7\web\filters\CFilterChain.php(134): CController->runAction(Object(CInlineAction))
#3 E:\phpStudy\PHPTutorial\WWW\oil\framework_php7\web\filters\CFilter.php(40): CFilterChain->run()
#4 E:\phpStudy\PHPTutorial\WWW\oil\framework_php7\web\CController.php(1148): CFilter->filter(Object(CFilterChain))
#5 E:\phpStudy\PHPTutorial\WWW\oil\framework_php7\web\filters\CInlineFilter.php(58): CController->filterAccessControl(Object(CFilterChain))
#6 E:\phpStudy\PHPTutorial\WWW\oil\framework_php7\web\filters\CFilterChain.php(131): CInlineFilter->filter(Object(CFilterChain))
#7 E:\phpStudy\PHPTutorial\WWW\oil\framework_php7\web\CController.php(291): CFilterChain->run()
#8 E:\phpStudy\PHPTutorial\WWW\oil\framework_php7\web\CController.php(265): CController->runActionWithFilters(Object(CInlineAction), Array)
#9 E:\phpStudy\PHPTutorial\WWW\oil\framework_php7\web\CWebApplication.php(282): CController->run('add')
#10 E:\phpStudy\PHPTutorial\WWW\oil\framework_php7\web\CWebApplication.php(141): CWebApplication->runController('webAPI/VehicleQ...')
#11 E:\phpStudy\PHPTutorial\WWW\oil\framework_php7\base\CApplication.php(186): CWebApplication->processRequest()
#12 E:\phpStudy\PHPTutorial\WWW\oil\oil_retail\index.php(17): CApplication->run()
#13 {main}
REQUEST_URI=/webAPI/VehicleQuotaLimit/add?rate=110
HTTP_REFERER=http://oil_retail.com/site/login
---
2018/09/13 10:31:03 [error] [exception.Error] Error: Call to undefined method ddd\Infrastructure\error\ZException::getErrors() in E:\phpStudy\PHPTutorial\WWW\oil\oil_retail\protected\modules\webAPI\controllers\VehicleQuotaLimitController.php:238
Stack trace:
#0 E:\phpStudy\PHPTutorial\WWW\oil\framework_php7\web\actions\CInlineAction.php(49): VehicleQuotaLimitController->actionAdd()
#1 E:\phpStudy\PHPTutorial\WWW\oil\framework_php7\web\CController.php(308): CInlineAction->runWithParams(Array)
#2 E:\phpStudy\PHPTutorial\WWW\oil\framework_php7\web\filters\CFilterChain.php(134): CController->runAction(Object(CInlineAction))
#3 E:\phpStudy\PHPTutorial\WWW\oil\framework_php7\web\filters\CFilter.php(40): CFilterChain->run()
#4 E:\phpStudy\PHPTutorial\WWW\oil\framework_php7\web\CController.php(1148): CFilter->filter(Object(CFilterChain))
#5 E:\phpStudy\PHPTutorial\WWW\oil\framework_php7\web\filters\CInlineFilter.php(58): CController->filterAccessControl(Object(CFilterChain))
#6 E:\phpStudy\PHPTutorial\WWW\oil\framework_php7\web\filters\CFilterChain.php(131): CInlineFilter->filter(Object(CFilterChain))
#7 E:\phpStudy\PHPTutorial\WWW\oil\framework_php7\web\CController.php(291): CFilterChain->run()
#8 E:\phpStudy\PHPTutorial\WWW\oil\framework_php7\web\CController.php(265): CController->runActionWithFilters(Object(CInlineAction), Array)
#9 E:\phpStudy\PHPTutorial\WWW\oil\framework_php7\web\CWebApplication.php(282): CController->run('add')
#10 E:\phpStudy\PHPTutorial\WWW\oil\framework_php7\web\CWebApplication.php(141): CWebApplication->runController('webAPI/VehicleQ...')
#11 E:\phpStudy\PHPTutorial\WWW\oil\framework_php7\base\CApplication.php(186): CWebApplication->processRequest()
#12 E:\phpStudy\PHPTutorial\WWW\oil\oil_retail\index.php(17): CApplication->run()
#13 {main}
REQUEST_URI=/webAPI/VehicleQuotaLimit/add?rate=110
HTTP_REFERER=http://oil_retail.com/site/login
---
2018/09/13 10:32:40 [error] [exception.Error] Error: Call to undefined method ddd\Infrastructure\error\ZException::getErrors() in E:\phpStudy\PHPTutorial\WWW\oil\oil_retail\protected\modules\webAPI\controllers\VehicleQuotaLimitController.php:238
Stack trace:
#0 E:\phpStudy\PHPTutorial\WWW\oil\framework_php7\web\actions\CInlineAction.php(49): VehicleQuotaLimitController->actionAdd()
#1 E:\phpStudy\PHPTutorial\WWW\oil\framework_php7\web\CController.php(308): CInlineAction->runWithParams(Array)
#2 E:\phpStudy\PHPTutorial\WWW\oil\framework_php7\web\filters\CFilterChain.php(134): CController->runAction(Object(CInlineAction))
#3 E:\phpStudy\PHPTutorial\WWW\oil\framework_php7\web\filters\CFilter.php(40): CFilterChain->run()
#4 E:\phpStudy\PHPTutorial\WWW\oil\framework_php7\web\CController.php(1148): CFilter->filter(Object(CFilterChain))
#5 E:\phpStudy\PHPTutorial\WWW\oil\framework_php7\web\filters\CInlineFilter.php(58): CController->filterAccessControl(Object(CFilterChain))
#6 E:\phpStudy\PHPTutorial\WWW\oil\framework_php7\web\filters\CFilterChain.php(131): CInlineFilter->filter(Object(CFilterChain))
#7 E:\phpStudy\PHPTutorial\WWW\oil\framework_php7\web\CController.php(291): CFilterChain->run()
#8 E:\phpStudy\PHPTutorial\WWW\oil\framework_php7\web\CController.php(265): CController->runActionWithFilters(Object(CInlineAction), Array)
#9 E:\phpStudy\PHPTutorial\WWW\oil\framework_php7\web\CWebApplication.php(282): CController->run('add')
#10 E:\phpStudy\PHPTutorial\WWW\oil\framework_php7\web\CWebApplication.php(141): CWebApplication->runController('webAPI/VehicleQ...')
#11 E:\phpStudy\PHPTutorial\WWW\oil\framework_php7\base\CApplication.php(186): CWebApplication->processRequest()
#12 E:\phpStudy\PHPTutorial\WWW\oil\oil_retail\index.php(17): CApplication->run()
#13 {main}
REQUEST_URI=/webAPI/VehicleQuotaLimit/add?rate=110
HTTP_REFERER=http://oil_retail.com/site/login
---
2018/09/13 10:37:46 [error] [php] array_key_exists() expects parameter 2 to be array, string given (E:\phpStudy\PHPTutorial\WWW\oil\oil_retail\protected\components\TemplateUtil.php:59)
Stack trace:
#0 E:\phpStudy\PHPTutorial\WWW\oil\oil_retail\protected\modules\webAPI\controllers\VehicleQuotaLimitController.php(240): outputError()
#1 E:\phpStudy\PHPTutorial\WWW\oil\framework_php7\web\actions\CInlineAction.php(49): VehicleQuotaLimitController->actionAdd()
#2 E:\phpStudy\PHPTutorial\WWW\oil\framework_php7\web\CController.php(308): CInlineAction->runWithParams()
#3 E:\phpStudy\PHPTutorial\WWW\oil\framework_php7\web\filters\CFilterChain.php(134): VehicleQuotaLimitController->runAction()
#4 E:\phpStudy\PHPTutorial\WWW\oil\framework_php7\web\filters\CFilter.php(40): CFilterChain->run()
#5 E:\phpStudy\PHPTutorial\WWW\oil\framework_php7\web\CController.php(1148): CAccessControlFilter->filter()
#6 E:\phpStudy\PHPTutorial\WWW\oil\framework_php7\web\filters\CInlineFilter.php(58): VehicleQuotaLimitController->filterAccessControl()
#7 E:\phpStudy\PHPTutorial\WWW\oil\framework_php7\web\filters\CFilterChain.php(131): CInlineFilter->filter()
#8 E:\phpStudy\PHPTutorial\WWW\oil\framework_php7\web\CController.php(291): CFilterChain->run()
#9 E:\phpStudy\PHPTutorial\WWW\oil\framework_php7\web\CController.php(265): VehicleQuotaLimitController->runActionWithFilters()
#10 E:\phpStudy\PHPTutorial\WWW\oil\framework_php7\web\CWebApplication.php(282): VehicleQuotaLimitController->run()
#11 E:\phpStudy\PHPTutorial\WWW\oil\framework_php7\web\CWebApplication.php(141): CWebApplication->runController()
#12 E:\phpStudy\PHPTutorial\WWW\oil\framework_php7\base\CApplication.php(186): CWebApplication->processRequest()
#13 E:\phpStudy\PHPTutorial\WWW\oil\oil_retail\index.php(17): CWebApplication->run()
REQUEST_URI=/webAPI/VehicleQuotaLimit/add?rate=110
in E:\phpStudy\PHPTutorial\WWW\oil\oil_retail\protected\components\TemplateUtil.php (59)
in E:\phpStudy\PHPTutorial\WWW\oil\oil_retail\protected\components\BusinessError.php (23)
in E:\phpStudy\PHPTutorial\WWW\oil\oil_retail\protected\modules\webAPI\controllers\VehicleQuotaLimitController.php (240)
2018/09/13 10:37:48 [error] [php] array_key_exists() expects parameter 2 to be array, string given (E:\phpStudy\PHPTutorial\WWW\oil\oil_retail\protected\components\TemplateUtil.php:59)
Stack trace:
#0 E:\phpStudy\PHPTutorial\WWW\oil\oil_retail\protected\modules\webAPI\controllers\VehicleQuotaLimitController.php(240): outputError()
#1 E:\phpStudy\PHPTutorial\WWW\oil\framework_php7\web\actions\CInlineAction.php(49): VehicleQuotaLimitController->actionAdd()
#2 E:\phpStudy\PHPTutorial\WWW\oil\framework_php7\web\CController.php(308): CInlineAction->runWithParams()
#3 E:\phpStudy\PHPTutorial\WWW\oil\framework_php7\web\filters\CFilterChain.php(134): VehicleQuotaLimitController->runAction()
#4 E:\phpStudy\PHPTutorial\WWW\oil\framework_php7\web\filters\CFilter.php(40): CFilterChain->run()
#5 E:\phpStudy\PHPTutorial\WWW\oil\framework_php7\web\CController.php(1148): CAccessControlFilter->filter()
#6 E:\phpStudy\PHPTutorial\WWW\oil\framework_php7\web\filters\CInlineFilter.php(58): VehicleQuotaLimitController->filterAccessControl()
#7 E:\phpStudy\PHPTutorial\WWW\oil\framework_php7\web\filters\CFilterChain.php(131): CInlineFilter->filter()
#8 E:\phpStudy\PHPTutorial\WWW\oil\framework_php7\web\CController.php(291): CFilterChain->run()
#9 E:\phpStudy\PHPTutorial\WWW\oil\framework_php7\web\CController.php(265): VehicleQuotaLimitController->runActionWithFilters()
#10 E:\phpStudy\PHPTutorial\WWW\oil\framework_php7\web\CWebApplication.php(282): VehicleQuotaLimitController->run()
#11 E:\phpStudy\PHPTutorial\WWW\oil\framework_php7\web\CWebApplication.php(141): CWebApplication->runController()
#12 E:\phpStudy\PHPTutorial\WWW\oil\framework_php7\base\CApplication.php(186): CWebApplication->processRequest()
#13 E:\phpStudy\PHPTutorial\WWW\oil\oil_retail\index.php(17): CWebApplication->run()
REQUEST_URI=/webAPI/VehicleQuotaLimit/add?rate=110
in E:\phpStudy\PHPTutorial\WWW\oil\oil_retail\protected\components\TemplateUtil.php (59)
in E:\phpStudy\PHPTutorial\WWW\oil\oil_retail\protected\components\BusinessError.php (23)
in E:\phpStudy\PHPTutorial\WWW\oil\oil_retail\protected\modules\webAPI\controllers\VehicleQuotaLimitController.php (240)
2018/09/13 11:00:05 [error] [exception.ParseError] ParseError: syntax error, unexpected '$datum' (T_VARIABLE), expecting function (T_FUNCTION) or const (T_CONST) in E:\phpStudy\PHPTutorial\WWW\oil\oil_retail\protected\modules\webAPI\controllers\LogisticsQuotaController.php:162
Stack trace:
#0 E:\phpStudy\PHPTutorial\WWW\oil\framework_php7\web\CWebApplication.php(338): CWebApplication->createController('list/', Object(WebAPIModule))
#1 E:\phpStudy\PHPTutorial\WWW\oil\framework_php7\web\CWebApplication.php(276): CWebApplication->createController('logisticsQuota/...')
#2 E:\phpStudy\PHPTutorial\WWW\oil\framework_php7\web\CWebApplication.php(141): CWebApplication->runController('webAPI/logistic...')
#3 E:\phpStudy\PHPTutorial\WWW\oil\framework_php7\base\CApplication.php(186): CWebApplication->processRequest()
#4 E:\phpStudy\PHPTutorial\WWW\oil\oil_retail\index.php(17): CApplication->run()
#5 {main}
REQUEST_URI=/webAPI/logisticsQuota/list
---
2018/09/13 11:00:35 [error] [exception.ParseError] ParseError: syntax error, unexpected '$datum' (T_VARIABLE), expecting function (T_FUNCTION) or const (T_CONST) in E:\phpStudy\PHPTutorial\WWW\oil\oil_retail\protected\modules\webAPI\controllers\LogisticsQuotaController.php:162
Stack trace:
#0 E:\phpStudy\PHPTutorial\WWW\oil\framework_php7\web\CWebApplication.php(338): CWebApplication->createController('list/', Object(WebAPIModule))
#1 E:\phpStudy\PHPTutorial\WWW\oil\framework_php7\web\CWebApplication.php(276): CWebApplication->createController('logisticsQuota/...')
#2 E:\phpStudy\PHPTutorial\WWW\oil\framework_php7\web\CWebApplication.php(141): CWebApplication->runController('webAPI/logistic...')
#3 E:\phpStudy\PHPTutorial\WWW\oil\framework_php7\base\CApplication.php(186): CWebApplication->processRequest()
#4 E:\phpStudy\PHPTutorial\WWW\oil\oil_retail\index.php(17): CApplication->run()
#5 {main}
REQUEST_URI=/webAPI/logisticsQuota/list
---
2018/09/13 11:00:54 [error] [exception.ParseError] ParseError: syntax error, unexpected '$datum' (T_VARIABLE), expecting function (T_FUNCTION) or const (T_CONST) in E:\phpStudy\PHPTutorial\WWW\oil\oil_retail\protected\modules\webAPI\controllers\LogisticsQuotaController.php:162
Stack trace:
#0 E:\phpStudy\PHPTutorial\WWW\oil\framework_php7\web\CWebApplication.php(338): CWebApplication->createController('list/', Object(WebAPIModule))
#1 E:\phpStudy\PHPTutorial\WWW\oil\framework_php7\web\CWebApplication.php(276): CWebApplication->createController('logisticsQuota/...')
#2 E:\phpStudy\PHPTutorial\WWW\oil\framework_php7\web\CWebApplication.php(141): CWebApplication->runController('webAPI/logistic...')
#3 E:\phpStudy\PHPTutorial\WWW\oil\framework_php7\base\CApplication.php(186): CWebApplication->processRequest()
#4 E:\phpStudy\PHPTutorial\WWW\oil\oil_retail\index.php(17): CApplication->run()
#5 {main}
REQUEST_URI=/webAPI/logisticsQuota/list
---
2018/09/13 11:00:55 [error] [exception.ParseError] ParseError: syntax error, unexpected '$datum' (T_VARIABLE), expecting function (T_FUNCTION) or const (T_CONST) in E:\phpStudy\PHPTutorial\WWW\oil\oil_retail\protected\modules\webAPI\controllers\LogisticsQuotaController.php:162
Stack trace:
#0 E:\phpStudy\PHPTutorial\WWW\oil\framework_php7\web\CWebApplication.php(338): CWebApplication->createController('list/', Object(WebAPIModule))
#1 E:\phpStudy\PHPTutorial\WWW\oil\framework_php7\web\CWebApplication.php(276): CWebApplication->createController('logisticsQuota/...')
#2 E:\phpStudy\PHPTutorial\WWW\oil\framework_php7\web\CWebApplication.php(141): CWebApplication->runController('webAPI/logistic...')
#3 E:\phpStudy\PHPTutorial\WWW\oil\framework_php7\base\CApplication.php(186): CWebApplication->processRequest()
#4 E:\phpStudy\PHPTutorial\WWW\oil\oil_retail\index.php(17): CApplication->run()
#5 {main}
REQUEST_URI=/webAPI/logisticsQuota/list
---
2018/09/13 11:00:55 [error] [exception.ParseError] ParseError: syntax error, unexpected '$datum' (T_VARIABLE), expecting function (T_FUNCTION) or const (T_CONST) in E:\phpStudy\PHPTutorial\WWW\oil\oil_retail\protected\modules\webAPI\controllers\LogisticsQuotaController.php:162
Stack trace:
#0 E:\phpStudy\PHPTutorial\WWW\oil\framework_php7\web\CWebApplication.php(338): CWebApplication->createController('list/', Object(WebAPIModule))
#1 E:\phpStudy\PHPTutorial\WWW\oil\framework_php7\web\CWebApplication.php(276): CWebApplication->createController('logisticsQuota/...')
#2 E:\phpStudy\PHPTutorial\WWW\oil\framework_php7\web\CWebApplication.php(141): CWebApplication->runController('webAPI/logistic...')
#3 E:\phpStudy\PHPTutorial\WWW\oil\framework_php7\base\CApplication.php(186): CWebApplication->processRequest()
#4 E:\phpStudy\PHPTutorial\WWW\oil\oil_retail\index.php(17): CApplication->run()
#5 {main}
REQUEST_URI=/webAPI/logisticsQuota/list
---
2018/09/13 11:01:23 [error] [exception.ParseError] ParseError: syntax error, unexpected '$datum' (T_VARIABLE), expecting function (T_FUNCTION) or const (T_CONST) in E:\phpStudy\PHPTutorial\WWW\oil\oil_retail\protected\modules\webAPI\controllers\LogisticsQuotaController.php:162
Stack trace:
#0 E:\phpStudy\PHPTutorial\WWW\oil\framework_php7\web\CWebApplication.php(338): CWebApplication->createController('list/', Object(WebAPIModule))
#1 E:\phpStudy\PHPTutorial\WWW\oil\framework_php7\web\CWebApplication.php(276): CWebApplication->createController('logisticsQuota/...')
#2 E:\phpStudy\PHPTutorial\WWW\oil\framework_php7\web\CWebApplication.php(141): CWebApplication->runController('webAPI/logistic...')
#3 E:\phpStudy\PHPTutorial\WWW\oil\framework_php7\base\CApplication.php(186): CWebApplication->processRequest()
#4 E:\phpStudy\PHPTutorial\WWW\oil\oil_retail\index.php(17): CApplication->run()
#5 {main}
REQUEST_URI=/webAPI/logisticsQuota/list
---
2018/09/13 11:02:16 [error] [system.db.CDbCommand] CDbCommand::() failed: SQLSTATE[42000]: Syntax error or access violation: 1064 You have an error in your SQL syntax; check the manual that corresponds to your MySQL server version for the right syntax to use near '\'date\' and end_date>\'date\' order by id desc limit 1)start_date

          ' at line 4. The SQL statement executed was: SELECT  a.id,a.logistics_id,b.name logistics_name,a.status,
                   a.credit_quota,(a.credit_quota-a.frozen_quota-a.used_quota) available_quota,
                   (select rate from t_logistics_quota_limit limit 1)rate,
                   (select start_date from t_logistics_credit_quota where logistics_id=a.logistics_id and start_date<=\'date\' and end_date>\'date\' order by id desc limit 1)start_date

                  
                FROM t_logistics_quota a
                     left join t_logistics_company b on a.logistics_id = b.logistics_id

                 where 1=1 ORDER BY a.id DESC limit 0,10.
in E:\phpStudy\PHPTutorial\WWW\oil\oil_retail\protected\components\DbUtility.php (69)
in E:\phpStudy\PHPTutorial\WWW\oil\oil_retail\protected\components\Utility.php (60)
in E:\phpStudy\PHPTutorial\WWW\oil\oil_retail\protected\components\DbUtility.php (360)
2018/09/13 11:02:16 [error] [exception.CDbException] CDbException: CDbCommand 无法执行 SQL 语句: SQLSTATE[42000]: Syntax error or access violation: 1064 You have an error in your SQL syntax; check the manual that corresponds to your MySQL server version for the right syntax to use near '\'date\' and end_date>\'date\' order by id desc limit 1)start_date

          ' at line 4. The SQL statement executed was: SELECT  a.id,a.logistics_id,b.name logistics_name,a.status,
                   a.credit_quota,(a.credit_quota-a.frozen_quota-a.used_quota) available_quota,
                   (select rate from t_logistics_quota_limit limit 1)rate,
                   (select start_date from t_logistics_credit_quota where logistics_id=a.logistics_id and start_date<=\'date\' and end_date>\'date\' order by id desc limit 1)start_date

                  
                FROM t_logistics_quota a
                     left join t_logistics_company b on a.logistics_id = b.logistics_id

                 where 1=1 ORDER BY a.id DESC limit 0,10 in E:\phpStudy\PHPTutorial\WWW\oil\framework_php7\db\CDbCommand.php:580
Stack trace:
#0 E:\phpStudy\PHPTutorial\WWW\oil\framework_php7\db\CDbCommand.php(414): CDbCommand->queryInternal('', 0, Array)
#1 E:\phpStudy\PHPTutorial\WWW\oil\oil_retail\protected\components\DbUtility.php(69): CDbCommand->query(Array)
#2 E:\phpStudy\PHPTutorial\WWW\oil\oil_retail\protected\components\Utility.php(60): DbUtility::query('SELECT  a.id,a....', 0, Array)
#3 E:\phpStudy\PHPTutorial\WWW\oil\oil_retail\protected\components\DbUtility.php(360): Utility::query('SELECT  a.id,a....', 0)
#4 E:\phpStudy\PHPTutorial\WWW\oil\oil_retail\protected\components\Controller.php(371): DbUtility::getTableData('SELECT  {col}\r\n...', 'a.id,a.logistic...', 1, 10, '2', 0)
#5 E:\phpStudy\PHPTutorial\WWW\oil\oil_retail\protected\modules\webAPI\controllers\LogisticsQuotaController.php(97): Controller->getPageData('SELECT  {col}\r\n...', 'a.id,a.logistic...')
#6 E:\phpStudy\PHPTutorial\WWW\oil\framework_php7\web\actions\CInlineAction.php(49): LogisticsQuotaController->actionList()
#7 E:\phpStudy\PHPTutorial\WWW\oil\framework_php7\web\CController.php(308): CInlineAction->runWithParams(Array)
#8 E:\phpStudy\PHPTutorial\WWW\oil\framework_php7\web\filters\CFilterChain.php(134): CController->runAction(Object(CInlineAction))
#9 E:\phpStudy\PHPTutorial\WWW\oil\framework_php7\web\filters\CFilter.php(40): CFilterChain->run()
#10 E:\phpStudy\PHPTutorial\WWW\oil\framework_php7\web\CController.php(1148): CFilter->filter(Object(CFilterChain))
#11 E:\phpStudy\PHPTutorial\WWW\oil\framework_php7\web\filters\CInlineFilter.php(58): CController->filterAccessControl(Object(CFilterChain))
#12 E:\phpStudy\PHPTutorial\WWW\oil\framework_php7\web\filters\CFilterChain.php(131): CInlineFilter->filter(Object(CFilterChain))
#13 E:\phpStudy\PHPTutorial\WWW\oil\framework_php7\web\CController.php(291): CFilterChain->run()
#14 E:\phpStudy\PHPTutorial\WWW\oil\framework_php7\web\CController.php(265): CController->runActionWithFilters(Object(CInlineAction), Array)
#15 E:\phpStudy\PHPTutorial\WWW\oil\framework_php7\web\CWebApplication.php(282): CController->run('list')
#16 E:\phpStudy\PHPTutorial\WWW\oil\framework_php7\web\CWebApplication.php(141): CWebApplication->runController('webAPI/logistic...')
#17 E:\phpStudy\PHPTutorial\WWW\oil\framework_php7\base\CApplication.php(186): CWebApplication->processRequest()
#18 E:\phpStudy\PHPTutorial\WWW\oil\oil_retail\index.php(17): CApplication->run()
#19 {main}
REQUEST_URI=/webAPI/logisticsQuota/list
---
2018/09/13 11:09:58 [error] [system.db.CDbCommand] CDbCommand::() failed: SQLSTATE[42000]: Syntax error or access violation: 1583 Incorrect parameters in the call to native function 'ifNull'. The SQL statement executed was: SELECT  a.id,a.logistics_id,b.name logistics_name,a.status,
                   a.credit_quota,(a.credit_quota-a.frozen_quota-a.used_quota) available_quota,
                   (select rate from t_logistics_quota_limit limit 1)rate,
                   (select start_date from t_logistics_credit_quota where logistics_id=a.logistics_id and start_date<='date' and end_date>'date' order by id desc limit 1)start_date,
                   (select end_date from t_logistics_credit_quota where logistics_id=a.logistics_id and start_date<='date' and end_date>'date' order by id desc limit 1)end_date,
                   ifNull((select (frozen_quota+used_quota)  from t_logistics_daily_quota where logistics_id=a.logistics_id and current_date='date' order by id desc limit 1)daily_used_quota,0)


                  
                FROM t_logistics_quota a
                     left join t_logistics_company b on a.logistics_id = b.logistics_id

                 where 1=1 ORDER BY a.id DESC limit 0,10.
in E:\phpStudy\PHPTutorial\WWW\oil\oil_retail\protected\components\DbUtility.php (69)
in E:\phpStudy\PHPTutorial\WWW\oil\oil_retail\protected\components\Utility.php (60)
in E:\phpStudy\PHPTutorial\WWW\oil\oil_retail\protected\components\DbUtility.php (360)
2018/09/13 11:09:58 [error] [exception.CDbException] CDbException: CDbCommand 无法执行 SQL 语句: SQLSTATE[42000]: Syntax error or access violation: 1583 Incorrect parameters in the call to native function 'ifNull'. The SQL statement executed was: SELECT  a.id,a.logistics_id,b.name logistics_name,a.status,
                   a.credit_quota,(a.credit_quota-a.frozen_quota-a.used_quota) available_quota,
                   (select rate from t_logistics_quota_limit limit 1)rate,
                   (select start_date from t_logistics_credit_quota where logistics_id=a.logistics_id and start_date<='date' and end_date>'date' order by id desc limit 1)start_date,
                   (select end_date from t_logistics_credit_quota where logistics_id=a.logistics_id and start_date<='date' and end_date>'date' order by id desc limit 1)end_date,
                   ifNull((select (frozen_quota+used_quota)  from t_logistics_daily_quota where logistics_id=a.logistics_id and current_date='date' order by id desc limit 1)daily_used_quota,0)


                  
                FROM t_logistics_quota a
                     left join t_logistics_company b on a.logistics_id = b.logistics_id

                 where 1=1 ORDER BY a.id DESC limit 0,10 in E:\phpStudy\PHPTutorial\WWW\oil\framework_php7\db\CDbCommand.php:580
Stack trace:
#0 E:\phpStudy\PHPTutorial\WWW\oil\framework_php7\db\CDbCommand.php(414): CDbCommand->queryInternal('', 0, Array)
#1 E:\phpStudy\PHPTutorial\WWW\oil\oil_retail\protected\components\DbUtility.php(69): CDbCommand->query(Array)
#2 E:\phpStudy\PHPTutorial\WWW\oil\oil_retail\protected\components\Utility.php(60): DbUtility::query('SELECT  a.id,a....', 0, Array)
#3 E:\phpStudy\PHPTutorial\WWW\oil\oil_retail\protected\components\DbUtility.php(360): Utility::query('SELECT  a.id,a....', 0)
#4 E:\phpStudy\PHPTutorial\WWW\oil\oil_retail\protected\components\Controller.php(371): DbUtility::getTableData('SELECT  {col}\r\n...', 'a.id,a.logistic...', 1, 10, '2', 0)
#5 E:\phpStudy\PHPTutorial\WWW\oil\oil_retail\protected\modules\webAPI\controllers\LogisticsQuotaController.php(100): Controller->getPageData('SELECT  {col}\r\n...', 'a.id,a.logistic...')
#6 E:\phpStudy\PHPTutorial\WWW\oil\framework_php7\web\actions\CInlineAction.php(49): LogisticsQuotaController->actionList()
#7 E:\phpStudy\PHPTutorial\WWW\oil\framework_php7\web\CController.php(308): CInlineAction->runWithParams(Array)
#8 E:\phpStudy\PHPTutorial\WWW\oil\framework_php7\web\filters\CFilterChain.php(134): CController->runAction(Object(CInlineAction))
#9 E:\phpStudy\PHPTutorial\WWW\oil\framework_php7\web\filters\CFilter.php(40): CFilterChain->run()
#10 E:\phpStudy\PHPTutorial\WWW\oil\framework_php7\web\CController.php(1148): CFilter->filter(Object(CFilterChain))
#11 E:\phpStudy\PHPTutorial\WWW\oil\framework_php7\web\filters\CInlineFilter.php(58): CController->filterAccessControl(Object(CFilterChain))
#12 E:\phpStudy\PHPTutorial\WWW\oil\framework_php7\web\filters\CFilterChain.php(131): CInlineFilter->filter(Object(CFilterChain))
#13 E:\phpStudy\PHPTutorial\WWW\oil\framework_php7\web\CController.php(291): CFilterChain->run()
#14 E:\phpStudy\PHPTutorial\WWW\oil\framework_php7\web\CController.php(265): CController->runActionWithFilters(Object(CInlineAction), Array)
#15 E:\phpStudy\PHPTutorial\WWW\oil\framework_php7\web\CWebApplication.php(282): CController->run('list')
#16 E:\phpStudy\PHPTutorial\WWW\oil\framework_php7\web\CWebApplication.php(141): CWebApplication->runController('webAPI/logistic...')
#17 E:\phpStudy\PHPTutorial\WWW\oil\framework_php7\base\CApplication.php(186): CWebApplication->processRequest()
#18 E:\phpStudy\PHPTutorial\WWW\oil\oil_retail\index.php(17): CApplication->run()
#19 {main}
REQUEST_URI=/webAPI/logisticsQuota/list
---
2018/09/13 14:19:28 [error] [exception.ddd\Infrastructure\error\ZException] [L:48][app\ddd\Logistics\Application\Vehicle\VehicleService.getVehicle][0] Vehicle对象不存在
REQUEST_URI=/webAPI/vehicle/detail?vehicle_id=1
---
2018/09/13 14:19:36 [error] [exception.ddd\Infrastructure\error\ZException] [L:48][app\ddd\Logistics\Application\Vehicle\VehicleService.getVehicle][0] Vehicle对象不存在
REQUEST_URI=/webAPI/vehicle/detail?vehicle_id=1
---
2018/09/13 14:52:06 [error] [php] preg_match() expects parameter 2 to be string, array given (E:\phpStudy\PHPTutorial\WWW\oil\framework_php7\db\ar\CActiveRecord.php:2344)
Stack trace:
#0 E:\phpStudy\PHPTutorial\WWW\oil\framework_php7\db\ar\CActiveFinder.php(1039): CManyManyRelation->getJunctionTableName()
#1 E:\phpStudy\PHPTutorial\WWW\oil\framework_php7\db\ar\CActiveFinder.php(1320): CJoinElement->getJoinCondition()
#2 E:\phpStudy\PHPTutorial\WWW\oil\framework_php7\db\ar\CActiveFinder.php(797): CJoinQuery->join()
#3 E:\phpStudy\PHPTutorial\WWW\oil\framework_php7\db\ar\CActiveFinder.php(439): CJoinElement->buildQuery()
#4 E:\phpStudy\PHPTutorial\WWW\oil\framework_php7\db\ar\CActiveFinder.php(68): CJoinElement->find()
#5 E:\phpStudy\PHPTutorial\WWW\oil\framework_php7\db\ar\CActiveRecord.php(1366): CActiveFinder->query()
#6 E:\phpStudy\PHPTutorial\WWW\oil\framework_php7\db\ar\CActiveRecord.php(1496): Vehicle->query()
#7 E:\phpStudy\PHPTutorial\WWW\oil\oil_retail\protected\ddd\Common\Repository\EntityRepository.php(126): Vehicle->findByPk()
#8 E:\phpStudy\PHPTutorial\WWW\oil\oil_retail\protected\ddd\Logistics\Repository\VehicleRepository.php(60): ddd\Logistics\Repository\VehicleRepository->findByPk()
#9 E:\phpStudy\PHPTutorial\WWW\oil\oil_retail\protected\ddd\Logistics\Application\Vehicle\VehicleService.php(34): ddd\Logistics\Repository\VehicleRepository->findById()
#10 E:\phpStudy\PHPTutorial\WWW\oil\oil_retail\protected\modules\webAPI\controllers\VehicleController.php(163): app\ddd\Logistics\Application\Vehicle\VehicleService->getVehicle()
#11 E:\phpStudy\PHPTutorial\WWW\oil\framework_php7\web\actions\CInlineAction.php(49): VehicleController->actionDetail()
#12 E:\phpStudy\PHPTutorial\WWW\oil\framework_php7\web\CController.php(308): CInlineAction->runWithParams()
#13 E:\phpStudy\PHPTutorial\WWW\oil\framework_php7\web\filters\CFilterChain.php(134): VehicleController->runAction()
#14 E:\phpStudy\PHPTutorial\WWW\oil\framework_php7\web\filters\CFilter.php(40): CFilterChain->run()
#15 E:\phpStudy\PHPTutorial\WWW\oil\framework_php7\web\CController.php(1148): CAccessControlFilter->filter()
#16 E:\phpStudy\PHPTutorial\WWW\oil\framework_php7\web\filters\CInlineFilter.php(58): VehicleController->filterAccessControl()
#17 E:\phpStudy\PHPTutorial\WWW\oil\framework_php7\web\filters\CFilterChain.php(131): CInlineFilter->filter()
#18 E:\phpStudy\PHPTutorial\WWW\oil\framework_php7\web\CController.php(291): CFilterChain->run()
#19 E:\phpStudy\PHPTutorial\WWW\oil\framework_php7\web\CController.php(265): VehicleController->runActionWithFilters()
#20 E:\phpStudy\PHPTutorial\WWW\oil\framework_php7\web\CWebApplication.php(282): VehicleController->run()
#21 E:\phpStudy\PHPTutorial\WWW\oil\framework_php7\web\CWebApplication.php(141): CWebApplication->runController()
#22 E:\phpStudy\PHPTutorial\WWW\oil\framework_php7\base\CApplication.php(186): CWebApplication->processRequest()
#23 E:\phpStudy\PHPTutorial\WWW\oil\oil_retail\index.php(17): CWebApplication->run()
REQUEST_URI=/webAPI/vehicle/detail?vehicle_id=2
in E:\phpStudy\PHPTutorial\WWW\oil\oil_retail\protected\ddd\Common\Repository\EntityRepository.php (126)
in E:\phpStudy\PHPTutorial\WWW\oil\oil_retail\protected\ddd\Logistics\Repository\VehicleRepository.php (60)
in E:\phpStudy\PHPTutorial\WWW\oil\oil_retail\protected\ddd\Logistics\Application\Vehicle\VehicleService.php (34)
2018/09/13 14:54:24 [error] [php] Cannot modify header information - headers already sent by (output started at E:\phpStudy\PHPTutorial\WWW\oil\oil_retail\protected\ddd\Logistics\Repository\VehicleRepository.php:56) (E:\phpStudy\PHPTutorial\WWW\oil\oil_retail\protected\components\Controller.php:2000)
Stack trace:
#0 E:\phpStudy\PHPTutorial\WWW\oil\framework_php7\web\actions\CInlineAction.php(49): VehicleController->actionDetail()
#1 E:\phpStudy\PHPTutorial\WWW\oil\framework_php7\web\CController.php(308): CInlineAction->runWithParams()
#2 E:\phpStudy\PHPTutorial\WWW\oil\framework_php7\web\filters\CFilterChain.php(134): VehicleController->runAction()
#3 E:\phpStudy\PHPTutorial\WWW\oil\framework_php7\web\filters\CFilter.php(40): CFilterChain->run()
#4 E:\phpStudy\PHPTutorial\WWW\oil\framework_php7\web\CController.php(1148): CAccessControlFilter->filter()
#5 E:\phpStudy\PHPTutorial\WWW\oil\framework_php7\web\filters\CInlineFilter.php(58): VehicleController->filterAccessControl()
#6 E:\phpStudy\PHPTutorial\WWW\oil\framework_php7\web\filters\CFilterChain.php(131): CInlineFilter->filter()
#7 E:\phpStudy\PHPTutorial\WWW\oil\framework_php7\web\CController.php(291): CFilterChain->run()
#8 E:\phpStudy\PHPTutorial\WWW\oil\framework_php7\web\CController.php(265): VehicleController->runActionWithFilters()
#9 E:\phpStudy\PHPTutorial\WWW\oil\framework_php7\web\CWebApplication.php(282): VehicleController->run()
#10 E:\phpStudy\PHPTutorial\WWW\oil\framework_php7\web\CWebApplication.php(141): CWebApplication->runController()
#11 E:\phpStudy\PHPTutorial\WWW\oil\framework_php7\base\CApplication.php(186): CWebApplication->processRequest()
#12 E:\phpStudy\PHPTutorial\WWW\oil\oil_retail\index.php(17): CWebApplication->run()
REQUEST_URI=/webAPI/vehicle/detail?vehicle_id=2
in E:\phpStudy\PHPTutorial\WWW\oil\oil_retail\protected\components\Controller.php (2000)
in E:\phpStudy\PHPTutorial\WWW\oil\oil_retail\protected\modules\webAPI\controllers\VehicleController.php (167)
in E:\phpStudy\PHPTutorial\WWW\oil\oil_retail\index.php (17)
2018/09/13 16:50:11 [error] [exception.ddd\Infrastructure\error\ZException] [L:30][app\ddd\Logistics\Application\LogisticsCompany\LogisticsCompanyService.getLogisticsCompany][0] 参数有误
REQUEST_URI=/webAPI/logisticsdailyQuotaLog/GetByLogisticsId
---
2018/09/13 16:51:10 [error] [exception.TypeError] TypeError: Argument 1 passed to app\ddd\Logistics\DTO\LogisticsCompany\LogisticsCompanyDTO::fromEntity() must be an instance of ddd\Common\Domain\BaseEntity, string given, called in E:\phpStudy\PHPTutorial\WWW\oil\oil_retail\protected\ddd\Logistics\Application\LogisticsCompany\LogisticsCompanyService.php on line 40 and defined in E:\phpStudy\PHPTutorial\WWW\oil\oil_retail\protected\ddd\Logistics\DTO\LogisticsCompany\LogisticsCompanyDTO.php:122
Stack trace:
#0 E:\phpStudy\PHPTutorial\WWW\oil\oil_retail\protected\ddd\Logistics\Application\LogisticsCompany\LogisticsCompanyService.php(40): app\ddd\Logistics\DTO\LogisticsCompany\LogisticsCompanyDTO->fromEntity('fasle')
#1 E:\phpStudy\PHPTutorial\WWW\oil\oil_retail\protected\modules\webAPI\controllers\LogisticsDailyQuotaLogController.php(74): app\ddd\Logistics\Application\LogisticsCompany\LogisticsCompanyService->getLogisticsCompany('1')
#2 E:\phpStudy\PHPTutorial\WWW\oil\framework_php7\web\actions\CInlineAction.php(49): LogisticsDailyQuotaLogController->actionGetByLogisticsId()
#3 E:\phpStudy\PHPTutorial\WWW\oil\framework_php7\web\CController.php(308): CInlineAction->runWithParams(Array)
#4 E:\phpStudy\PHPTutorial\WWW\oil\framework_php7\web\filters\CFilterChain.php(134): CController->runAction(Object(CInlineAction))
#5 E:\phpStudy\PHPTutorial\WWW\oil\framework_php7\web\filters\CFilter.php(40): CFilterChain->run()
#6 E:\phpStudy\PHPTutorial\WWW\oil\framework_php7\web\CController.php(1148): CFilter->filter(Object(CFilterChain))
#7 E:\phpStudy\PHPTutorial\WWW\oil\framework_php7\web\filters\CInlineFilter.php(58): CController->filterAccessControl(Object(CFilterChain))
#8 E:\phpStudy\PHPTutorial\WWW\oil\framework_php7\web\filters\CFilterChain.php(131): CInlineFilter->filter(Object(CFilterChain))
#9 E:\phpStudy\PHPTutorial\WWW\oil\framework_php7\web\CController.php(291): CFilterChain->run()
#10 E:\phpStudy\PHPTutorial\WWW\oil\framework_php7\web\CController.php(265): CController->runActionWithFilters(Object(CInlineAction), Array)
#11 E:\phpStudy\PHPTutorial\WWW\oil\framework_php7\web\CWebApplication.php(282): CController->run('GetByLogisticsI...')
#12 E:\phpStudy\PHPTutorial\WWW\oil\framework_php7\web\CWebApplication.php(141): CWebApplication->runController('webAPI/logistic...')
#13 E:\phpStudy\PHPTutorial\WWW\oil\framework_php7\base\CApplication.php(186): CWebApplication->processRequest()
#14 E:\phpStudy\PHPTutorial\WWW\oil\oil_retail\index.php(17): CApplication->run()
#15 {main}
REQUEST_URI=/webAPI/logisticsdailyQuotaLog/GetByLogisticsId?logistics_id=1
---
2018/09/13 17:29:00 [error] [exception.CHttpException.404] CHttpException: 系统无法找到请求的 "list" 动作. in E:\phpStudy\PHPTutorial\WWW\oil\framework_php7\web\CController.php:486
Stack trace:
#0 E:\phpStudy\PHPTutorial\WWW\oil\framework_php7\web\CController.php(270): CController->missingAction('list')
#1 E:\phpStudy\PHPTutorial\WWW\oil\framework_php7\web\CWebApplication.php(282): CController->run('list')
#2 E:\phpStudy\PHPTutorial\WWW\oil\framework_php7\web\CWebApplication.php(141): CWebApplication->runController('webAPI/Logistic...')
#3 E:\phpStudy\PHPTutorial\WWW\oil\framework_php7\base\CApplication.php(186): CWebApplication->processRequest()
#4 E:\phpStudy\PHPTutorial\WWW\oil\oil_retail\index.php(17): CApplication->run()
#5 {main}
REQUEST_URI=/webAPI/LogisticsDailyQuotaLog/list
---
2018/09/13 17:33:34 [error] [exception.ddd\Infrastructure\error\ZException] [L:30][app\ddd\Logistics\Application\LogisticsCompany\LogisticsCompanyService.getLogisticsCompany][0] 参数有误
REQUEST_URI=/webAPI/logisticsdailyQuotaLog/GetByLogisticsId?logistic_id=1
---
2018/09/13 17:33:49 [error] [exception.ddd\Infrastructure\error\ZException] [L:30][app\ddd\Logistics\Application\LogisticsCompany\LogisticsCompanyService.getLogisticsCompany][0] 参数有误
REQUEST_URI=/webAPI/logisticsdailyQuotaLog/GetByLogisticsId?logistic_id=1
---
