2018/09/18 11:20:53 [error] [exception.Error] Error: Call to a member function toDate() on null in E:\phpStudy\PHPTutorial\WWW\oil\oil_retail\protected\ddd\Logistics\DTO\Vehicle\VehicleDTO.php:168
Stack trace:
#0 E:\phpStudy\PHPTutorial\WWW\oil\oil_retail\protected\ddd\Logistics\Application\Vehicle\VehicleService.php(41): app\ddd\Logistics\DTO\Vehicle\VehicleDTO->fromEntity(Object(ddd\Logistics\Domain\Vehicle\Vehicle))
#1 E:\phpStudy\PHPTutorial\WWW\oil\oil_retail\protected\modules\webAPI\controllers\VehicleController.php(162): app\ddd\Logistics\Application\Vehicle\VehicleService->getVehicle('27')
#2 E:\phpStudy\PHPTutorial\WWW\oil\framework_php7\web\actions\CInlineAction.php(49): VehicleController->actionDetail()
#3 E:\phpStudy\PHPTutorial\WWW\oil\framework_php7\web\CController.php(308): CInlineAction->runWithParams(Array)
#4 E:\phpStudy\PHPTutorial\WWW\oil\framework_php7\web\filters\CFilterChain.php(134): CController->runAction(Object(CInlineAction))
#5 E:\phpStudy\PHPTutorial\WWW\oil\framework_php7\web\filters\CFilter.php(40): CFilterChain->run()
#6 E:\phpStudy\PHPTutorial\WWW\oil\framework_php7\web\CController.php(1148): CFilter->filter(Object(CFilterChain))
#7 E:\phpStudy\PHPTutorial\WWW\oil\framework_php7\web\filters\CInlineFilter.php(58): CController->filterAccessControl(Object(CFilterChain))
#8 E:\phpStudy\PHPTutorial\WWW\oil\framework_php7\web\filters\CFilterChain.php(131): CInlineFilter->filter(Object(CFilterChain))
#9 E:\phpStudy\PHPTutorial\WWW\oil\framework_php7\web\CController.php(291): CFilterChain->run()
#10 E:\phpStudy\PHPTutorial\WWW\oil\framework_php7\web\CController.php(265): CController->runActionWithFilters(Object(CInlineAction), Array)
#11 E:\phpStudy\PHPTutorial\WWW\oil\framework_php7\web\CWebApplication.php(282): CController->run('detail')
#12 E:\phpStudy\PHPTutorial\WWW\oil\framework_php7\web\CWebApplication.php(141): CWebApplication->runController('webAPI/vehicle/...')
#13 E:\phpStudy\PHPTutorial\WWW\oil\framework_php7\base\CApplication.php(186): CWebApplication->processRequest()
#14 E:\phpStudy\PHPTutorial\WWW\oil\oil_retail\index.php(17): CApplication->run()
#15 {main}
REQUEST_URI=/webAPI/vehicle/detail?vehicle_id=27
---
2018/09/18 11:37:00 [error] [exception.CException] CException: Alias "app.modules.webAPI.WebAPIModule" is invalid. Make sure it points to an existing directory or file. in E:\data\www\framework_php7\ModBase.php:399
Stack trace:
#0 E:\data\www\framework_php7\ModBase.php(236): ModBase::import('app.modules.web...', true)
#1 E:\data\www\framework_php7\base\CModule.php(282): ModBase::createComponent(Array, 'webAPI', NULL, Array)
#2 E:\data\www\framework_php7\web\CWebApplication.php(337): CModule->getModule('webAPI')
#3 E:\data\www\framework_php7\web\CWebApplication.php(276): CWebApplication->createController('LogisticsCompan...')
#4 E:\data\www\framework_php7\web\CWebApplication.php(141): CWebApplication->runController('webAPI/Logistic...')
#5 E:\data\www\framework_php7\base\CApplication.php(185): CWebApplication->processRequest()
#6 E:\phpStudy\PHPTutorial\WWW\oil\oil_retail\index.php(17): CApplication->run()
#7 {main}
REQUEST_URI=/webAPI/LogisticsCompany/save?logistics_id=1&status=2
---
2018/09/18 11:37:32 [error] [exception.CException] CException: Alias "app.modules.webAPI.WebAPIModule" is invalid. Make sure it points to an existing directory or file. in E:\data\www\framework_php7\ModBase.php:399
Stack trace:
#0 E:\data\www\framework_php7\ModBase.php(236): ModBase::import('app.modules.web...', true)
#1 E:\data\www\framework_php7\base\CModule.php(282): ModBase::createComponent(Array, 'webAPI', NULL, Array)
#2 E:\data\www\framework_php7\web\CWebApplication.php(337): CModule->getModule('webAPI')
#3 E:\data\www\framework_php7\web\CWebApplication.php(276): CWebApplication->createController('LogisticsCompan...')
#4 E:\data\www\framework_php7\web\CWebApplication.php(141): CWebApplication->runController('webAPI/Logistic...')
#5 E:\data\www\framework_php7\base\CApplication.php(185): CWebApplication->processRequest()
#6 E:\phpStudy\PHPTutorial\WWW\oil\oil_retail\index.php(17): CApplication->run()
#7 {main}
REQUEST_URI=/webAPI/LogisticsCompany/save
---
2018/09/18 11:38:47 [error] [exception.CException] CException: Alias "app.modules.webAPI.WebAPIModule" is invalid. Make sure it points to an existing directory or file. in E:\data\www\framework_php7\ModBase.php:399
Stack trace:
#0 E:\data\www\framework_php7\ModBase.php(236): ModBase::import('app.modules.web...', true)
#1 E:\data\www\framework_php7\base\CModule.php(282): ModBase::createComponent(Array, 'webAPI', NULL, Array)
#2 E:\data\www\framework_php7\web\CWebApplication.php(337): CModule->getModule('webAPI')
#3 E:\data\www\framework_php7\web\CWebApplication.php(276): CWebApplication->createController('LogisticsCompan...')
#4 E:\data\www\framework_php7\web\CWebApplication.php(141): CWebApplication->runController('webAPI/Logistic...')
#5 E:\data\www\framework_php7\base\CApplication.php(185): CWebApplication->processRequest()
#6 E:\phpStudy\PHPTutorial\WWW\oil\oil_retail\index.php(17): CApplication->run()
#7 {main}
REQUEST_URI=/webAPI/LogisticsCompany/save
---
2018/09/18 11:39:00 [error] [exception.CException] CException: Alias "app.modules.webAPI.WebAPIModule" is invalid. Make sure it points to an existing directory or file. in E:\data\www\framework_php7\ModBase.php:399
Stack trace:
#0 E:\data\www\framework_php7\ModBase.php(236): ModBase::import('app.modules.web...', true)
#1 E:\data\www\framework_php7\base\CModule.php(282): ModBase::createComponent(Array, 'webAPI', NULL, Array)
#2 E:\data\www\framework_php7\web\CWebApplication.php(337): CModule->getModule('webAPI')
#3 E:\data\www\framework_php7\web\CWebApplication.php(276): CWebApplication->createController('logisticsCompan...')
#4 E:\data\www\framework_php7\web\CWebApplication.php(141): CWebApplication->runController('webAPI/logistic...')
#5 E:\data\www\framework_php7\base\CApplication.php(185): CWebApplication->processRequest()
#6 E:\phpStudy\PHPTutorial\WWW\oil\oil_retail\index.php(17): CApplication->run()
#7 {main}
REQUEST_URI=/webAPI/logisticsCompany/save
---
2018/09/18 11:39:18 [error] [exception.CException] CException: Alias "app.modules.webAPI.WebAPIModule" is invalid. Make sure it points to an existing directory or file. in E:\data\www\framework_php7\ModBase.php:399
Stack trace:
#0 E:\data\www\framework_php7\ModBase.php(236): ModBase::import('app.modules.web...', true)
#1 E:\data\www\framework_php7\base\CModule.php(282): ModBase::createComponent(Array, 'webAPI', NULL, Array)
#2 E:\data\www\framework_php7\web\CWebApplication.php(337): CModule->getModule('webAPI')
#3 E:\data\www\framework_php7\web\CWebApplication.php(276): CWebApplication->createController('logisticsCompan...')
#4 E:\data\www\framework_php7\web\CWebApplication.php(141): CWebApplication->runController('webAPI/logistic...')
#5 E:\data\www\framework_php7\base\CApplication.php(185): CWebApplication->processRequest()
#6 E:\phpStudy\PHPTutorial\WWW\oil\oil_retail\index.php(17): CApplication->run()
#7 {main}
REQUEST_URI=/webAPI/logisticsCompany/save
---
2018/09/18 11:39:44 [error] [exception.CException] CException: Alias "app.modules.webAPI.WebAPIModule" is invalid. Make sure it points to an existing directory or file. in E:\data\www\framework_php7\ModBase.php:399
Stack trace:
#0 E:\data\www\framework_php7\ModBase.php(236): ModBase::import('app.modules.web...', true)
#1 E:\data\www\framework_php7\base\CModule.php(282): ModBase::createComponent(Array, 'webAPI', NULL, Array)
#2 E:\data\www\framework_php7\web\CWebApplication.php(337): CModule->getModule('webAPI')
#3 E:\data\www\framework_php7\web\CWebApplication.php(276): CWebApplication->createController('LogisticsCompan...')
#4 E:\data\www\framework_php7\web\CWebApplication.php(141): CWebApplication->runController('webAPI/Logistic...')
#5 E:\data\www\framework_php7\base\CApplication.php(185): CWebApplication->processRequest()
#6 E:\phpStudy\PHPTutorial\WWW\oil\oil_retail\index.php(17): CApplication->run()
#7 {main}
REQUEST_URI=/webAPI/LogisticsCompany/list
---
2018/09/18 11:39:52 [error] [exception.CException] CException: Alias "app.modules.webAPI.WebAPIModule" is invalid. Make sure it points to an existing directory or file. in E:\data\www\framework_php7\ModBase.php:399
Stack trace:
#0 E:\data\www\framework_php7\ModBase.php(236): ModBase::import('app.modules.web...', true)
#1 E:\data\www\framework_php7\base\CModule.php(282): ModBase::createComponent(Array, 'webAPI', NULL, Array)
#2 E:\data\www\framework_php7\web\CWebApplication.php(337): CModule->getModule('webAPI')
#3 E:\data\www\framework_php7\web\CWebApplication.php(276): CWebApplication->createController('driver/list/')
#4 E:\data\www\framework_php7\web\CWebApplication.php(141): CWebApplication->runController('webAPI/driver/l...')
#5 E:\data\www\framework_php7\base\CApplication.php(185): CWebApplication->processRequest()
#6 E:\phpStudy\PHPTutorial\WWW\oil\oil_retail\index.php(17): CApplication->run()
#7 {main}
REQUEST_URI=/webAPI/driver/list
---
2018/09/18 11:40:01 [error] [exception.CException] CException: Alias "app.modules.webAPI.WebAPIModule" is invalid. Make sure it points to an existing directory or file. in E:\data\www\framework_php7\ModBase.php:399
Stack trace:
#0 E:\data\www\framework_php7\ModBase.php(236): ModBase::import('app.modules.web...', true)
#1 E:\data\www\framework_php7\base\CModule.php(282): ModBase::createComponent(Array, 'webAPI', NULL, Array)
#2 E:\data\www\framework_php7\web\CWebApplication.php(337): CModule->getModule('webAPI')
#3 E:\data\www\framework_php7\web\CWebApplication.php(276): CWebApplication->createController('driver/list/')
#4 E:\data\www\framework_php7\web\CWebApplication.php(141): CWebApplication->runController('webAPI/driver/l...')
#5 E:\data\www\framework_php7\base\CApplication.php(185): CWebApplication->processRequest()
#6 E:\phpStudy\PHPTutorial\WWW\oil\oil_retail\index.php(17): CApplication->run()
#7 {main}
REQUEST_URI=/webAPI/driver/list
---
2018/09/18 11:40:02 [error] [exception.CException] CException: Alias "app.modules.webAPI.WebAPIModule" is invalid. Make sure it points to an existing directory or file. in E:\data\www\framework_php7\ModBase.php:399
Stack trace:
#0 E:\data\www\framework_php7\ModBase.php(236): ModBase::import('app.modules.web...', true)
#1 E:\data\www\framework_php7\base\CModule.php(282): ModBase::createComponent(Array, 'webAPI', NULL, Array)
#2 E:\data\www\framework_php7\web\CWebApplication.php(337): CModule->getModule('webAPI')
#3 E:\data\www\framework_php7\web\CWebApplication.php(276): CWebApplication->createController('driver/list/')
#4 E:\data\www\framework_php7\web\CWebApplication.php(141): CWebApplication->runController('webAPI/driver/l...')
#5 E:\data\www\framework_php7\base\CApplication.php(185): CWebApplication->processRequest()
#6 E:\phpStudy\PHPTutorial\WWW\oil\oil_retail\index.php(17): CApplication->run()
#7 {main}
REQUEST_URI=/webAPI/driver/list
---
2018/09/18 11:40:25 [error] [exception.CException] CException: Alias "app.modules.webAPI.WebAPIModule" is invalid. Make sure it points to an existing directory or file. in E:\data\www\framework_php7\ModBase.php:399
Stack trace:
#0 E:\data\www\framework_php7\ModBase.php(236): ModBase::import('app.modules.web...', true)
#1 E:\data\www\framework_php7\base\CModule.php(282): ModBase::createComponent(Array, 'webAPI', NULL, Array)
#2 E:\data\www\framework_php7\web\CWebApplication.php(337): CModule->getModule('webAPI')
#3 E:\data\www\framework_php7\web\CWebApplication.php(276): CWebApplication->createController('driver/list/')
#4 E:\data\www\framework_php7\web\CWebApplication.php(141): CWebApplication->runController('webAPI/driver/l...')
#5 E:\data\www\framework_php7\base\CApplication.php(185): CWebApplication->processRequest()
#6 E:\phpStudy\PHPTutorial\WWW\oil\oil_retail\index.php(17): CApplication->run()
#7 {main}
REQUEST_URI=/webAPI/driver/list
---
2018/09/18 11:40:58 [error] [exception.CException] CException: Alias "app.modules.webAPI.WebAPIModule" is invalid. Make sure it points to an existing directory or file. in E:\data\www\framework_php7\ModBase.php:399
Stack trace:
#0 E:\data\www\framework_php7\ModBase.php(236): ModBase::import('app.modules.web...', true)
#1 E:\data\www\framework_php7\base\CModule.php(282): ModBase::createComponent(Array, 'webAPI', NULL, Array)
#2 E:\data\www\framework_php7\web\CWebApplication.php(337): CModule->getModule('webAPI')
#3 E:\data\www\framework_php7\web\CWebApplication.php(276): CWebApplication->createController('driver/list/')
#4 E:\data\www\framework_php7\web\CWebApplication.php(141): CWebApplication->runController('webAPI/driver/l...')
#5 E:\data\www\framework_php7\base\CApplication.php(185): CWebApplication->processRequest()
#6 E:\phpStudy\PHPTutorial\WWW\oil\oil_retail\index.php(17): CApplication->run()
#7 {main}
REQUEST_URI=/webAPI/driver/list
---
2018/09/18 11:42:48 [error] [exception.CException] CException: Alias "app.modules.webAPI.WebAPIModule" is invalid. Make sure it points to an existing directory or file. in E:\data\www\framework_php7\ModBase.php:399
Stack trace:
#0 E:\data\www\framework_php7\ModBase.php(236): ModBase::import('app.modules.web...', true)
#1 E:\data\www\framework_php7\base\CModule.php(282): ModBase::createComponent(Array, 'webAPI', NULL, Array)
#2 E:\data\www\framework_php7\web\CWebApplication.php(337): CModule->getModule('webAPI')
#3 E:\data\www\framework_php7\web\CWebApplication.php(276): CWebApplication->createController('driver/list/')
#4 E:\data\www\framework_php7\web\CWebApplication.php(141): CWebApplication->runController('webAPI/driver/l...')
#5 E:\data\www\framework_php7\base\CApplication.php(185): CWebApplication->processRequest()
#6 E:\phpStudy\PHPTutorial\WWW\oil\oil_retail\index.php(17): CApplication->run()
#7 {main}
REQUEST_URI=/webAPI/driver/list
---
2018/09/18 11:43:29 [error] [exception.CException] CException: Alias "app.modules.webAPI.WebAPIModule" is invalid. Make sure it points to an existing directory or file. in E:\data\www\framework_php7\ModBase.php:399
Stack trace:
#0 E:\data\www\framework_php7\ModBase.php(236): ModBase::import('app.modules.web...', true)
#1 E:\data\www\framework_php7\base\CModule.php(282): ModBase::createComponent(Array, 'webAPI', NULL, Array)
#2 E:\data\www\framework_php7\web\CWebApplication.php(337): CModule->getModule('webAPI')
#3 E:\data\www\framework_php7\web\CWebApplication.php(276): CWebApplication->createController('driver/list/')
#4 E:\data\www\framework_php7\web\CWebApplication.php(141): CWebApplication->runController('webAPI/driver/l...')
#5 E:\data\www\framework_php7\base\CApplication.php(185): CWebApplication->processRequest()
#6 E:\phpStudy\PHPTutorial\WWW\oil\oil_retail\index.php(17): CApplication->run()
#7 {main}
REQUEST_URI=/webAPI/driver/list
---
2018/09/18 11:43:29 [error] [exception.CException] CException: Alias "app.modules.webAPI.WebAPIModule" is invalid. Make sure it points to an existing directory or file. in E:\data\www\framework_php7\ModBase.php:399
Stack trace:
#0 E:\data\www\framework_php7\ModBase.php(236): ModBase::import('app.modules.web...', true)
#1 E:\data\www\framework_php7\base\CModule.php(282): ModBase::createComponent(Array, 'webAPI', NULL, Array)
#2 E:\data\www\framework_php7\web\CWebApplication.php(337): CModule->getModule('webAPI')
#3 E:\data\www\framework_php7\web\CWebApplication.php(276): CWebApplication->createController('driver/list/')
#4 E:\data\www\framework_php7\web\CWebApplication.php(141): CWebApplication->runController('webAPI/driver/l...')
#5 E:\data\www\framework_php7\base\CApplication.php(185): CWebApplication->processRequest()
#6 E:\phpStudy\PHPTutorial\WWW\oil\oil_retail\index.php(17): CApplication->run()
#7 {main}
REQUEST_URI=/webAPI/driver/list
---
2018/09/18 11:43:30 [error] [exception.CException] CException: Alias "app.modules.webAPI.WebAPIModule" is invalid. Make sure it points to an existing directory or file. in E:\data\www\framework_php7\ModBase.php:399
Stack trace:
#0 E:\data\www\framework_php7\ModBase.php(236): ModBase::import('app.modules.web...', true)
#1 E:\data\www\framework_php7\base\CModule.php(282): ModBase::createComponent(Array, 'webAPI', NULL, Array)
#2 E:\data\www\framework_php7\web\CWebApplication.php(337): CModule->getModule('webAPI')
#3 E:\data\www\framework_php7\web\CWebApplication.php(276): CWebApplication->createController('driver/list/')
#4 E:\data\www\framework_php7\web\CWebApplication.php(141): CWebApplication->runController('webAPI/driver/l...')
#5 E:\data\www\framework_php7\base\CApplication.php(185): CWebApplication->processRequest()
#6 E:\phpStudy\PHPTutorial\WWW\oil\oil_retail\index.php(17): CApplication->run()
#7 {main}
REQUEST_URI=/webAPI/driver/list
---
2018/09/18 11:43:48 [error] [exception.CException] CException: Alias "app.modules.webAPI.WebAPIModule" is invalid. Make sure it points to an existing directory or file. in E:\data\www\framework_php7\ModBase.php:399
Stack trace:
#0 E:\data\www\framework_php7\ModBase.php(236): ModBase::import('app.modules.web...', true)
#1 E:\data\www\framework_php7\base\CModule.php(282): ModBase::createComponent(Array, 'webAPI', NULL, Array)
#2 E:\data\www\framework_php7\web\CWebApplication.php(337): CModule->getModule('webAPI')
#3 E:\data\www\framework_php7\web\CWebApplication.php(276): CWebApplication->createController('driver/list/')
#4 E:\data\www\framework_php7\web\CWebApplication.php(141): CWebApplication->runController('webAPI/driver/l...')
#5 E:\data\www\framework_php7\base\CApplication.php(185): CWebApplication->processRequest()
#6 E:\phpStudy\PHPTutorial\WWW\oil\oil_retail\index.php(17): CApplication->run()
#7 {main}
REQUEST_URI=/webAPI/driver/list
---
2018/09/18 11:43:48 [error] [exception.CException] CException: Alias "app.modules.webAPI.WebAPIModule" is invalid. Make sure it points to an existing directory or file. in E:\data\www\framework_php7\ModBase.php:399
Stack trace:
#0 E:\data\www\framework_php7\ModBase.php(236): ModBase::import('app.modules.web...', true)
#1 E:\data\www\framework_php7\base\CModule.php(282): ModBase::createComponent(Array, 'webAPI', NULL, Array)
#2 E:\data\www\framework_php7\web\CWebApplication.php(337): CModule->getModule('webAPI')
#3 E:\data\www\framework_php7\web\CWebApplication.php(276): CWebApplication->createController('driver/list/')
#4 E:\data\www\framework_php7\web\CWebApplication.php(141): CWebApplication->runController('webAPI/driver/l...')
#5 E:\data\www\framework_php7\base\CApplication.php(185): CWebApplication->processRequest()
#6 E:\phpStudy\PHPTutorial\WWW\oil\oil_retail\index.php(17): CApplication->run()
#7 {main}
REQUEST_URI=/webAPI/driver/list
---
2018/09/18 11:45:27 [error] [exception.CException] CException: Alias "app.modules.webAPI.WebAPIModule" is invalid. Make sure it points to an existing directory or file. in E:\data\www\framework_php7\ModBase.php:399
Stack trace:
#0 E:\data\www\framework_php7\ModBase.php(236): ModBase::import('app.modules.web...', true)
#1 E:\data\www\framework_php7\base\CModule.php(282): ModBase::createComponent(Array, 'webAPI', NULL, Array)
#2 E:\data\www\framework_php7\web\CWebApplication.php(337): CModule->getModule('webAPI')
#3 E:\data\www\framework_php7\web\CWebApplication.php(276): CWebApplication->createController('driver/list/')
#4 E:\data\www\framework_php7\web\CWebApplication.php(141): CWebApplication->runController('webAPI/driver/l...')
#5 E:\data\www\framework_php7\base\CApplication.php(185): CWebApplication->processRequest()
#6 E:\phpStudy\PHPTutorial\WWW\oil\oil_retail\index.php(17): CApplication->run()
#7 {main}
REQUEST_URI=/webAPI/driver/list
---
2018/09/18 11:45:28 [error] [exception.CException] CException: Alias "app.modules.webAPI.WebAPIModule" is invalid. Make sure it points to an existing directory or file. in E:\data\www\framework_php7\ModBase.php:399
Stack trace:
#0 E:\data\www\framework_php7\ModBase.php(236): ModBase::import('app.modules.web...', true)
#1 E:\data\www\framework_php7\base\CModule.php(282): ModBase::createComponent(Array, 'webAPI', NULL, Array)
#2 E:\data\www\framework_php7\web\CWebApplication.php(337): CModule->getModule('webAPI')
#3 E:\data\www\framework_php7\web\CWebApplication.php(276): CWebApplication->createController('driver/list/')
#4 E:\data\www\framework_php7\web\CWebApplication.php(141): CWebApplication->runController('webAPI/driver/l...')
#5 E:\data\www\framework_php7\base\CApplication.php(185): CWebApplication->processRequest()
#6 E:\phpStudy\PHPTutorial\WWW\oil\oil_retail\index.php(17): CApplication->run()
#7 {main}
REQUEST_URI=/webAPI/driver/list
---
2018/09/18 11:50:00 [error] [exception.CException] CException: Alias "app.modules.webAPI.WebAPIModule" is invalid. Make sure it points to an existing directory or file. in E:\data\www\framework_php7\ModBase.php:399
Stack trace:
#0 E:\data\www\framework_php7\ModBase.php(236): ModBase::import('app.modules.web...', true)
#1 E:\data\www\framework_php7\base\CModule.php(282): ModBase::createComponent(Array, 'webAPI', NULL, Array)
#2 E:\data\www\framework_php7\web\CWebApplication.php(337): CModule->getModule('webAPI')
#3 E:\data\www\framework_php7\web\CWebApplication.php(276): CWebApplication->createController('driver/list/')
#4 E:\data\www\framework_php7\web\CWebApplication.php(141): CWebApplication->runController('webAPI/driver/l...')
#5 E:\data\www\framework_php7\base\CApplication.php(185): CWebApplication->processRequest()
#6 E:\phpStudy\PHPTutorial\WWW\oil\oil_retail\index.php(17): CApplication->run()
#7 {main}
REQUEST_URI=/webAPI/driver/list
---
2018/09/18 11:50:00 [error] [exception.CException] CException: Alias "app.modules.webAPI.WebAPIModule" is invalid. Make sure it points to an existing directory or file. in E:\data\www\framework_php7\ModBase.php:399
Stack trace:
#0 E:\data\www\framework_php7\ModBase.php(236): ModBase::import('app.modules.web...', true)
#1 E:\data\www\framework_php7\base\CModule.php(282): ModBase::createComponent(Array, 'webAPI', NULL, Array)
#2 E:\data\www\framework_php7\web\CWebApplication.php(337): CModule->getModule('webAPI')
#3 E:\data\www\framework_php7\web\CWebApplication.php(276): CWebApplication->createController('driver/list/')
#4 E:\data\www\framework_php7\web\CWebApplication.php(141): CWebApplication->runController('webAPI/driver/l...')
#5 E:\data\www\framework_php7\base\CApplication.php(185): CWebApplication->processRequest()
#6 E:\phpStudy\PHPTutorial\WWW\oil\oil_retail\index.php(17): CApplication->run()
#7 {main}
REQUEST_URI=/webAPI/driver/list
---
2018/09/18 11:50:01 [error] [exception.CException] CException: Alias "app.modules.webAPI.WebAPIModule" is invalid. Make sure it points to an existing directory or file. in E:\data\www\framework_php7\ModBase.php:399
Stack trace:
#0 E:\data\www\framework_php7\ModBase.php(236): ModBase::import('app.modules.web...', true)
#1 E:\data\www\framework_php7\base\CModule.php(282): ModBase::createComponent(Array, 'webAPI', NULL, Array)
#2 E:\data\www\framework_php7\web\CWebApplication.php(337): CModule->getModule('webAPI')
#3 E:\data\www\framework_php7\web\CWebApplication.php(276): CWebApplication->createController('driver/list/')
#4 E:\data\www\framework_php7\web\CWebApplication.php(141): CWebApplication->runController('webAPI/driver/l...')
#5 E:\data\www\framework_php7\base\CApplication.php(185): CWebApplication->processRequest()
#6 E:\phpStudy\PHPTutorial\WWW\oil\oil_retail\index.php(17): CApplication->run()
#7 {main}
REQUEST_URI=/webAPI/driver/list
---
2018/09/18 11:50:19 [error] [exception.CException] CException: Alias "app.modules.webAPI.WebAPIModule" is invalid. Make sure it points to an existing directory or file. in E:\data\www\framework_php7\ModBase.php:399
Stack trace:
#0 E:\data\www\framework_php7\ModBase.php(236): ModBase::import('app.modules.web...', true)
#1 E:\data\www\framework_php7\base\CModule.php(282): ModBase::createComponent(Array, 'webAPI', NULL, Array)
#2 E:\data\www\framework_php7\web\CWebApplication.php(337): CModule->getModule('webAPI')
#3 E:\data\www\framework_php7\web\CWebApplication.php(276): CWebApplication->createController('driver/list/')
#4 E:\data\www\framework_php7\web\CWebApplication.php(141): CWebApplication->runController('webAPI/driver/l...')
#5 E:\data\www\framework_php7\base\CApplication.php(185): CWebApplication->processRequest()
#6 E:\phpStudy\PHPTutorial\WWW\oil\oil_retail\index.php(17): CApplication->run()
#7 {main}
REQUEST_URI=/webAPI/driver/list
---
2018/09/18 11:50:20 [error] [exception.CException] CException: Alias "app.modules.webAPI.WebAPIModule" is invalid. Make sure it points to an existing directory or file. in E:\data\www\framework_php7\ModBase.php:399
Stack trace:
#0 E:\data\www\framework_php7\ModBase.php(236): ModBase::import('app.modules.web...', true)
#1 E:\data\www\framework_php7\base\CModule.php(282): ModBase::createComponent(Array, 'webAPI', NULL, Array)
#2 E:\data\www\framework_php7\web\CWebApplication.php(337): CModule->getModule('webAPI')
#3 E:\data\www\framework_php7\web\CWebApplication.php(276): CWebApplication->createController('driver/list/')
#4 E:\data\www\framework_php7\web\CWebApplication.php(141): CWebApplication->runController('webAPI/driver/l...')
#5 E:\data\www\framework_php7\base\CApplication.php(185): CWebApplication->processRequest()
#6 E:\phpStudy\PHPTutorial\WWW\oil\oil_retail\index.php(17): CApplication->run()
#7 {main}
REQUEST_URI=/webAPI/driver/list
---
2018/09/18 11:50:21 [error] [exception.CException] CException: Alias "app.modules.webAPI.WebAPIModule" is invalid. Make sure it points to an existing directory or file. in E:\data\www\framework_php7\ModBase.php:399
Stack trace:
#0 E:\data\www\framework_php7\ModBase.php(236): ModBase::import('app.modules.web...', true)
#1 E:\data\www\framework_php7\base\CModule.php(282): ModBase::createComponent(Array, 'webAPI', NULL, Array)
#2 E:\data\www\framework_php7\web\CWebApplication.php(337): CModule->getModule('webAPI')
#3 E:\data\www\framework_php7\web\CWebApplication.php(276): CWebApplication->createController('driver/list/')
#4 E:\data\www\framework_php7\web\CWebApplication.php(141): CWebApplication->runController('webAPI/driver/l...')
#5 E:\data\www\framework_php7\base\CApplication.php(185): CWebApplication->processRequest()
#6 E:\phpStudy\PHPTutorial\WWW\oil\oil_retail\index.php(17): CApplication->run()
#7 {main}
REQUEST_URI=/webAPI/driver/list
---
2018/09/18 11:50:30 [error] [exception.CException] CException: Alias "app.modules.webAPI.WebAPIModule" is invalid. Make sure it points to an existing directory or file. in E:\data\www\framework_php7\ModBase.php:399
Stack trace:
#0 E:\data\www\framework_php7\ModBase.php(236): ModBase::import('app.modules.web...', true)
#1 E:\data\www\framework_php7\base\CModule.php(282): ModBase::createComponent(Array, 'webAPI', NULL, Array)
#2 E:\data\www\framework_php7\web\CWebApplication.php(337): CModule->getModule('webAPI')
#3 E:\data\www\framework_php7\web\CWebApplication.php(276): CWebApplication->createController('driver/list/')
#4 E:\data\www\framework_php7\web\CWebApplication.php(141): CWebApplication->runController('webAPI/driver/l...')
#5 E:\data\www\framework_php7\base\CApplication.php(185): CWebApplication->processRequest()
#6 E:\phpStudy\PHPTutorial\WWW\oil\oil_retail\index.php(17): CApplication->run()
#7 {main}
REQUEST_URI=/webAPI/driver/list
---
2018/09/18 11:50:31 [error] [exception.CException] CException: Alias "app.modules.webAPI.WebAPIModule" is invalid. Make sure it points to an existing directory or file. in E:\data\www\framework_php7\ModBase.php:399
Stack trace:
#0 E:\data\www\framework_php7\ModBase.php(236): ModBase::import('app.modules.web...', true)
#1 E:\data\www\framework_php7\base\CModule.php(282): ModBase::createComponent(Array, 'webAPI', NULL, Array)
#2 E:\data\www\framework_php7\web\CWebApplication.php(337): CModule->getModule('webAPI')
#3 E:\data\www\framework_php7\web\CWebApplication.php(276): CWebApplication->createController('driver/list/')
#4 E:\data\www\framework_php7\web\CWebApplication.php(141): CWebApplication->runController('webAPI/driver/l...')
#5 E:\data\www\framework_php7\base\CApplication.php(185): CWebApplication->processRequest()
#6 E:\phpStudy\PHPTutorial\WWW\oil\oil_retail\index.php(17): CApplication->run()
#7 {main}
REQUEST_URI=/webAPI/driver/list
---
2018/09/18 11:50:31 [error] [exception.CException] CException: Alias "app.modules.webAPI.WebAPIModule" is invalid. Make sure it points to an existing directory or file. in E:\data\www\framework_php7\ModBase.php:399
Stack trace:
#0 E:\data\www\framework_php7\ModBase.php(236): ModBase::import('app.modules.web...', true)
#1 E:\data\www\framework_php7\base\CModule.php(282): ModBase::createComponent(Array, 'webAPI', NULL, Array)
#2 E:\data\www\framework_php7\web\CWebApplication.php(337): CModule->getModule('webAPI')
#3 E:\data\www\framework_php7\web\CWebApplication.php(276): CWebApplication->createController('driver/list/')
#4 E:\data\www\framework_php7\web\CWebApplication.php(141): CWebApplication->runController('webAPI/driver/l...')
#5 E:\data\www\framework_php7\base\CApplication.php(185): CWebApplication->processRequest()
#6 E:\phpStudy\PHPTutorial\WWW\oil\oil_retail\index.php(17): CApplication->run()
#7 {main}
REQUEST_URI=/webAPI/driver/list
---
