2018/09/30 17:10:02 [trace] [system.CModule] Loading "log" application component
in E:\phpStudy\PHPTutorial\WWW\oil\oil_retail\index.php (17)
2018/09/30 17:10:02 [trace] [system.CModule] Loading "request" application component
in E:\phpStudy\PHPTutorial\WWW\oil\oil_retail\index.php (17)
2018/09/30 17:10:02 [trace] [system.CModule] Loading "urlManager" application component
in E:\phpStudy\PHPTutorial\WWW\oil\oil_retail\index.php (17)
2018/09/30 17:10:02 [trace] [system.web.filters.CFilterChain] Running filter SiteController.filteraccessControl()
in E:\phpStudy\PHPTutorial\WWW\oil\oil_retail\index.php (17)
2018/09/30 17:10:02 [trace] [system.CModule] Loading "user" application component
in E:\phpStudy\PHPTutorial\WWW\oil\oil_retail\protected\components\UserUtility.php (31)
in E:\phpStudy\PHPTutorial\WWW\oil\oil_retail\protected\components\Utility.php (247)
in E:\phpStudy\PHPTutorial\WWW\oil\oil_retail\protected\components\Controller.php (226)
2018/09/30 17:10:02 [trace] [system.CModule] Loading "session" application component
in E:\phpStudy\PHPTutorial\WWW\oil\oil_retail\protected\components\WebUser.php (26)
in E:\phpStudy\PHPTutorial\WWW\oil\oil_retail\protected\components\UserUtility.php (31)
in E:\phpStudy\PHPTutorial\WWW\oil\oil_retail\protected\components\Utility.php (247)
2018/09/30 17:10:02 [trace] [system.CModule] Loading "coreMessages" application component
in E:\phpStudy\PHPTutorial\WWW\oil\oil_retail\index.php (17)
2018/09/30 17:10:02 [trace] [system.CModule] Loading "log" application component
in E:\phpStudy\PHPTutorial\WWW\oil\oil_retail\index.php (17)
2018/09/30 17:10:02 [trace] [system.CModule] Loading "request" application component
in E:\phpStudy\PHPTutorial\WWW\oil\oil_retail\index.php (17)
2018/09/30 17:10:02 [trace] [system.CModule] Loading "urlManager" application component
in E:\phpStudy\PHPTutorial\WWW\oil\oil_retail\index.php (17)
2018/09/30 17:10:02 [trace] [system.web.filters.CFilterChain] Running filter SiteController.filteraccessControl()
in E:\phpStudy\PHPTutorial\WWW\oil\oil_retail\index.php (17)
2018/09/30 17:10:02 [trace] [system.CModule] Loading "user" application component
in E:\phpStudy\PHPTutorial\WWW\oil\oil_retail\protected\components\UserUtility.php (31)
in E:\phpStudy\PHPTutorial\WWW\oil\oil_retail\protected\components\Utility.php (247)
in E:\phpStudy\PHPTutorial\WWW\oil\oil_retail\protected\components\Controller.php (226)
2018/09/30 17:10:02 [trace] [system.CModule] Loading "session" application component
in E:\phpStudy\PHPTutorial\WWW\oil\oil_retail\protected\components\WebUser.php (26)
in E:\phpStudy\PHPTutorial\WWW\oil\oil_retail\protected\components\UserUtility.php (31)
in E:\phpStudy\PHPTutorial\WWW\oil\oil_retail\protected\components\Utility.php (247)
2018/09/30 17:10:02 [trace] [system.CModule] Loading "coreMessages" application component
in E:\phpStudy\PHPTutorial\WWW\oil\oil_retail\index.php (17)
2018/09/30 17:10:03 [trace] [system.CModule] Loading "log" application component
in E:\phpStudy\PHPTutorial\WWW\oil\oil_retail\index.php (17)
2018/09/30 17:10:03 [trace] [system.CModule] Loading "request" application component
in E:\phpStudy\PHPTutorial\WWW\oil\oil_retail\index.php (17)
2018/09/30 17:10:03 [trace] [system.CModule] Loading "urlManager" application component
in E:\phpStudy\PHPTutorial\WWW\oil\oil_retail\index.php (17)
2018/09/30 17:10:03 [trace] [system.web.filters.CFilterChain] Running filter SiteController.filteraccessControl()
in E:\phpStudy\PHPTutorial\WWW\oil\oil_retail\index.php (17)
2018/09/30 17:10:03 [trace] [system.CModule] Loading "user" application component
in E:\phpStudy\PHPTutorial\WWW\oil\oil_retail\protected\components\UserUtility.php (31)
in E:\phpStudy\PHPTutorial\WWW\oil\oil_retail\protected\components\Utility.php (247)
in E:\phpStudy\PHPTutorial\WWW\oil\oil_retail\protected\components\Controller.php (226)
2018/09/30 17:10:03 [trace] [system.CModule] Loading "session" application component
in E:\phpStudy\PHPTutorial\WWW\oil\oil_retail\protected\components\WebUser.php (26)
in E:\phpStudy\PHPTutorial\WWW\oil\oil_retail\protected\components\UserUtility.php (31)
in E:\phpStudy\PHPTutorial\WWW\oil\oil_retail\protected\components\Utility.php (247)
2018/09/30 17:10:03 [trace] [system.CModule] Loading "clientScript" application component
in E:\phpStudy\PHPTutorial\WWW\oil\oil_retail\protected\components\Controller.php (278)
in E:\phpStudy\PHPTutorial\WWW\oil\oil_retail\protected\controllers\SiteController.php (126)
in E:\phpStudy\PHPTutorial\WWW\oil\oil_retail\index.php (17)
2018/09/30 17:10:03 [trace] [system.CModule] Loading "log" application component
in E:\phpStudy\PHPTutorial\WWW\oil\oil_retail\index.php (17)
2018/09/30 17:10:03 [trace] [system.CModule] Loading "request" application component
in E:\phpStudy\PHPTutorial\WWW\oil\oil_retail\index.php (17)
2018/09/30 17:10:03 [trace] [system.CModule] Loading "urlManager" application component
in E:\phpStudy\PHPTutorial\WWW\oil\oil_retail\index.php (17)
2018/09/30 17:10:03 [trace] [system.web.filters.CFilterChain] Running filter SiteController.filteraccessControl()
in E:\phpStudy\PHPTutorial\WWW\oil\oil_retail\index.php (17)
2018/09/30 17:10:03 [trace] [system.CModule] Loading "user" application component
in E:\phpStudy\PHPTutorial\WWW\oil\oil_retail\protected\components\UserUtility.php (31)
in E:\phpStudy\PHPTutorial\WWW\oil\oil_retail\protected\components\Utility.php (247)
in E:\phpStudy\PHPTutorial\WWW\oil\oil_retail\protected\components\Controller.php (226)
2018/09/30 17:10:03 [trace] [system.CModule] Loading "session" application component
in E:\phpStudy\PHPTutorial\WWW\oil\oil_retail\protected\components\WebUser.php (26)
in E:\phpStudy\PHPTutorial\WWW\oil\oil_retail\protected\components\UserUtility.php (31)
in E:\phpStudy\PHPTutorial\WWW\oil\oil_retail\protected\components\Utility.php (247)
2018/09/30 17:10:03 [trace] [system.CModule] Loading "clientScript" application component
in E:\phpStudy\PHPTutorial\WWW\oil\oil_retail\protected\components\Controller.php (278)
in E:\phpStudy\PHPTutorial\WWW\oil\oil_retail\protected\controllers\SiteController.php (126)
in E:\phpStudy\PHPTutorial\WWW\oil\oil_retail\index.php (17)
2018/09/30 17:10:03 [trace] [system.CModule] Loading "log" application component
in E:\phpStudy\PHPTutorial\WWW\oil\oil_retail\index.php (17)
2018/09/30 17:10:03 [trace] [system.CModule] Loading "request" application component
in E:\phpStudy\PHPTutorial\WWW\oil\oil_retail\index.php (17)
2018/09/30 17:10:03 [trace] [system.CModule] Loading "urlManager" application component
in E:\phpStudy\PHPTutorial\WWW\oil\oil_retail\index.php (17)
2018/09/30 17:10:03 [trace] [system.CModule] Loading "coreMessages" application component
in E:\phpStudy\PHPTutorial\WWW\oil\oil_retail\index.php (17)
2018/09/30 17:10:03 [error] [exception.CHttpException.404] CHttpException: 无法解析请求 "plugins/font-awesome-4.4.0/css/font-awesome.min.css"。 in E:\phpStudy\PHPTutorial\WWW\oil\framework_php7\web\CWebApplication.php:286
Stack trace:
#0 E:\phpStudy\PHPTutorial\WWW\oil\framework_php7\web\CWebApplication.php(141): CWebApplication->runController('plugins/font-aw...')
#1 E:\phpStudy\PHPTutorial\WWW\oil\framework_php7\base\CApplication.php(186): CWebApplication->processRequest()
#2 E:\phpStudy\PHPTutorial\WWW\oil\oil_retail\index.php(17): CApplication->run()
#3 {main}
REQUEST_URI=/plugins/font-awesome-4.4.0/css/font-awesome.min.css
HTTP_REFERER=http://oil_retail.com/site/login
---
2018/09/30 17:10:03 [trace] [system.CModule] Loading "errorHandler" application component
2018/09/30 17:10:03 [trace] [system.web.filters.CFilterChain] Running filter SiteController.filteraccessControl()
2018/09/30 17:10:03 [trace] [system.CModule] Loading "user" application component
in E:\phpStudy\PHPTutorial\WWW\oil\oil_retail\protected\components\UserUtility.php (31)
in E:\phpStudy\PHPTutorial\WWW\oil\oil_retail\protected\components\Utility.php (247)
in E:\phpStudy\PHPTutorial\WWW\oil\oil_retail\protected\components\Controller.php (226)
2018/09/30 17:10:03 [trace] [system.CModule] Loading "session" application component
in E:\phpStudy\PHPTutorial\WWW\oil\oil_retail\protected\components\WebUser.php (26)
in E:\phpStudy\PHPTutorial\WWW\oil\oil_retail\protected\components\UserUtility.php (31)
in E:\phpStudy\PHPTutorial\WWW\oil\oil_retail\protected\components\Utility.php (247)
2018/09/30 17:10:03 [trace] [system.CModule] Loading "clientScript" application component
in E:\phpStudy\PHPTutorial\WWW\oil\oil_retail\protected\components\Controller.php (278)
in E:\phpStudy\PHPTutorial\WWW\oil\oil_retail\protected\controllers\SiteController.php (197)
2018/09/30 17:10:03 [trace] [system.CModule] Loading "log" application component
in E:\phpStudy\PHPTutorial\WWW\oil\oil_retail\index.php (17)
2018/09/30 17:10:03 [trace] [system.CModule] Loading "request" application component
in E:\phpStudy\PHPTutorial\WWW\oil\oil_retail\index.php (17)
2018/09/30 17:10:03 [trace] [system.CModule] Loading "urlManager" application component
in E:\phpStudy\PHPTutorial\WWW\oil\oil_retail\index.php (17)
2018/09/30 17:10:03 [trace] [system.CModule] Loading "coreMessages" application component
in E:\phpStudy\PHPTutorial\WWW\oil\oil_retail\index.php (17)
2018/09/30 17:10:03 [error] [exception.CHttpException.404] CHttpException: 无法解析请求 "plugins/font-awesome-4.4.0/css/font-awesome.min.css"。 in E:\phpStudy\PHPTutorial\WWW\oil\framework_php7\web\CWebApplication.php:286
Stack trace:
#0 E:\phpStudy\PHPTutorial\WWW\oil\framework_php7\web\CWebApplication.php(141): CWebApplication->runController('plugins/font-aw...')
#1 E:\phpStudy\PHPTutorial\WWW\oil\framework_php7\base\CApplication.php(186): CWebApplication->processRequest()
#2 E:\phpStudy\PHPTutorial\WWW\oil\oil_retail\index.php(17): CApplication->run()
#3 {main}
REQUEST_URI=/plugins/font-awesome-4.4.0/css/font-awesome.min.css
HTTP_REFERER=http://oil_retail.com/site/login
---
2018/09/30 17:10:03 [trace] [system.CModule] Loading "errorHandler" application component
2018/09/30 17:10:03 [trace] [system.web.filters.CFilterChain] Running filter SiteController.filteraccessControl()
2018/09/30 17:10:03 [trace] [system.CModule] Loading "user" application component
in E:\phpStudy\PHPTutorial\WWW\oil\oil_retail\protected\components\UserUtility.php (31)
in E:\phpStudy\PHPTutorial\WWW\oil\oil_retail\protected\components\Utility.php (247)
in E:\phpStudy\PHPTutorial\WWW\oil\oil_retail\protected\components\Controller.php (226)
2018/09/30 17:10:03 [trace] [system.CModule] Loading "session" application component
in E:\phpStudy\PHPTutorial\WWW\oil\oil_retail\protected\components\WebUser.php (26)
in E:\phpStudy\PHPTutorial\WWW\oil\oil_retail\protected\components\UserUtility.php (31)
in E:\phpStudy\PHPTutorial\WWW\oil\oil_retail\protected\components\Utility.php (247)
2018/09/30 17:10:03 [trace] [system.CModule] Loading "clientScript" application component
in E:\phpStudy\PHPTutorial\WWW\oil\oil_retail\protected\components\Controller.php (278)
in E:\phpStudy\PHPTutorial\WWW\oil\oil_retail\protected\controllers\SiteController.php (197)
2018/09/30 17:10:05 [trace] [system.CModule] Loading "log" application component
in E:\phpStudy\PHPTutorial\WWW\oil\oil_retail\index.php (17)
2018/09/30 17:10:05 [trace] [system.CModule] Loading "request" application component
in E:\phpStudy\PHPTutorial\WWW\oil\oil_retail\index.php (17)
2018/09/30 17:10:05 [trace] [system.CModule] Loading "urlManager" application component
in E:\phpStudy\PHPTutorial\WWW\oil\oil_retail\index.php (17)
2018/09/30 17:10:05 [trace] [system.web.filters.CFilterChain] Running filter SiteController.filteraccessControl()
in E:\phpStudy\PHPTutorial\WWW\oil\oil_retail\index.php (17)
2018/09/30 17:10:05 [trace] [system.CModule] Loading "user" application component
in E:\phpStudy\PHPTutorial\WWW\oil\oil_retail\protected\components\UserUtility.php (31)
in E:\phpStudy\PHPTutorial\WWW\oil\oil_retail\protected\components\Utility.php (247)
in E:\phpStudy\PHPTutorial\WWW\oil\oil_retail\protected\components\Controller.php (226)
2018/09/30 17:10:05 [trace] [system.CModule] Loading "session" application component
in E:\phpStudy\PHPTutorial\WWW\oil\oil_retail\protected\components\WebUser.php (26)
in E:\phpStudy\PHPTutorial\WWW\oil\oil_retail\protected\components\UserUtility.php (31)
in E:\phpStudy\PHPTutorial\WWW\oil\oil_retail\protected\components\Utility.php (247)
2018/09/30 17:10:05 [trace] [system.CModule] Loading "coreMessages" application component
in E:\phpStudy\PHPTutorial\WWW\oil\oil_retail\index.php (17)
2018/09/30 17:10:05 [trace] [system.CModule] Loading "log" application component
in E:\phpStudy\PHPTutorial\WWW\oil\oil_retail\index.php (17)
2018/09/30 17:10:05 [trace] [system.CModule] Loading "request" application component
in E:\phpStudy\PHPTutorial\WWW\oil\oil_retail\index.php (17)
2018/09/30 17:10:05 [trace] [system.CModule] Loading "urlManager" application component
in E:\phpStudy\PHPTutorial\WWW\oil\oil_retail\index.php (17)
2018/09/30 17:10:05 [trace] [system.web.filters.CFilterChain] Running filter SiteController.filteraccessControl()
in E:\phpStudy\PHPTutorial\WWW\oil\oil_retail\index.php (17)
2018/09/30 17:10:05 [trace] [system.CModule] Loading "user" application component
in E:\phpStudy\PHPTutorial\WWW\oil\oil_retail\protected\components\UserUtility.php (31)
in E:\phpStudy\PHPTutorial\WWW\oil\oil_retail\protected\components\Utility.php (247)
in E:\phpStudy\PHPTutorial\WWW\oil\oil_retail\protected\components\Controller.php (226)
2018/09/30 17:10:05 [trace] [system.CModule] Loading "session" application component
in E:\phpStudy\PHPTutorial\WWW\oil\oil_retail\protected\components\WebUser.php (26)
in E:\phpStudy\PHPTutorial\WWW\oil\oil_retail\protected\components\UserUtility.php (31)
in E:\phpStudy\PHPTutorial\WWW\oil\oil_retail\protected\components\Utility.php (247)
2018/09/30 17:10:05 [trace] [system.CModule] Loading "coreMessages" application component
in E:\phpStudy\PHPTutorial\WWW\oil\oil_retail\index.php (17)
2018/09/30 17:10:05 [trace] [system.CModule] Loading "log" application component
in E:\phpStudy\PHPTutorial\WWW\oil\oil_retail\index.php (17)
2018/09/30 17:10:05 [trace] [system.CModule] Loading "request" application component
in E:\phpStudy\PHPTutorial\WWW\oil\oil_retail\index.php (17)
2018/09/30 17:10:05 [trace] [system.CModule] Loading "urlManager" application component
in E:\phpStudy\PHPTutorial\WWW\oil\oil_retail\index.php (17)
2018/09/30 17:10:05 [trace] [system.web.filters.CFilterChain] Running filter SiteController.filteraccessControl()
in E:\phpStudy\PHPTutorial\WWW\oil\oil_retail\index.php (17)
2018/09/30 17:10:05 [trace] [system.CModule] Loading "user" application component
in E:\phpStudy\PHPTutorial\WWW\oil\oil_retail\protected\components\UserUtility.php (31)
in E:\phpStudy\PHPTutorial\WWW\oil\oil_retail\protected\components\Utility.php (247)
in E:\phpStudy\PHPTutorial\WWW\oil\oil_retail\protected\components\Controller.php (226)
2018/09/30 17:10:05 [trace] [system.CModule] Loading "session" application component
in E:\phpStudy\PHPTutorial\WWW\oil\oil_retail\protected\components\WebUser.php (26)
in E:\phpStudy\PHPTutorial\WWW\oil\oil_retail\protected\components\UserUtility.php (31)
in E:\phpStudy\PHPTutorial\WWW\oil\oil_retail\protected\components\Utility.php (247)
2018/09/30 17:10:05 [trace] [system.CModule] Loading "clientScript" application component
in E:\phpStudy\PHPTutorial\WWW\oil\oil_retail\protected\components\Controller.php (278)
in E:\phpStudy\PHPTutorial\WWW\oil\oil_retail\protected\controllers\SiteController.php (126)
in E:\phpStudy\PHPTutorial\WWW\oil\oil_retail\index.php (17)
2018/09/30 17:10:05 [trace] [system.CModule] Loading "log" application component
in E:\phpStudy\PHPTutorial\WWW\oil\oil_retail\index.php (17)
2018/09/30 17:10:05 [trace] [system.CModule] Loading "request" application component
in E:\phpStudy\PHPTutorial\WWW\oil\oil_retail\index.php (17)
2018/09/30 17:10:05 [trace] [system.CModule] Loading "urlManager" application component
in E:\phpStudy\PHPTutorial\WWW\oil\oil_retail\index.php (17)
2018/09/30 17:10:05 [trace] [system.web.filters.CFilterChain] Running filter SiteController.filteraccessControl()
in E:\phpStudy\PHPTutorial\WWW\oil\oil_retail\index.php (17)
2018/09/30 17:10:05 [trace] [system.CModule] Loading "user" application component
in E:\phpStudy\PHPTutorial\WWW\oil\oil_retail\protected\components\UserUtility.php (31)
in E:\phpStudy\PHPTutorial\WWW\oil\oil_retail\protected\components\Utility.php (247)
in E:\phpStudy\PHPTutorial\WWW\oil\oil_retail\protected\components\Controller.php (226)
2018/09/30 17:10:05 [trace] [system.CModule] Loading "session" application component
in E:\phpStudy\PHPTutorial\WWW\oil\oil_retail\protected\components\WebUser.php (26)
in E:\phpStudy\PHPTutorial\WWW\oil\oil_retail\protected\components\UserUtility.php (31)
in E:\phpStudy\PHPTutorial\WWW\oil\oil_retail\protected\components\Utility.php (247)
2018/09/30 17:10:05 [trace] [system.CModule] Loading "clientScript" application component
in E:\phpStudy\PHPTutorial\WWW\oil\oil_retail\protected\components\Controller.php (278)
in E:\phpStudy\PHPTutorial\WWW\oil\oil_retail\protected\controllers\SiteController.php (126)
in E:\phpStudy\PHPTutorial\WWW\oil\oil_retail\index.php (17)
2018/09/30 17:10:05 [trace] [system.CModule] Loading "log" application component
in E:\phpStudy\PHPTutorial\WWW\oil\oil_retail\index.php (17)
2018/09/30 17:10:05 [trace] [system.CModule] Loading "request" application component
in E:\phpStudy\PHPTutorial\WWW\oil\oil_retail\index.php (17)
2018/09/30 17:10:05 [trace] [system.CModule] Loading "urlManager" application component
in E:\phpStudy\PHPTutorial\WWW\oil\oil_retail\index.php (17)
2018/09/30 17:10:05 [trace] [system.CModule] Loading "coreMessages" application component
in E:\phpStudy\PHPTutorial\WWW\oil\oil_retail\index.php (17)
2018/09/30 17:10:05 [error] [exception.CHttpException.404] CHttpException: 无法解析请求 "plugins/ionicons-2.0.1/css/ionicons.min.css"。 in E:\phpStudy\PHPTutorial\WWW\oil\framework_php7\web\CWebApplication.php:286
Stack trace:
#0 E:\phpStudy\PHPTutorial\WWW\oil\framework_php7\web\CWebApplication.php(141): CWebApplication->runController('plugins/ionicon...')
#1 E:\phpStudy\PHPTutorial\WWW\oil\framework_php7\base\CApplication.php(186): CWebApplication->processRequest()
#2 E:\phpStudy\PHPTutorial\WWW\oil\oil_retail\index.php(17): CApplication->run()
#3 {main}
REQUEST_URI=/plugins/ionicons-2.0.1/css/ionicons.min.css
HTTP_REFERER=http://oil_retail.com/site/login
---
2018/09/30 17:10:05 [trace] [system.CModule] Loading "errorHandler" application component
2018/09/30 17:10:05 [trace] [system.web.filters.CFilterChain] Running filter SiteController.filteraccessControl()
2018/09/30 17:10:05 [trace] [system.CModule] Loading "user" application component
in E:\phpStudy\PHPTutorial\WWW\oil\oil_retail\protected\components\UserUtility.php (31)
in E:\phpStudy\PHPTutorial\WWW\oil\oil_retail\protected\components\Utility.php (247)
in E:\phpStudy\PHPTutorial\WWW\oil\oil_retail\protected\components\Controller.php (226)
2018/09/30 17:10:05 [trace] [system.CModule] Loading "session" application component
in E:\phpStudy\PHPTutorial\WWW\oil\oil_retail\protected\components\WebUser.php (26)
in E:\phpStudy\PHPTutorial\WWW\oil\oil_retail\protected\components\UserUtility.php (31)
in E:\phpStudy\PHPTutorial\WWW\oil\oil_retail\protected\components\Utility.php (247)
2018/09/30 17:10:05 [trace] [system.CModule] Loading "clientScript" application component
in E:\phpStudy\PHPTutorial\WWW\oil\oil_retail\protected\components\Controller.php (278)
in E:\phpStudy\PHPTutorial\WWW\oil\oil_retail\protected\controllers\SiteController.php (197)
2018/09/30 17:10:05 [trace] [system.CModule] Loading "log" application component
in E:\phpStudy\PHPTutorial\WWW\oil\oil_retail\index.php (17)
2018/09/30 17:10:05 [trace] [system.CModule] Loading "request" application component
in E:\phpStudy\PHPTutorial\WWW\oil\oil_retail\index.php (17)
2018/09/30 17:10:05 [trace] [system.CModule] Loading "urlManager" application component
in E:\phpStudy\PHPTutorial\WWW\oil\oil_retail\index.php (17)
2018/09/30 17:10:05 [trace] [system.CModule] Loading "coreMessages" application component
in E:\phpStudy\PHPTutorial\WWW\oil\oil_retail\index.php (17)
2018/09/30 17:10:05 [error] [exception.CHttpException.404] CHttpException: 无法解析请求 "plugins/ionicons-2.0.1/css/ionicons.min.css"。 in E:\phpStudy\PHPTutorial\WWW\oil\framework_php7\web\CWebApplication.php:286
Stack trace:
#0 E:\phpStudy\PHPTutorial\WWW\oil\framework_php7\web\CWebApplication.php(141): CWebApplication->runController('plugins/ionicon...')
#1 E:\phpStudy\PHPTutorial\WWW\oil\framework_php7\base\CApplication.php(186): CWebApplication->processRequest()
#2 E:\phpStudy\PHPTutorial\WWW\oil\oil_retail\index.php(17): CApplication->run()
#3 {main}
REQUEST_URI=/plugins/ionicons-2.0.1/css/ionicons.min.css
HTTP_REFERER=http://oil_retail.com/site/login
---
2018/09/30 17:10:05 [trace] [system.CModule] Loading "errorHandler" application component
2018/09/30 17:10:05 [trace] [system.web.filters.CFilterChain] Running filter SiteController.filteraccessControl()
2018/09/30 17:10:05 [trace] [system.CModule] Loading "user" application component
in E:\phpStudy\PHPTutorial\WWW\oil\oil_retail\protected\components\UserUtility.php (31)
in E:\phpStudy\PHPTutorial\WWW\oil\oil_retail\protected\components\Utility.php (247)
in E:\phpStudy\PHPTutorial\WWW\oil\oil_retail\protected\components\Controller.php (226)
2018/09/30 17:10:05 [trace] [system.CModule] Loading "session" application component
in E:\phpStudy\PHPTutorial\WWW\oil\oil_retail\protected\components\WebUser.php (26)
in E:\phpStudy\PHPTutorial\WWW\oil\oil_retail\protected\components\UserUtility.php (31)
in E:\phpStudy\PHPTutorial\WWW\oil\oil_retail\protected\components\Utility.php (247)
2018/09/30 17:10:05 [trace] [system.CModule] Loading "clientScript" application component
in E:\phpStudy\PHPTutorial\WWW\oil\oil_retail\protected\components\Controller.php (278)
in E:\phpStudy\PHPTutorial\WWW\oil\oil_retail\protected\controllers\SiteController.php (197)
2018/09/30 17:10:06 [trace] [system.CModule] Loading "log" application component
in E:\phpStudy\PHPTutorial\WWW\oil\oil_retail\index.php (17)
2018/09/30 17:10:06 [trace] [system.CModule] Loading "request" application component
in E:\phpStudy\PHPTutorial\WWW\oil\oil_retail\index.php (17)
2018/09/30 17:10:06 [trace] [system.CModule] Loading "urlManager" application component
in E:\phpStudy\PHPTutorial\WWW\oil\oil_retail\index.php (17)
2018/09/30 17:10:06 [trace] [system.CModule] Loading "coreMessages" application component
in E:\phpStudy\PHPTutorial\WWW\oil\oil_retail\index.php (17)
2018/09/30 17:10:06 [error] [exception.CHttpException.404] CHttpException: 无法解析请求 "plugins/datetimepicker/css/bootstrap-datetimepicker.min.css"。 in E:\phpStudy\PHPTutorial\WWW\oil\framework_php7\web\CWebApplication.php:286
Stack trace:
#0 E:\phpStudy\PHPTutorial\WWW\oil\framework_php7\web\CWebApplication.php(141): CWebApplication->runController('plugins/datetim...')
#1 E:\phpStudy\PHPTutorial\WWW\oil\framework_php7\base\CApplication.php(186): CWebApplication->processRequest()
#2 E:\phpStudy\PHPTutorial\WWW\oil\oil_retail\index.php(17): CApplication->run()
#3 {main}
REQUEST_URI=/plugins/datetimepicker/css/bootstrap-datetimepicker.min.css
HTTP_REFERER=http://oil_retail.com/site/login
---
2018/09/30 17:10:06 [trace] [system.CModule] Loading "errorHandler" application component
2018/09/30 17:10:06 [trace] [system.web.filters.CFilterChain] Running filter SiteController.filteraccessControl()
2018/09/30 17:10:06 [trace] [system.CModule] Loading "user" application component
in E:\phpStudy\PHPTutorial\WWW\oil\oil_retail\protected\components\UserUtility.php (31)
in E:\phpStudy\PHPTutorial\WWW\oil\oil_retail\protected\components\Utility.php (247)
in E:\phpStudy\PHPTutorial\WWW\oil\oil_retail\protected\components\Controller.php (226)
2018/09/30 17:10:06 [trace] [system.CModule] Loading "session" application component
in E:\phpStudy\PHPTutorial\WWW\oil\oil_retail\protected\components\WebUser.php (26)
in E:\phpStudy\PHPTutorial\WWW\oil\oil_retail\protected\components\UserUtility.php (31)
in E:\phpStudy\PHPTutorial\WWW\oil\oil_retail\protected\components\Utility.php (247)
2018/09/30 17:10:06 [trace] [system.CModule] Loading "clientScript" application component
in E:\phpStudy\PHPTutorial\WWW\oil\oil_retail\protected\components\Controller.php (278)
in E:\phpStudy\PHPTutorial\WWW\oil\oil_retail\protected\controllers\SiteController.php (197)
2018/09/30 17:10:06 [trace] [system.CModule] Loading "log" application component
in E:\phpStudy\PHPTutorial\WWW\oil\oil_retail\index.php (17)
2018/09/30 17:10:06 [trace] [system.CModule] Loading "request" application component
in E:\phpStudy\PHPTutorial\WWW\oil\oil_retail\index.php (17)
2018/09/30 17:10:06 [trace] [system.CModule] Loading "urlManager" application component
in E:\phpStudy\PHPTutorial\WWW\oil\oil_retail\index.php (17)
2018/09/30 17:10:06 [trace] [system.CModule] Loading "coreMessages" application component
in E:\phpStudy\PHPTutorial\WWW\oil\oil_retail\index.php (17)
2018/09/30 17:10:06 [error] [exception.CHttpException.404] CHttpException: 无法解析请求 "plugins/datetimepicker/css/bootstrap-datetimepicker.min.css"。 in E:\phpStudy\PHPTutorial\WWW\oil\framework_php7\web\CWebApplication.php:286
Stack trace:
#0 E:\phpStudy\PHPTutorial\WWW\oil\framework_php7\web\CWebApplication.php(141): CWebApplication->runController('plugins/datetim...')
#1 E:\phpStudy\PHPTutorial\WWW\oil\framework_php7\base\CApplication.php(186): CWebApplication->processRequest()
#2 E:\phpStudy\PHPTutorial\WWW\oil\oil_retail\index.php(17): CApplication->run()
#3 {main}
REQUEST_URI=/plugins/datetimepicker/css/bootstrap-datetimepicker.min.css
HTTP_REFERER=http://oil_retail.com/site/login
---
2018/09/30 17:10:06 [trace] [system.CModule] Loading "errorHandler" application component
2018/09/30 17:10:06 [trace] [system.web.filters.CFilterChain] Running filter SiteController.filteraccessControl()
2018/09/30 17:10:06 [trace] [system.CModule] Loading "user" application component
in E:\phpStudy\PHPTutorial\WWW\oil\oil_retail\protected\components\UserUtility.php (31)
in E:\phpStudy\PHPTutorial\WWW\oil\oil_retail\protected\components\Utility.php (247)
in E:\phpStudy\PHPTutorial\WWW\oil\oil_retail\protected\components\Controller.php (226)
2018/09/30 17:10:06 [trace] [system.CModule] Loading "session" application component
in E:\phpStudy\PHPTutorial\WWW\oil\oil_retail\protected\components\WebUser.php (26)
in E:\phpStudy\PHPTutorial\WWW\oil\oil_retail\protected\components\UserUtility.php (31)
in E:\phpStudy\PHPTutorial\WWW\oil\oil_retail\protected\components\Utility.php (247)
2018/09/30 17:10:06 [trace] [system.CModule] Loading "clientScript" application component
in E:\phpStudy\PHPTutorial\WWW\oil\oil_retail\protected\components\Controller.php (278)
in E:\phpStudy\PHPTutorial\WWW\oil\oil_retail\protected\controllers\SiteController.php (197)
2018/09/30 17:10:06 [trace] [system.CModule] Loading "log" application component
in E:\phpStudy\PHPTutorial\WWW\oil\oil_retail\index.php (17)
2018/09/30 17:10:06 [trace] [system.CModule] Loading "request" application component
in E:\phpStudy\PHPTutorial\WWW\oil\oil_retail\index.php (17)
2018/09/30 17:10:06 [trace] [system.CModule] Loading "urlManager" application component
in E:\phpStudy\PHPTutorial\WWW\oil\oil_retail\index.php (17)
2018/09/30 17:10:06 [trace] [system.CModule] Loading "coreMessages" application component
in E:\phpStudy\PHPTutorial\WWW\oil\oil_retail\index.php (17)
2018/09/30 17:10:06 [error] [exception.CHttpException.404] CHttpException: 无法解析请求 "css/bootstrap-select/bootstrap-select.min.css"。 in E:\phpStudy\PHPTutorial\WWW\oil\framework_php7\web\CWebApplication.php:286
Stack trace:
#0 E:\phpStudy\PHPTutorial\WWW\oil\framework_php7\web\CWebApplication.php(141): CWebApplication->runController('css/bootstrap-s...')
#1 E:\phpStudy\PHPTutorial\WWW\oil\framework_php7\base\CApplication.php(186): CWebApplication->processRequest()
#2 E:\phpStudy\PHPTutorial\WWW\oil\oil_retail\index.php(17): CApplication->run()
#3 {main}
REQUEST_URI=/css/bootstrap-select/bootstrap-select.min.css
HTTP_REFERER=http://oil_retail.com/site/login
---
2018/09/30 17:10:06 [trace] [system.CModule] Loading "errorHandler" application component
2018/09/30 17:10:06 [trace] [system.web.filters.CFilterChain] Running filter SiteController.filteraccessControl()
2018/09/30 17:10:06 [trace] [system.CModule] Loading "user" application component
in E:\phpStudy\PHPTutorial\WWW\oil\oil_retail\protected\components\UserUtility.php (31)
in E:\phpStudy\PHPTutorial\WWW\oil\oil_retail\protected\components\Utility.php (247)
in E:\phpStudy\PHPTutorial\WWW\oil\oil_retail\protected\components\Controller.php (226)
2018/09/30 17:10:06 [trace] [system.CModule] Loading "session" application component
in E:\phpStudy\PHPTutorial\WWW\oil\oil_retail\protected\components\WebUser.php (26)
in E:\phpStudy\PHPTutorial\WWW\oil\oil_retail\protected\components\UserUtility.php (31)
in E:\phpStudy\PHPTutorial\WWW\oil\oil_retail\protected\components\Utility.php (247)
2018/09/30 17:10:06 [trace] [system.CModule] Loading "clientScript" application component
in E:\phpStudy\PHPTutorial\WWW\oil\oil_retail\protected\components\Controller.php (278)
in E:\phpStudy\PHPTutorial\WWW\oil\oil_retail\protected\controllers\SiteController.php (197)
2018/09/30 17:10:06 [trace] [system.CModule] Loading "log" application component
in E:\phpStudy\PHPTutorial\WWW\oil\oil_retail\index.php (17)
2018/09/30 17:10:06 [trace] [system.CModule] Loading "request" application component
in E:\phpStudy\PHPTutorial\WWW\oil\oil_retail\index.php (17)
2018/09/30 17:10:06 [trace] [system.CModule] Loading "urlManager" application component
in E:\phpStudy\PHPTutorial\WWW\oil\oil_retail\index.php (17)
2018/09/30 17:10:06 [trace] [system.CModule] Loading "coreMessages" application component
in E:\phpStudy\PHPTutorial\WWW\oil\oil_retail\index.php (17)
2018/09/30 17:10:06 [error] [exception.CHttpException.404] CHttpException: 无法解析请求 "css/bootstrap-select/bootstrap-select.min.css"。 in E:\phpStudy\PHPTutorial\WWW\oil\framework_php7\web\CWebApplication.php:286
Stack trace:
#0 E:\phpStudy\PHPTutorial\WWW\oil\framework_php7\web\CWebApplication.php(141): CWebApplication->runController('css/bootstrap-s...')
#1 E:\phpStudy\PHPTutorial\WWW\oil\framework_php7\base\CApplication.php(186): CWebApplication->processRequest()
#2 E:\phpStudy\PHPTutorial\WWW\oil\oil_retail\index.php(17): CApplication->run()
#3 {main}
REQUEST_URI=/css/bootstrap-select/bootstrap-select.min.css
HTTP_REFERER=http://oil_retail.com/site/login
---
2018/09/30 17:10:06 [trace] [system.CModule] Loading "errorHandler" application component
2018/09/30 17:10:06 [trace] [system.web.filters.CFilterChain] Running filter SiteController.filteraccessControl()
2018/09/30 17:10:06 [trace] [system.CModule] Loading "user" application component
in E:\phpStudy\PHPTutorial\WWW\oil\oil_retail\protected\components\UserUtility.php (31)
in E:\phpStudy\PHPTutorial\WWW\oil\oil_retail\protected\components\Utility.php (247)
in E:\phpStudy\PHPTutorial\WWW\oil\oil_retail\protected\components\Controller.php (226)
2018/09/30 17:10:06 [trace] [system.CModule] Loading "session" application component
in E:\phpStudy\PHPTutorial\WWW\oil\oil_retail\protected\components\WebUser.php (26)
in E:\phpStudy\PHPTutorial\WWW\oil\oil_retail\protected\components\UserUtility.php (31)
in E:\phpStudy\PHPTutorial\WWW\oil\oil_retail\protected\components\Utility.php (247)
2018/09/30 17:10:06 [trace] [system.CModule] Loading "clientScript" application component
in E:\phpStudy\PHPTutorial\WWW\oil\oil_retail\protected\components\Controller.php (278)
in E:\phpStudy\PHPTutorial\WWW\oil\oil_retail\protected\controllers\SiteController.php (197)
2018/09/30 17:10:06 [trace] [system.CModule] Loading "log" application component
in E:\phpStudy\PHPTutorial\WWW\oil\oil_retail\index.php (17)
2018/09/30 17:10:06 [trace] [system.CModule] Loading "request" application component
in E:\phpStudy\PHPTutorial\WWW\oil\oil_retail\index.php (17)
2018/09/30 17:10:06 [trace] [system.CModule] Loading "urlManager" application component
in E:\phpStudy\PHPTutorial\WWW\oil\oil_retail\index.php (17)
2018/09/30 17:10:06 [trace] [system.CModule] Loading "coreMessages" application component
in E:\phpStudy\PHPTutorial\WWW\oil\oil_retail\index.php (17)
2018/09/30 17:10:06 [error] [exception.CHttpException.404] CHttpException: 无法解析请求 "css/tokenfield/bootstrap-tokenfield.min.css"。 in E:\phpStudy\PHPTutorial\WWW\oil\framework_php7\web\CWebApplication.php:286
Stack trace:
#0 E:\phpStudy\PHPTutorial\WWW\oil\framework_php7\web\CWebApplication.php(141): CWebApplication->runController('css/tokenfield/...')
#1 E:\phpStudy\PHPTutorial\WWW\oil\framework_php7\base\CApplication.php(186): CWebApplication->processRequest()
#2 E:\phpStudy\PHPTutorial\WWW\oil\oil_retail\index.php(17): CApplication->run()
#3 {main}
REQUEST_URI=/css/tokenfield/bootstrap-tokenfield.min.css
HTTP_REFERER=http://oil_retail.com/site/login
---
2018/09/30 17:10:06 [trace] [system.CModule] Loading "errorHandler" application component
2018/09/30 17:10:06 [trace] [system.web.filters.CFilterChain] Running filter SiteController.filteraccessControl()
2018/09/30 17:10:06 [trace] [system.CModule] Loading "user" application component
in E:\phpStudy\PHPTutorial\WWW\oil\oil_retail\protected\components\UserUtility.php (31)
in E:\phpStudy\PHPTutorial\WWW\oil\oil_retail\protected\components\Utility.php (247)
in E:\phpStudy\PHPTutorial\WWW\oil\oil_retail\protected\components\Controller.php (226)
2018/09/30 17:10:06 [trace] [system.CModule] Loading "session" application component
in E:\phpStudy\PHPTutorial\WWW\oil\oil_retail\protected\components\WebUser.php (26)
in E:\phpStudy\PHPTutorial\WWW\oil\oil_retail\protected\components\UserUtility.php (31)
in E:\phpStudy\PHPTutorial\WWW\oil\oil_retail\protected\components\Utility.php (247)
2018/09/30 17:10:06 [trace] [system.CModule] Loading "clientScript" application component
in E:\phpStudy\PHPTutorial\WWW\oil\oil_retail\protected\components\Controller.php (278)
in E:\phpStudy\PHPTutorial\WWW\oil\oil_retail\protected\controllers\SiteController.php (197)
2018/09/30 17:10:06 [trace] [system.CModule] Loading "log" application component
in E:\phpStudy\PHPTutorial\WWW\oil\oil_retail\index.php (17)
2018/09/30 17:10:06 [trace] [system.CModule] Loading "request" application component
in E:\phpStudy\PHPTutorial\WWW\oil\oil_retail\index.php (17)
2018/09/30 17:10:06 [trace] [system.CModule] Loading "urlManager" application component
in E:\phpStudy\PHPTutorial\WWW\oil\oil_retail\index.php (17)
2018/09/30 17:10:06 [trace] [system.CModule] Loading "coreMessages" application component
in E:\phpStudy\PHPTutorial\WWW\oil\oil_retail\index.php (17)
2018/09/30 17:10:06 [error] [exception.CHttpException.404] CHttpException: 无法解析请求 "css/tokenfield/bootstrap-tokenfield.min.css"。 in E:\phpStudy\PHPTutorial\WWW\oil\framework_php7\web\CWebApplication.php:286
Stack trace:
#0 E:\phpStudy\PHPTutorial\WWW\oil\framework_php7\web\CWebApplication.php(141): CWebApplication->runController('css/tokenfield/...')
#1 E:\phpStudy\PHPTutorial\WWW\oil\framework_php7\base\CApplication.php(186): CWebApplication->processRequest()
#2 E:\phpStudy\PHPTutorial\WWW\oil\oil_retail\index.php(17): CApplication->run()
#3 {main}
REQUEST_URI=/css/tokenfield/bootstrap-tokenfield.min.css
HTTP_REFERER=http://oil_retail.com/site/login
---
2018/09/30 17:10:06 [trace] [system.CModule] Loading "errorHandler" application component
2018/09/30 17:10:06 [trace] [system.web.filters.CFilterChain] Running filter SiteController.filteraccessControl()
2018/09/30 17:10:06 [trace] [system.CModule] Loading "user" application component
in E:\phpStudy\PHPTutorial\WWW\oil\oil_retail\protected\components\UserUtility.php (31)
in E:\phpStudy\PHPTutorial\WWW\oil\oil_retail\protected\components\Utility.php (247)
in E:\phpStudy\PHPTutorial\WWW\oil\oil_retail\protected\components\Controller.php (226)
2018/09/30 17:10:06 [trace] [system.CModule] Loading "session" application component
in E:\phpStudy\PHPTutorial\WWW\oil\oil_retail\protected\components\WebUser.php (26)
in E:\phpStudy\PHPTutorial\WWW\oil\oil_retail\protected\components\UserUtility.php (31)
in E:\phpStudy\PHPTutorial\WWW\oil\oil_retail\protected\components\Utility.php (247)
2018/09/30 17:10:06 [trace] [system.CModule] Loading "clientScript" application component
in E:\phpStudy\PHPTutorial\WWW\oil\oil_retail\protected\components\Controller.php (278)
in E:\phpStudy\PHPTutorial\WWW\oil\oil_retail\protected\controllers\SiteController.php (197)
2018/09/30 17:10:06 [trace] [system.CModule] Loading "log" application component
in E:\phpStudy\PHPTutorial\WWW\oil\oil_retail\index.php (17)
2018/09/30 17:10:06 [trace] [system.CModule] Loading "request" application component
in E:\phpStudy\PHPTutorial\WWW\oil\oil_retail\index.php (17)
2018/09/30 17:10:06 [trace] [system.CModule] Loading "urlManager" application component
in E:\phpStudy\PHPTutorial\WWW\oil\oil_retail\index.php (17)
2018/09/30 17:10:06 [trace] [system.CModule] Loading "coreMessages" application component
in E:\phpStudy\PHPTutorial\WWW\oil\oil_retail\index.php (17)
2018/09/30 17:10:06 [error] [exception.CHttpException.404] CHttpException: 无法解析请求 "plugins/dataTables/datatables.min.css"。 in E:\phpStudy\PHPTutorial\WWW\oil\framework_php7\web\CWebApplication.php:286
Stack trace:
#0 E:\phpStudy\PHPTutorial\WWW\oil\framework_php7\web\CWebApplication.php(141): CWebApplication->runController('plugins/dataTab...')
#1 E:\phpStudy\PHPTutorial\WWW\oil\framework_php7\base\CApplication.php(186): CWebApplication->processRequest()
#2 E:\phpStudy\PHPTutorial\WWW\oil\oil_retail\index.php(17): CApplication->run()
#3 {main}
REQUEST_URI=/plugins/dataTables/datatables.min.css
HTTP_REFERER=http://oil_retail.com/site/login
---
2018/09/30 17:10:06 [trace] [system.CModule] Loading "errorHandler" application component
2018/09/30 17:10:06 [trace] [system.web.filters.CFilterChain] Running filter SiteController.filteraccessControl()
2018/09/30 17:10:06 [trace] [system.CModule] Loading "user" application component
in E:\phpStudy\PHPTutorial\WWW\oil\oil_retail\protected\components\UserUtility.php (31)
in E:\phpStudy\PHPTutorial\WWW\oil\oil_retail\protected\components\Utility.php (247)
in E:\phpStudy\PHPTutorial\WWW\oil\oil_retail\protected\components\Controller.php (226)
2018/09/30 17:10:06 [trace] [system.CModule] Loading "session" application component
in E:\phpStudy\PHPTutorial\WWW\oil\oil_retail\protected\components\WebUser.php (26)
in E:\phpStudy\PHPTutorial\WWW\oil\oil_retail\protected\components\UserUtility.php (31)
in E:\phpStudy\PHPTutorial\WWW\oil\oil_retail\protected\components\Utility.php (247)
2018/09/30 17:10:06 [trace] [system.CModule] Loading "clientScript" application component
in E:\phpStudy\PHPTutorial\WWW\oil\oil_retail\protected\components\Controller.php (278)
in E:\phpStudy\PHPTutorial\WWW\oil\oil_retail\protected\controllers\SiteController.php (197)
2018/09/30 17:10:06 [trace] [system.CModule] Loading "log" application component
in E:\phpStudy\PHPTutorial\WWW\oil\oil_retail\index.php (17)
2018/09/30 17:10:06 [trace] [system.CModule] Loading "request" application component
in E:\phpStudy\PHPTutorial\WWW\oil\oil_retail\index.php (17)
2018/09/30 17:10:06 [trace] [system.CModule] Loading "urlManager" application component
in E:\phpStudy\PHPTutorial\WWW\oil\oil_retail\index.php (17)
2018/09/30 17:10:06 [trace] [system.CModule] Loading "coreMessages" application component
in E:\phpStudy\PHPTutorial\WWW\oil\oil_retail\index.php (17)
2018/09/30 17:10:06 [error] [exception.CHttpException.404] CHttpException: 无法解析请求 "plugins/dataTables/datatables.min.css"。 in E:\phpStudy\PHPTutorial\WWW\oil\framework_php7\web\CWebApplication.php:286
Stack trace:
#0 E:\phpStudy\PHPTutorial\WWW\oil\framework_php7\web\CWebApplication.php(141): CWebApplication->runController('plugins/dataTab...')
#1 E:\phpStudy\PHPTutorial\WWW\oil\framework_php7\base\CApplication.php(186): CWebApplication->processRequest()
#2 E:\phpStudy\PHPTutorial\WWW\oil\oil_retail\index.php(17): CApplication->run()
#3 {main}
REQUEST_URI=/plugins/dataTables/datatables.min.css
HTTP_REFERER=http://oil_retail.com/site/login
---
2018/09/30 17:10:06 [trace] [system.CModule] Loading "errorHandler" application component
2018/09/30 17:10:06 [trace] [system.web.filters.CFilterChain] Running filter SiteController.filteraccessControl()
2018/09/30 17:10:06 [trace] [system.CModule] Loading "user" application component
in E:\phpStudy\PHPTutorial\WWW\oil\oil_retail\protected\components\UserUtility.php (31)
in E:\phpStudy\PHPTutorial\WWW\oil\oil_retail\protected\components\Utility.php (247)
in E:\phpStudy\PHPTutorial\WWW\oil\oil_retail\protected\components\Controller.php (226)
2018/09/30 17:10:06 [trace] [system.CModule] Loading "session" application component
in E:\phpStudy\PHPTutorial\WWW\oil\oil_retail\protected\components\WebUser.php (26)
in E:\phpStudy\PHPTutorial\WWW\oil\oil_retail\protected\components\UserUtility.php (31)
in E:\phpStudy\PHPTutorial\WWW\oil\oil_retail\protected\components\Utility.php (247)
2018/09/30 17:10:06 [trace] [system.CModule] Loading "clientScript" application component
in E:\phpStudy\PHPTutorial\WWW\oil\oil_retail\protected\components\Controller.php (278)
in E:\phpStudy\PHPTutorial\WWW\oil\oil_retail\protected\controllers\SiteController.php (197)
2018/09/30 17:10:06 [trace] [system.CModule] Loading "log" application component
in E:\phpStudy\PHPTutorial\WWW\oil\oil_retail\index.php (17)
2018/09/30 17:10:06 [trace] [system.CModule] Loading "request" application component
in E:\phpStudy\PHPTutorial\WWW\oil\oil_retail\index.php (17)
2018/09/30 17:10:06 [trace] [system.CModule] Loading "urlManager" application component
in E:\phpStudy\PHPTutorial\WWW\oil\oil_retail\index.php (17)
2018/09/30 17:10:06 [trace] [system.CModule] Loading "coreMessages" application component
in E:\phpStudy\PHPTutorial\WWW\oil\oil_retail\index.php (17)
2018/09/30 17:10:06 [error] [exception.CHttpException.404] CHttpException: 无法解析请求 "plugins/font-awesome-4.4.0/css/font-awesome.min.css"。 in E:\phpStudy\PHPTutorial\WWW\oil\framework_php7\web\CWebApplication.php:286
Stack trace:
#0 E:\phpStudy\PHPTutorial\WWW\oil\framework_php7\web\CWebApplication.php(141): CWebApplication->runController('plugins/font-aw...')
#1 E:\phpStudy\PHPTutorial\WWW\oil\framework_php7\base\CApplication.php(186): CWebApplication->processRequest()
#2 E:\phpStudy\PHPTutorial\WWW\oil\oil_retail\index.php(17): CApplication->run()
#3 {main}
REQUEST_URI=/plugins/font-awesome-4.4.0/css/font-awesome.min.css
HTTP_REFERER=http://oil_retail.com/site/login
---
2018/09/30 17:10:06 [trace] [system.CModule] Loading "errorHandler" application component
2018/09/30 17:10:06 [trace] [system.web.filters.CFilterChain] Running filter SiteController.filteraccessControl()
2018/09/30 17:10:06 [trace] [system.CModule] Loading "user" application component
in E:\phpStudy\PHPTutorial\WWW\oil\oil_retail\protected\components\UserUtility.php (31)
in E:\phpStudy\PHPTutorial\WWW\oil\oil_retail\protected\components\Utility.php (247)
in E:\phpStudy\PHPTutorial\WWW\oil\oil_retail\protected\components\Controller.php (226)
2018/09/30 17:10:06 [trace] [system.CModule] Loading "session" application component
in E:\phpStudy\PHPTutorial\WWW\oil\oil_retail\protected\components\WebUser.php (26)
in E:\phpStudy\PHPTutorial\WWW\oil\oil_retail\protected\components\UserUtility.php (31)
in E:\phpStudy\PHPTutorial\WWW\oil\oil_retail\protected\components\Utility.php (247)
2018/09/30 17:10:06 [trace] [system.CModule] Loading "clientScript" application component
in E:\phpStudy\PHPTutorial\WWW\oil\oil_retail\protected\components\Controller.php (278)
in E:\phpStudy\PHPTutorial\WWW\oil\oil_retail\protected\controllers\SiteController.php (197)
2018/09/30 17:10:06 [trace] [system.CModule] Loading "log" application component
in E:\phpStudy\PHPTutorial\WWW\oil\oil_retail\index.php (17)
2018/09/30 17:10:06 [trace] [system.CModule] Loading "request" application component
in E:\phpStudy\PHPTutorial\WWW\oil\oil_retail\index.php (17)
2018/09/30 17:10:06 [trace] [system.CModule] Loading "urlManager" application component
in E:\phpStudy\PHPTutorial\WWW\oil\oil_retail\index.php (17)
2018/09/30 17:10:06 [trace] [system.CModule] Loading "coreMessages" application component
in E:\phpStudy\PHPTutorial\WWW\oil\oil_retail\index.php (17)
2018/09/30 17:10:06 [error] [exception.CHttpException.404] CHttpException: 无法解析请求 "plugins/font-awesome-4.4.0/css/font-awesome.min.css"。 in E:\phpStudy\PHPTutorial\WWW\oil\framework_php7\web\CWebApplication.php:286
Stack trace:
#0 E:\phpStudy\PHPTutorial\WWW\oil\framework_php7\web\CWebApplication.php(141): CWebApplication->runController('plugins/font-aw...')
#1 E:\phpStudy\PHPTutorial\WWW\oil\framework_php7\base\CApplication.php(186): CWebApplication->processRequest()
#2 E:\phpStudy\PHPTutorial\WWW\oil\oil_retail\index.php(17): CApplication->run()
#3 {main}
REQUEST_URI=/plugins/font-awesome-4.4.0/css/font-awesome.min.css
HTTP_REFERER=http://oil_retail.com/site/login
---
2018/09/30 17:10:06 [trace] [system.CModule] Loading "errorHandler" application component
2018/09/30 17:10:06 [trace] [system.web.filters.CFilterChain] Running filter SiteController.filteraccessControl()
2018/09/30 17:10:06 [trace] [system.CModule] Loading "user" application component
in E:\phpStudy\PHPTutorial\WWW\oil\oil_retail\protected\components\UserUtility.php (31)
in E:\phpStudy\PHPTutorial\WWW\oil\oil_retail\protected\components\Utility.php (247)
in E:\phpStudy\PHPTutorial\WWW\oil\oil_retail\protected\components\Controller.php (226)
2018/09/30 17:10:06 [trace] [system.CModule] Loading "session" application component
in E:\phpStudy\PHPTutorial\WWW\oil\oil_retail\protected\components\WebUser.php (26)
in E:\phpStudy\PHPTutorial\WWW\oil\oil_retail\protected\components\UserUtility.php (31)
in E:\phpStudy\PHPTutorial\WWW\oil\oil_retail\protected\components\Utility.php (247)
2018/09/30 17:10:06 [trace] [system.CModule] Loading "clientScript" application component
in E:\phpStudy\PHPTutorial\WWW\oil\oil_retail\protected\components\Controller.php (278)
in E:\phpStudy\PHPTutorial\WWW\oil\oil_retail\protected\controllers\SiteController.php (197)
2018/09/30 17:10:06 [trace] [system.CModule] Loading "log" application component
in E:\phpStudy\PHPTutorial\WWW\oil\oil_retail\index.php (17)
2018/09/30 17:10:06 [trace] [system.CModule] Loading "request" application component
in E:\phpStudy\PHPTutorial\WWW\oil\oil_retail\index.php (17)
2018/09/30 17:10:06 [trace] [system.CModule] Loading "urlManager" application component
in E:\phpStudy\PHPTutorial\WWW\oil\oil_retail\index.php (17)
2018/09/30 17:10:06 [trace] [system.CModule] Loading "coreMessages" application component
in E:\phpStudy\PHPTutorial\WWW\oil\oil_retail\index.php (17)
2018/09/30 17:10:06 [error] [exception.CHttpException.404] CHttpException: 无法解析请求 "icon/font/iconfont.css"。 in E:\phpStudy\PHPTutorial\WWW\oil\framework_php7\web\CWebApplication.php:286
Stack trace:
#0 E:\phpStudy\PHPTutorial\WWW\oil\framework_php7\web\CWebApplication.php(141): CWebApplication->runController('icon/font/iconf...')
#1 E:\phpStudy\PHPTutorial\WWW\oil\framework_php7\base\CApplication.php(186): CWebApplication->processRequest()
#2 E:\phpStudy\PHPTutorial\WWW\oil\oil_retail\index.php(17): CApplication->run()
#3 {main}
REQUEST_URI=/icon/font/iconfont.css
HTTP_REFERER=http://oil_retail.com/site/login
---
2018/09/30 17:10:06 [trace] [system.CModule] Loading "errorHandler" application component
2018/09/30 17:10:06 [trace] [system.web.filters.CFilterChain] Running filter SiteController.filteraccessControl()
2018/09/30 17:10:06 [trace] [system.CModule] Loading "user" application component
in E:\phpStudy\PHPTutorial\WWW\oil\oil_retail\protected\components\UserUtility.php (31)
in E:\phpStudy\PHPTutorial\WWW\oil\oil_retail\protected\components\Utility.php (247)
in E:\phpStudy\PHPTutorial\WWW\oil\oil_retail\protected\components\Controller.php (226)
2018/09/30 17:10:06 [trace] [system.CModule] Loading "session" application component
in E:\phpStudy\PHPTutorial\WWW\oil\oil_retail\protected\components\WebUser.php (26)
in E:\phpStudy\PHPTutorial\WWW\oil\oil_retail\protected\components\UserUtility.php (31)
in E:\phpStudy\PHPTutorial\WWW\oil\oil_retail\protected\components\Utility.php (247)
2018/09/30 17:10:06 [trace] [system.CModule] Loading "clientScript" application component
in E:\phpStudy\PHPTutorial\WWW\oil\oil_retail\protected\components\Controller.php (278)
in E:\phpStudy\PHPTutorial\WWW\oil\oil_retail\protected\controllers\SiteController.php (197)
2018/09/30 17:10:06 [trace] [system.CModule] Loading "log" application component
in E:\phpStudy\PHPTutorial\WWW\oil\oil_retail\index.php (17)
2018/09/30 17:10:06 [trace] [system.CModule] Loading "request" application component
in E:\phpStudy\PHPTutorial\WWW\oil\oil_retail\index.php (17)
2018/09/30 17:10:06 [trace] [system.CModule] Loading "urlManager" application component
in E:\phpStudy\PHPTutorial\WWW\oil\oil_retail\index.php (17)
2018/09/30 17:10:06 [trace] [system.CModule] Loading "coreMessages" application component
in E:\phpStudy\PHPTutorial\WWW\oil\oil_retail\index.php (17)
2018/09/30 17:10:06 [error] [exception.CHttpException.404] CHttpException: 无法解析请求 "icon/font/iconfont.css"。 in E:\phpStudy\PHPTutorial\WWW\oil\framework_php7\web\CWebApplication.php:286
Stack trace:
#0 E:\phpStudy\PHPTutorial\WWW\oil\framework_php7\web\CWebApplication.php(141): CWebApplication->runController('icon/font/iconf...')
#1 E:\phpStudy\PHPTutorial\WWW\oil\framework_php7\base\CApplication.php(186): CWebApplication->processRequest()
#2 E:\phpStudy\PHPTutorial\WWW\oil\oil_retail\index.php(17): CApplication->run()
#3 {main}
REQUEST_URI=/icon/font/iconfont.css
HTTP_REFERER=http://oil_retail.com/site/login
---
2018/09/30 17:10:06 [trace] [system.CModule] Loading "errorHandler" application component
2018/09/30 17:10:06 [trace] [system.web.filters.CFilterChain] Running filter SiteController.filteraccessControl()
2018/09/30 17:10:06 [trace] [system.CModule] Loading "user" application component
in E:\phpStudy\PHPTutorial\WWW\oil\oil_retail\protected\components\UserUtility.php (31)
in E:\phpStudy\PHPTutorial\WWW\oil\oil_retail\protected\components\Utility.php (247)
in E:\phpStudy\PHPTutorial\WWW\oil\oil_retail\protected\components\Controller.php (226)
2018/09/30 17:10:06 [trace] [system.CModule] Loading "session" application component
in E:\phpStudy\PHPTutorial\WWW\oil\oil_retail\protected\components\WebUser.php (26)
in E:\phpStudy\PHPTutorial\WWW\oil\oil_retail\protected\components\UserUtility.php (31)
in E:\phpStudy\PHPTutorial\WWW\oil\oil_retail\protected\components\Utility.php (247)
2018/09/30 17:10:06 [trace] [system.CModule] Loading "clientScript" application component
in E:\phpStudy\PHPTutorial\WWW\oil\oil_retail\protected\components\Controller.php (278)
in E:\phpStudy\PHPTutorial\WWW\oil\oil_retail\protected\controllers\SiteController.php (197)
2018/09/30 17:10:06 [trace] [system.CModule] Loading "log" application component
in E:\phpStudy\PHPTutorial\WWW\oil\oil_retail\index.php (17)
2018/09/30 17:10:06 [trace] [system.CModule] Loading "request" application component
in E:\phpStudy\PHPTutorial\WWW\oil\oil_retail\index.php (17)
2018/09/30 17:10:06 [trace] [system.CModule] Loading "urlManager" application component
in E:\phpStudy\PHPTutorial\WWW\oil\oil_retail\index.php (17)
2018/09/30 17:10:06 [trace] [system.CModule] Loading "coreMessages" application component
in E:\phpStudy\PHPTutorial\WWW\oil\oil_retail\index.php (17)
2018/09/30 17:10:06 [error] [exception.CHttpException.404] CHttpException: 无法解析请求 "css/style.css"。 in E:\phpStudy\PHPTutorial\WWW\oil\framework_php7\web\CWebApplication.php:286
Stack trace:
#0 E:\phpStudy\PHPTutorial\WWW\oil\framework_php7\web\CWebApplication.php(141): CWebApplication->runController('css/style.css')
#1 E:\phpStudy\PHPTutorial\WWW\oil\framework_php7\base\CApplication.php(186): CWebApplication->processRequest()
#2 E:\phpStudy\PHPTutorial\WWW\oil\oil_retail\index.php(17): CApplication->run()
#3 {main}
REQUEST_URI=/css/style.css?key=20180112
HTTP_REFERER=http://oil_retail.com/site/login
---
2018/09/30 17:10:06 [trace] [system.CModule] Loading "errorHandler" application component
2018/09/30 17:10:06 [trace] [system.web.filters.CFilterChain] Running filter SiteController.filteraccessControl()
2018/09/30 17:10:06 [trace] [system.CModule] Loading "user" application component
in E:\phpStudy\PHPTutorial\WWW\oil\oil_retail\protected\components\UserUtility.php (31)
in E:\phpStudy\PHPTutorial\WWW\oil\oil_retail\protected\components\Utility.php (247)
in E:\phpStudy\PHPTutorial\WWW\oil\oil_retail\protected\components\Controller.php (226)
2018/09/30 17:10:06 [trace] [system.CModule] Loading "session" application component
in E:\phpStudy\PHPTutorial\WWW\oil\oil_retail\protected\components\WebUser.php (26)
in E:\phpStudy\PHPTutorial\WWW\oil\oil_retail\protected\components\UserUtility.php (31)
in E:\phpStudy\PHPTutorial\WWW\oil\oil_retail\protected\components\Utility.php (247)
2018/09/30 17:10:06 [trace] [system.CModule] Loading "clientScript" application component
in E:\phpStudy\PHPTutorial\WWW\oil\oil_retail\protected\components\Controller.php (278)
in E:\phpStudy\PHPTutorial\WWW\oil\oil_retail\protected\controllers\SiteController.php (197)
2018/09/30 17:10:06 [trace] [system.CModule] Loading "log" application component
in E:\phpStudy\PHPTutorial\WWW\oil\oil_retail\index.php (17)
2018/09/30 17:10:06 [trace] [system.CModule] Loading "request" application component
in E:\phpStudy\PHPTutorial\WWW\oil\oil_retail\index.php (17)
2018/09/30 17:10:06 [trace] [system.CModule] Loading "urlManager" application component
in E:\phpStudy\PHPTutorial\WWW\oil\oil_retail\index.php (17)
2018/09/30 17:10:06 [trace] [system.CModule] Loading "coreMessages" application component
in E:\phpStudy\PHPTutorial\WWW\oil\oil_retail\index.php (17)
2018/09/30 17:10:06 [error] [exception.CHttpException.404] CHttpException: 无法解析请求 "css/style.css"。 in E:\phpStudy\PHPTutorial\WWW\oil\framework_php7\web\CWebApplication.php:286
Stack trace:
#0 E:\phpStudy\PHPTutorial\WWW\oil\framework_php7\web\CWebApplication.php(141): CWebApplication->runController('css/style.css')
#1 E:\phpStudy\PHPTutorial\WWW\oil\framework_php7\base\CApplication.php(186): CWebApplication->processRequest()
#2 E:\phpStudy\PHPTutorial\WWW\oil\oil_retail\index.php(17): CApplication->run()
#3 {main}
REQUEST_URI=/css/style.css?key=20180112
HTTP_REFERER=http://oil_retail.com/site/login
---
2018/09/30 17:10:06 [trace] [system.CModule] Loading "errorHandler" application component
2018/09/30 17:10:06 [trace] [system.web.filters.CFilterChain] Running filter SiteController.filteraccessControl()
2018/09/30 17:10:06 [trace] [system.CModule] Loading "user" application component
in E:\phpStudy\PHPTutorial\WWW\oil\oil_retail\protected\components\UserUtility.php (31)
in E:\phpStudy\PHPTutorial\WWW\oil\oil_retail\protected\components\Utility.php (247)
in E:\phpStudy\PHPTutorial\WWW\oil\oil_retail\protected\components\Controller.php (226)
2018/09/30 17:10:06 [trace] [system.CModule] Loading "session" application component
in E:\phpStudy\PHPTutorial\WWW\oil\oil_retail\protected\components\WebUser.php (26)
in E:\phpStudy\PHPTutorial\WWW\oil\oil_retail\protected\components\UserUtility.php (31)
in E:\phpStudy\PHPTutorial\WWW\oil\oil_retail\protected\components\Utility.php (247)
2018/09/30 17:10:06 [trace] [system.CModule] Loading "clientScript" application component
in E:\phpStudy\PHPTutorial\WWW\oil\oil_retail\protected\components\Controller.php (278)
in E:\phpStudy\PHPTutorial\WWW\oil\oil_retail\protected\controllers\SiteController.php (197)
2018/09/30 17:10:06 [trace] [system.CModule] Loading "log" application component
in E:\phpStudy\PHPTutorial\WWW\oil\oil_retail\index.php (17)
2018/09/30 17:10:06 [trace] [system.CModule] Loading "request" application component
in E:\phpStudy\PHPTutorial\WWW\oil\oil_retail\index.php (17)
2018/09/30 17:10:06 [trace] [system.CModule] Loading "urlManager" application component
in E:\phpStudy\PHPTutorial\WWW\oil\oil_retail\index.php (17)
2018/09/30 17:10:06 [trace] [system.CModule] Loading "coreMessages" application component
in E:\phpStudy\PHPTutorial\WWW\oil\oil_retail\index.php (17)
2018/09/30 17:10:06 [error] [exception.CHttpException.404] CHttpException: 无法解析请求 "plugins/datetimepicker/js/bootstrap-datetimepicker.min.js"。 in E:\phpStudy\PHPTutorial\WWW\oil\framework_php7\web\CWebApplication.php:286
Stack trace:
#0 E:\phpStudy\PHPTutorial\WWW\oil\framework_php7\web\CWebApplication.php(141): CWebApplication->runController('plugins/datetim...')
#1 E:\phpStudy\PHPTutorial\WWW\oil\framework_php7\base\CApplication.php(186): CWebApplication->processRequest()
#2 E:\phpStudy\PHPTutorial\WWW\oil\oil_retail\index.php(17): CApplication->run()
#3 {main}
REQUEST_URI=/plugins/datetimepicker/js/bootstrap-datetimepicker.min.js
HTTP_REFERER=http://oil_retail.com/site/login
---
2018/09/30 17:10:06 [trace] [system.CModule] Loading "errorHandler" application component
2018/09/30 17:10:06 [trace] [system.web.filters.CFilterChain] Running filter SiteController.filteraccessControl()
2018/09/30 17:10:06 [trace] [system.CModule] Loading "user" application component
in E:\phpStudy\PHPTutorial\WWW\oil\oil_retail\protected\components\UserUtility.php (31)
in E:\phpStudy\PHPTutorial\WWW\oil\oil_retail\protected\components\Utility.php (247)
in E:\phpStudy\PHPTutorial\WWW\oil\oil_retail\protected\components\Controller.php (226)
2018/09/30 17:10:06 [trace] [system.CModule] Loading "session" application component
in E:\phpStudy\PHPTutorial\WWW\oil\oil_retail\protected\components\WebUser.php (26)
in E:\phpStudy\PHPTutorial\WWW\oil\oil_retail\protected\components\UserUtility.php (31)
in E:\phpStudy\PHPTutorial\WWW\oil\oil_retail\protected\components\Utility.php (247)
2018/09/30 17:10:06 [trace] [system.CModule] Loading "clientScript" application component
in E:\phpStudy\PHPTutorial\WWW\oil\oil_retail\protected\components\Controller.php (278)
in E:\phpStudy\PHPTutorial\WWW\oil\oil_retail\protected\controllers\SiteController.php (197)
2018/09/30 17:10:06 [trace] [system.CModule] Loading "log" application component
in E:\phpStudy\PHPTutorial\WWW\oil\oil_retail\index.php (17)
2018/09/30 17:10:06 [trace] [system.CModule] Loading "request" application component
in E:\phpStudy\PHPTutorial\WWW\oil\oil_retail\index.php (17)
2018/09/30 17:10:06 [trace] [system.CModule] Loading "urlManager" application component
in E:\phpStudy\PHPTutorial\WWW\oil\oil_retail\index.php (17)
2018/09/30 17:10:06 [trace] [system.CModule] Loading "coreMessages" application component
in E:\phpStudy\PHPTutorial\WWW\oil\oil_retail\index.php (17)
2018/09/30 17:10:06 [error] [exception.CHttpException.404] CHttpException: 无法解析请求 "plugins/datetimepicker/js/bootstrap-datetimepicker.min.js"。 in E:\phpStudy\PHPTutorial\WWW\oil\framework_php7\web\CWebApplication.php:286
Stack trace:
#0 E:\phpStudy\PHPTutorial\WWW\oil\framework_php7\web\CWebApplication.php(141): CWebApplication->runController('plugins/datetim...')
#1 E:\phpStudy\PHPTutorial\WWW\oil\framework_php7\base\CApplication.php(186): CWebApplication->processRequest()
#2 E:\phpStudy\PHPTutorial\WWW\oil\oil_retail\index.php(17): CApplication->run()
#3 {main}
REQUEST_URI=/plugins/datetimepicker/js/bootstrap-datetimepicker.min.js
HTTP_REFERER=http://oil_retail.com/site/login
---
2018/09/30 17:10:06 [trace] [system.CModule] Loading "errorHandler" application component
2018/09/30 17:10:06 [trace] [system.web.filters.CFilterChain] Running filter SiteController.filteraccessControl()
2018/09/30 17:10:06 [trace] [system.CModule] Loading "user" application component
in E:\phpStudy\PHPTutorial\WWW\oil\oil_retail\protected\components\UserUtility.php (31)
in E:\phpStudy\PHPTutorial\WWW\oil\oil_retail\protected\components\Utility.php (247)
in E:\phpStudy\PHPTutorial\WWW\oil\oil_retail\protected\components\Controller.php (226)
2018/09/30 17:10:06 [trace] [system.CModule] Loading "session" application component
in E:\phpStudy\PHPTutorial\WWW\oil\oil_retail\protected\components\WebUser.php (26)
in E:\phpStudy\PHPTutorial\WWW\oil\oil_retail\protected\components\UserUtility.php (31)
in E:\phpStudy\PHPTutorial\WWW\oil\oil_retail\protected\components\Utility.php (247)
2018/09/30 17:10:06 [trace] [system.CModule] Loading "clientScript" application component
in E:\phpStudy\PHPTutorial\WWW\oil\oil_retail\protected\components\Controller.php (278)
in E:\phpStudy\PHPTutorial\WWW\oil\oil_retail\protected\controllers\SiteController.php (197)
2018/09/30 17:10:06 [trace] [system.CModule] Loading "log" application component
in E:\phpStudy\PHPTutorial\WWW\oil\oil_retail\index.php (17)
2018/09/30 17:10:06 [trace] [system.CModule] Loading "request" application component
in E:\phpStudy\PHPTutorial\WWW\oil\oil_retail\index.php (17)
2018/09/30 17:10:06 [trace] [system.CModule] Loading "urlManager" application component
in E:\phpStudy\PHPTutorial\WWW\oil\oil_retail\index.php (17)
2018/09/30 17:10:06 [trace] [system.CModule] Loading "coreMessages" application component
in E:\phpStudy\PHPTutorial\WWW\oil\oil_retail\index.php (17)
2018/09/30 17:10:06 [error] [exception.CHttpException.404] CHttpException: 无法解析请求 "plugins/dataTables/datatables.min.js"。 in E:\phpStudy\PHPTutorial\WWW\oil\framework_php7\web\CWebApplication.php:286
Stack trace:
#0 E:\phpStudy\PHPTutorial\WWW\oil\framework_php7\web\CWebApplication.php(141): CWebApplication->runController('plugins/dataTab...')
#1 E:\phpStudy\PHPTutorial\WWW\oil\framework_php7\base\CApplication.php(186): CWebApplication->processRequest()
#2 E:\phpStudy\PHPTutorial\WWW\oil\oil_retail\index.php(17): CApplication->run()
#3 {main}
REQUEST_URI=/plugins/dataTables/datatables.min.js
HTTP_REFERER=http://oil_retail.com/site/login
---
2018/09/30 17:10:06 [trace] [system.CModule] Loading "errorHandler" application component
2018/09/30 17:10:07 [trace] [system.web.filters.CFilterChain] Running filter SiteController.filteraccessControl()
2018/09/30 17:10:07 [trace] [system.CModule] Loading "user" application component
in E:\phpStudy\PHPTutorial\WWW\oil\oil_retail\protected\components\UserUtility.php (31)
in E:\phpStudy\PHPTutorial\WWW\oil\oil_retail\protected\components\Utility.php (247)
in E:\phpStudy\PHPTutorial\WWW\oil\oil_retail\protected\components\Controller.php (226)
2018/09/30 17:10:07 [trace] [system.CModule] Loading "session" application component
in E:\phpStudy\PHPTutorial\WWW\oil\oil_retail\protected\components\WebUser.php (26)
in E:\phpStudy\PHPTutorial\WWW\oil\oil_retail\protected\components\UserUtility.php (31)
in E:\phpStudy\PHPTutorial\WWW\oil\oil_retail\protected\components\Utility.php (247)
2018/09/30 17:10:07 [trace] [system.CModule] Loading "clientScript" application component
in E:\phpStudy\PHPTutorial\WWW\oil\oil_retail\protected\components\Controller.php (278)
in E:\phpStudy\PHPTutorial\WWW\oil\oil_retail\protected\controllers\SiteController.php (197)
2018/09/30 17:10:06 [trace] [system.CModule] Loading "log" application component
in E:\phpStudy\PHPTutorial\WWW\oil\oil_retail\index.php (17)
2018/09/30 17:10:06 [trace] [system.CModule] Loading "request" application component
in E:\phpStudy\PHPTutorial\WWW\oil\oil_retail\index.php (17)
2018/09/30 17:10:06 [trace] [system.CModule] Loading "urlManager" application component
in E:\phpStudy\PHPTutorial\WWW\oil\oil_retail\index.php (17)
2018/09/30 17:10:06 [trace] [system.CModule] Loading "coreMessages" application component
in E:\phpStudy\PHPTutorial\WWW\oil\oil_retail\index.php (17)
2018/09/30 17:10:06 [error] [exception.CHttpException.404] CHttpException: 无法解析请求 "plugins/dataTables/datatables.min.js"。 in E:\phpStudy\PHPTutorial\WWW\oil\framework_php7\web\CWebApplication.php:286
Stack trace:
#0 E:\phpStudy\PHPTutorial\WWW\oil\framework_php7\web\CWebApplication.php(141): CWebApplication->runController('plugins/dataTab...')
#1 E:\phpStudy\PHPTutorial\WWW\oil\framework_php7\base\CApplication.php(186): CWebApplication->processRequest()
#2 E:\phpStudy\PHPTutorial\WWW\oil\oil_retail\index.php(17): CApplication->run()
#3 {main}
REQUEST_URI=/plugins/dataTables/datatables.min.js
HTTP_REFERER=http://oil_retail.com/site/login
---
2018/09/30 17:10:06 [trace] [system.CModule] Loading "errorHandler" application component
2018/09/30 17:10:07 [trace] [system.web.filters.CFilterChain] Running filter SiteController.filteraccessControl()
2018/09/30 17:10:07 [trace] [system.CModule] Loading "user" application component
in E:\phpStudy\PHPTutorial\WWW\oil\oil_retail\protected\components\UserUtility.php (31)
in E:\phpStudy\PHPTutorial\WWW\oil\oil_retail\protected\components\Utility.php (247)
in E:\phpStudy\PHPTutorial\WWW\oil\oil_retail\protected\components\Controller.php (226)
2018/09/30 17:10:07 [trace] [system.CModule] Loading "session" application component
in E:\phpStudy\PHPTutorial\WWW\oil\oil_retail\protected\components\WebUser.php (26)
in E:\phpStudy\PHPTutorial\WWW\oil\oil_retail\protected\components\UserUtility.php (31)
in E:\phpStudy\PHPTutorial\WWW\oil\oil_retail\protected\components\Utility.php (247)
2018/09/30 17:10:07 [trace] [system.CModule] Loading "clientScript" application component
in E:\phpStudy\PHPTutorial\WWW\oil\oil_retail\protected\components\Controller.php (278)
in E:\phpStudy\PHPTutorial\WWW\oil\oil_retail\protected\controllers\SiteController.php (197)
2018/09/30 17:10:07 [trace] [system.CModule] Loading "log" application component
in E:\phpStudy\PHPTutorial\WWW\oil\oil_retail\index.php (17)
2018/09/30 17:10:07 [trace] [system.CModule] Loading "request" application component
in E:\phpStudy\PHPTutorial\WWW\oil\oil_retail\index.php (17)
2018/09/30 17:10:07 [trace] [system.CModule] Loading "urlManager" application component
in E:\phpStudy\PHPTutorial\WWW\oil\oil_retail\index.php (17)
2018/09/30 17:10:07 [trace] [system.CModule] Loading "coreMessages" application component
in E:\phpStudy\PHPTutorial\WWW\oil\oil_retail\index.php (17)
2018/09/30 17:10:07 [error] [exception.CHttpException.404] CHttpException: 无法解析请求 "plugins/datetimepicker/js/bootstrap-datetimepicker.min.js"。 in E:\phpStudy\PHPTutorial\WWW\oil\framework_php7\web\CWebApplication.php:286
Stack trace:
#0 E:\phpStudy\PHPTutorial\WWW\oil\framework_php7\web\CWebApplication.php(141): CWebApplication->runController('plugins/datetim...')
#1 E:\phpStudy\PHPTutorial\WWW\oil\framework_php7\base\CApplication.php(186): CWebApplication->processRequest()
#2 E:\phpStudy\PHPTutorial\WWW\oil\oil_retail\index.php(17): CApplication->run()
#3 {main}
REQUEST_URI=/plugins/datetimepicker/js/bootstrap-datetimepicker.min.js
HTTP_REFERER=http://oil_retail.com/site/login
---
2018/09/30 17:10:07 [trace] [system.CModule] Loading "errorHandler" application component
2018/09/30 17:10:07 [trace] [system.web.filters.CFilterChain] Running filter SiteController.filteraccessControl()
2018/09/30 17:10:07 [trace] [system.CModule] Loading "user" application component
in E:\phpStudy\PHPTutorial\WWW\oil\oil_retail\protected\components\UserUtility.php (31)
in E:\phpStudy\PHPTutorial\WWW\oil\oil_retail\protected\components\Utility.php (247)
in E:\phpStudy\PHPTutorial\WWW\oil\oil_retail\protected\components\Controller.php (226)
2018/09/30 17:10:07 [trace] [system.CModule] Loading "session" application component
in E:\phpStudy\PHPTutorial\WWW\oil\oil_retail\protected\components\WebUser.php (26)
in E:\phpStudy\PHPTutorial\WWW\oil\oil_retail\protected\components\UserUtility.php (31)
in E:\phpStudy\PHPTutorial\WWW\oil\oil_retail\protected\components\Utility.php (247)
2018/09/30 17:10:07 [trace] [system.CModule] Loading "clientScript" application component
in E:\phpStudy\PHPTutorial\WWW\oil\oil_retail\protected\components\Controller.php (278)
in E:\phpStudy\PHPTutorial\WWW\oil\oil_retail\protected\controllers\SiteController.php (197)
2018/09/30 17:10:07 [trace] [system.CModule] Loading "log" application component
in E:\phpStudy\PHPTutorial\WWW\oil\oil_retail\index.php (17)
2018/09/30 17:10:07 [trace] [system.CModule] Loading "request" application component
in E:\phpStudy\PHPTutorial\WWW\oil\oil_retail\index.php (17)
2018/09/30 17:10:07 [trace] [system.CModule] Loading "urlManager" application component
in E:\phpStudy\PHPTutorial\WWW\oil\oil_retail\index.php (17)
2018/09/30 17:10:07 [trace] [system.CModule] Loading "coreMessages" application component
in E:\phpStudy\PHPTutorial\WWW\oil\oil_retail\index.php (17)
2018/09/30 17:10:07 [error] [exception.CHttpException.404] CHttpException: 无法解析请求 "plugins/datetimepicker/js/bootstrap-datetimepicker.min.js"。 in E:\phpStudy\PHPTutorial\WWW\oil\framework_php7\web\CWebApplication.php:286
Stack trace:
#0 E:\phpStudy\PHPTutorial\WWW\oil\framework_php7\web\CWebApplication.php(141): CWebApplication->runController('plugins/datetim...')
#1 E:\phpStudy\PHPTutorial\WWW\oil\framework_php7\base\CApplication.php(186): CWebApplication->processRequest()
#2 E:\phpStudy\PHPTutorial\WWW\oil\oil_retail\index.php(17): CApplication->run()
#3 {main}
REQUEST_URI=/plugins/datetimepicker/js/bootstrap-datetimepicker.min.js
HTTP_REFERER=http://oil_retail.com/site/login
---
2018/09/30 17:10:07 [trace] [system.CModule] Loading "errorHandler" application component
2018/09/30 17:10:07 [trace] [system.web.filters.CFilterChain] Running filter SiteController.filteraccessControl()
2018/09/30 17:10:07 [trace] [system.CModule] Loading "user" application component
in E:\phpStudy\PHPTutorial\WWW\oil\oil_retail\protected\components\UserUtility.php (31)
in E:\phpStudy\PHPTutorial\WWW\oil\oil_retail\protected\components\Utility.php (247)
in E:\phpStudy\PHPTutorial\WWW\oil\oil_retail\protected\components\Controller.php (226)
2018/09/30 17:10:07 [trace] [system.CModule] Loading "session" application component
in E:\phpStudy\PHPTutorial\WWW\oil\oil_retail\protected\components\WebUser.php (26)
in E:\phpStudy\PHPTutorial\WWW\oil\oil_retail\protected\components\UserUtility.php (31)
in E:\phpStudy\PHPTutorial\WWW\oil\oil_retail\protected\components\Utility.php (247)
2018/09/30 17:10:07 [trace] [system.CModule] Loading "clientScript" application component
in E:\phpStudy\PHPTutorial\WWW\oil\oil_retail\protected\components\Controller.php (278)
in E:\phpStudy\PHPTutorial\WWW\oil\oil_retail\protected\controllers\SiteController.php (197)
2018/09/30 17:10:07 [trace] [system.CModule] Loading "log" application component
in E:\phpStudy\PHPTutorial\WWW\oil\oil_retail\index.php (17)
2018/09/30 17:10:07 [trace] [system.CModule] Loading "request" application component
in E:\phpStudy\PHPTutorial\WWW\oil\oil_retail\index.php (17)
2018/09/30 17:10:07 [trace] [system.CModule] Loading "urlManager" application component
in E:\phpStudy\PHPTutorial\WWW\oil\oil_retail\index.php (17)
2018/09/30 17:10:07 [trace] [system.CModule] Loading "coreMessages" application component
in E:\phpStudy\PHPTutorial\WWW\oil\oil_retail\index.php (17)
2018/09/30 17:10:07 [error] [exception.CHttpException.404] CHttpException: 无法解析请求 "plugins/datetimepicker/css/bootstrap-datetimepicker.min.css"。 in E:\phpStudy\PHPTutorial\WWW\oil\framework_php7\web\CWebApplication.php:286
Stack trace:
#0 E:\phpStudy\PHPTutorial\WWW\oil\framework_php7\web\CWebApplication.php(141): CWebApplication->runController('plugins/datetim...')
#1 E:\phpStudy\PHPTutorial\WWW\oil\framework_php7\base\CApplication.php(186): CWebApplication->processRequest()
#2 E:\phpStudy\PHPTutorial\WWW\oil\oil_retail\index.php(17): CApplication->run()
#3 {main}
REQUEST_URI=/plugins/datetimepicker/css/bootstrap-datetimepicker.min.css
HTTP_REFERER=http://oil_retail.com/site/login
---
2018/09/30 17:10:07 [trace] [system.CModule] Loading "errorHandler" application component
2018/09/30 17:10:07 [trace] [system.web.filters.CFilterChain] Running filter SiteController.filteraccessControl()
2018/09/30 17:10:07 [trace] [system.CModule] Loading "user" application component
in E:\phpStudy\PHPTutorial\WWW\oil\oil_retail\protected\components\UserUtility.php (31)
in E:\phpStudy\PHPTutorial\WWW\oil\oil_retail\protected\components\Utility.php (247)
in E:\phpStudy\PHPTutorial\WWW\oil\oil_retail\protected\components\Controller.php (226)
2018/09/30 17:10:07 [trace] [system.CModule] Loading "session" application component
in E:\phpStudy\PHPTutorial\WWW\oil\oil_retail\protected\components\WebUser.php (26)
in E:\phpStudy\PHPTutorial\WWW\oil\oil_retail\protected\components\UserUtility.php (31)
in E:\phpStudy\PHPTutorial\WWW\oil\oil_retail\protected\components\Utility.php (247)
2018/09/30 17:10:07 [trace] [system.CModule] Loading "clientScript" application component
in E:\phpStudy\PHPTutorial\WWW\oil\oil_retail\protected\components\Controller.php (278)
in E:\phpStudy\PHPTutorial\WWW\oil\oil_retail\protected\controllers\SiteController.php (197)
2018/09/30 17:10:07 [trace] [system.CModule] Loading "log" application component
in E:\phpStudy\PHPTutorial\WWW\oil\oil_retail\index.php (17)
2018/09/30 17:10:07 [trace] [system.CModule] Loading "request" application component
in E:\phpStudy\PHPTutorial\WWW\oil\oil_retail\index.php (17)
2018/09/30 17:10:07 [trace] [system.CModule] Loading "urlManager" application component
in E:\phpStudy\PHPTutorial\WWW\oil\oil_retail\index.php (17)
2018/09/30 17:10:07 [trace] [system.CModule] Loading "coreMessages" application component
in E:\phpStudy\PHPTutorial\WWW\oil\oil_retail\index.php (17)
2018/09/30 17:10:07 [error] [exception.CHttpException.404] CHttpException: 无法解析请求 "plugins/datetimepicker/css/bootstrap-datetimepicker.min.css"。 in E:\phpStudy\PHPTutorial\WWW\oil\framework_php7\web\CWebApplication.php:286
Stack trace:
#0 E:\phpStudy\PHPTutorial\WWW\oil\framework_php7\web\CWebApplication.php(141): CWebApplication->runController('plugins/datetim...')
#1 E:\phpStudy\PHPTutorial\WWW\oil\framework_php7\base\CApplication.php(186): CWebApplication->processRequest()
#2 E:\phpStudy\PHPTutorial\WWW\oil\oil_retail\index.php(17): CApplication->run()
#3 {main}
REQUEST_URI=/plugins/datetimepicker/css/bootstrap-datetimepicker.min.css
HTTP_REFERER=http://oil_retail.com/site/login
---
2018/09/30 17:10:07 [trace] [system.CModule] Loading "errorHandler" application component
2018/09/30 17:10:07 [trace] [system.web.filters.CFilterChain] Running filter SiteController.filteraccessControl()
2018/09/30 17:10:07 [trace] [system.CModule] Loading "user" application component
in E:\phpStudy\PHPTutorial\WWW\oil\oil_retail\protected\components\UserUtility.php (31)
in E:\phpStudy\PHPTutorial\WWW\oil\oil_retail\protected\components\Utility.php (247)
in E:\phpStudy\PHPTutorial\WWW\oil\oil_retail\protected\components\Controller.php (226)
2018/09/30 17:10:07 [trace] [system.CModule] Loading "session" application component
in E:\phpStudy\PHPTutorial\WWW\oil\oil_retail\protected\components\WebUser.php (26)
in E:\phpStudy\PHPTutorial\WWW\oil\oil_retail\protected\components\UserUtility.php (31)
in E:\phpStudy\PHPTutorial\WWW\oil\oil_retail\protected\components\Utility.php (247)
2018/09/30 17:10:07 [trace] [system.CModule] Loading "clientScript" application component
in E:\phpStudy\PHPTutorial\WWW\oil\oil_retail\protected\components\Controller.php (278)
in E:\phpStudy\PHPTutorial\WWW\oil\oil_retail\protected\controllers\SiteController.php (197)
2018/09/30 17:10:07 [trace] [system.CModule] Loading "log" application component
in E:\phpStudy\PHPTutorial\WWW\oil\oil_retail\index.php (17)
2018/09/30 17:10:07 [trace] [system.CModule] Loading "request" application component
in E:\phpStudy\PHPTutorial\WWW\oil\oil_retail\index.php (17)
2018/09/30 17:10:07 [trace] [system.CModule] Loading "urlManager" application component
in E:\phpStudy\PHPTutorial\WWW\oil\oil_retail\index.php (17)
2018/09/30 17:10:07 [trace] [system.CModule] Loading "coreMessages" application component
in E:\phpStudy\PHPTutorial\WWW\oil\oil_retail\index.php (17)
2018/09/30 17:10:07 [error] [exception.CHttpException.404] CHttpException: 无法解析请求 "css/bootstrap-select/bootstrap-select.min.css"。 in E:\phpStudy\PHPTutorial\WWW\oil\framework_php7\web\CWebApplication.php:286
Stack trace:
#0 E:\phpStudy\PHPTutorial\WWW\oil\framework_php7\web\CWebApplication.php(141): CWebApplication->runController('css/bootstrap-s...')
#1 E:\phpStudy\PHPTutorial\WWW\oil\framework_php7\base\CApplication.php(186): CWebApplication->processRequest()
#2 E:\phpStudy\PHPTutorial\WWW\oil\oil_retail\index.php(17): CApplication->run()
#3 {main}
REQUEST_URI=/css/bootstrap-select/bootstrap-select.min.css
HTTP_REFERER=http://oil_retail.com/site/login
---
2018/09/30 17:10:07 [trace] [system.CModule] Loading "errorHandler" application component
2018/09/30 17:10:07 [trace] [system.web.filters.CFilterChain] Running filter SiteController.filteraccessControl()
2018/09/30 17:10:07 [trace] [system.CModule] Loading "user" application component
in E:\phpStudy\PHPTutorial\WWW\oil\oil_retail\protected\components\UserUtility.php (31)
in E:\phpStudy\PHPTutorial\WWW\oil\oil_retail\protected\components\Utility.php (247)
in E:\phpStudy\PHPTutorial\WWW\oil\oil_retail\protected\components\Controller.php (226)
2018/09/30 17:10:07 [trace] [system.CModule] Loading "session" application component
in E:\phpStudy\PHPTutorial\WWW\oil\oil_retail\protected\components\WebUser.php (26)
in E:\phpStudy\PHPTutorial\WWW\oil\oil_retail\protected\components\UserUtility.php (31)
in E:\phpStudy\PHPTutorial\WWW\oil\oil_retail\protected\components\Utility.php (247)
2018/09/30 17:10:07 [trace] [system.CModule] Loading "clientScript" application component
in E:\phpStudy\PHPTutorial\WWW\oil\oil_retail\protected\components\Controller.php (278)
in E:\phpStudy\PHPTutorial\WWW\oil\oil_retail\protected\controllers\SiteController.php (197)
2018/09/30 17:10:07 [trace] [system.CModule] Loading "log" application component
in E:\phpStudy\PHPTutorial\WWW\oil\oil_retail\index.php (17)
2018/09/30 17:10:07 [trace] [system.CModule] Loading "request" application component
in E:\phpStudy\PHPTutorial\WWW\oil\oil_retail\index.php (17)
2018/09/30 17:10:07 [trace] [system.CModule] Loading "urlManager" application component
in E:\phpStudy\PHPTutorial\WWW\oil\oil_retail\index.php (17)
2018/09/30 17:10:07 [trace] [system.CModule] Loading "coreMessages" application component
in E:\phpStudy\PHPTutorial\WWW\oil\oil_retail\index.php (17)
2018/09/30 17:10:07 [error] [exception.CHttpException.404] CHttpException: 无法解析请求 "css/bootstrap-select/bootstrap-select.min.css"。 in E:\phpStudy\PHPTutorial\WWW\oil\framework_php7\web\CWebApplication.php:286
Stack trace:
#0 E:\phpStudy\PHPTutorial\WWW\oil\framework_php7\web\CWebApplication.php(141): CWebApplication->runController('css/bootstrap-s...')
#1 E:\phpStudy\PHPTutorial\WWW\oil\framework_php7\base\CApplication.php(186): CWebApplication->processRequest()
#2 E:\phpStudy\PHPTutorial\WWW\oil\oil_retail\index.php(17): CApplication->run()
#3 {main}
REQUEST_URI=/css/bootstrap-select/bootstrap-select.min.css
HTTP_REFERER=http://oil_retail.com/site/login
---
2018/09/30 17:10:07 [trace] [system.CModule] Loading "errorHandler" application component
2018/09/30 17:10:07 [trace] [system.web.filters.CFilterChain] Running filter SiteController.filteraccessControl()
2018/09/30 17:10:07 [trace] [system.CModule] Loading "user" application component
in E:\phpStudy\PHPTutorial\WWW\oil\oil_retail\protected\components\UserUtility.php (31)
in E:\phpStudy\PHPTutorial\WWW\oil\oil_retail\protected\components\Utility.php (247)
in E:\phpStudy\PHPTutorial\WWW\oil\oil_retail\protected\components\Controller.php (226)
2018/09/30 17:10:07 [trace] [system.CModule] Loading "session" application component
in E:\phpStudy\PHPTutorial\WWW\oil\oil_retail\protected\components\WebUser.php (26)
in E:\phpStudy\PHPTutorial\WWW\oil\oil_retail\protected\components\UserUtility.php (31)
in E:\phpStudy\PHPTutorial\WWW\oil\oil_retail\protected\components\Utility.php (247)
2018/09/30 17:10:07 [trace] [system.CModule] Loading "clientScript" application component
in E:\phpStudy\PHPTutorial\WWW\oil\oil_retail\protected\components\Controller.php (278)
in E:\phpStudy\PHPTutorial\WWW\oil\oil_retail\protected\controllers\SiteController.php (197)
2018/09/30 17:10:07 [trace] [system.CModule] Loading "log" application component
in E:\phpStudy\PHPTutorial\WWW\oil\oil_retail\index.php (17)
2018/09/30 17:10:07 [trace] [system.CModule] Loading "request" application component
in E:\phpStudy\PHPTutorial\WWW\oil\oil_retail\index.php (17)
2018/09/30 17:10:07 [trace] [system.CModule] Loading "urlManager" application component
in E:\phpStudy\PHPTutorial\WWW\oil\oil_retail\index.php (17)
2018/09/30 17:10:07 [trace] [system.CModule] Loading "coreMessages" application component
in E:\phpStudy\PHPTutorial\WWW\oil\oil_retail\index.php (17)
2018/09/30 17:10:07 [error] [exception.CHttpException.404] CHttpException: 无法解析请求 "css/tokenfield/bootstrap-tokenfield.min.css"。 in E:\phpStudy\PHPTutorial\WWW\oil\framework_php7\web\CWebApplication.php:286
Stack trace:
#0 E:\phpStudy\PHPTutorial\WWW\oil\framework_php7\web\CWebApplication.php(141): CWebApplication->runController('css/tokenfield/...')
#1 E:\phpStudy\PHPTutorial\WWW\oil\framework_php7\base\CApplication.php(186): CWebApplication->processRequest()
#2 E:\phpStudy\PHPTutorial\WWW\oil\oil_retail\index.php(17): CApplication->run()
#3 {main}
REQUEST_URI=/css/tokenfield/bootstrap-tokenfield.min.css
HTTP_REFERER=http://oil_retail.com/site/login
---
2018/09/30 17:10:07 [trace] [system.CModule] Loading "errorHandler" application component
2018/09/30 17:10:07 [trace] [system.web.filters.CFilterChain] Running filter SiteController.filteraccessControl()
2018/09/30 17:10:07 [trace] [system.CModule] Loading "user" application component
in E:\phpStudy\PHPTutorial\WWW\oil\oil_retail\protected\components\UserUtility.php (31)
in E:\phpStudy\PHPTutorial\WWW\oil\oil_retail\protected\components\Utility.php (247)
in E:\phpStudy\PHPTutorial\WWW\oil\oil_retail\protected\components\Controller.php (226)
2018/09/30 17:10:07 [trace] [system.CModule] Loading "session" application component
in E:\phpStudy\PHPTutorial\WWW\oil\oil_retail\protected\components\WebUser.php (26)
in E:\phpStudy\PHPTutorial\WWW\oil\oil_retail\protected\components\UserUtility.php (31)
in E:\phpStudy\PHPTutorial\WWW\oil\oil_retail\protected\components\Utility.php (247)
2018/09/30 17:10:07 [trace] [system.CModule] Loading "clientScript" application component
in E:\phpStudy\PHPTutorial\WWW\oil\oil_retail\protected\components\Controller.php (278)
in E:\phpStudy\PHPTutorial\WWW\oil\oil_retail\protected\controllers\SiteController.php (197)
2018/09/30 17:10:07 [trace] [system.CModule] Loading "log" application component
in E:\phpStudy\PHPTutorial\WWW\oil\oil_retail\index.php (17)
2018/09/30 17:10:07 [trace] [system.CModule] Loading "request" application component
in E:\phpStudy\PHPTutorial\WWW\oil\oil_retail\index.php (17)
2018/09/30 17:10:07 [trace] [system.CModule] Loading "urlManager" application component
in E:\phpStudy\PHPTutorial\WWW\oil\oil_retail\index.php (17)
2018/09/30 17:10:07 [trace] [system.CModule] Loading "coreMessages" application component
in E:\phpStudy\PHPTutorial\WWW\oil\oil_retail\index.php (17)
2018/09/30 17:10:07 [error] [exception.CHttpException.404] CHttpException: 无法解析请求 "css/tokenfield/bootstrap-tokenfield.min.css"。 in E:\phpStudy\PHPTutorial\WWW\oil\framework_php7\web\CWebApplication.php:286
Stack trace:
#0 E:\phpStudy\PHPTutorial\WWW\oil\framework_php7\web\CWebApplication.php(141): CWebApplication->runController('css/tokenfield/...')
#1 E:\phpStudy\PHPTutorial\WWW\oil\framework_php7\base\CApplication.php(186): CWebApplication->processRequest()
#2 E:\phpStudy\PHPTutorial\WWW\oil\oil_retail\index.php(17): CApplication->run()
#3 {main}
REQUEST_URI=/css/tokenfield/bootstrap-tokenfield.min.css
HTTP_REFERER=http://oil_retail.com/site/login
---
2018/09/30 17:10:07 [trace] [system.CModule] Loading "errorHandler" application component
2018/09/30 17:10:07 [trace] [system.web.filters.CFilterChain] Running filter SiteController.filteraccessControl()
2018/09/30 17:10:07 [trace] [system.CModule] Loading "user" application component
in E:\phpStudy\PHPTutorial\WWW\oil\oil_retail\protected\components\UserUtility.php (31)
in E:\phpStudy\PHPTutorial\WWW\oil\oil_retail\protected\components\Utility.php (247)
in E:\phpStudy\PHPTutorial\WWW\oil\oil_retail\protected\components\Controller.php (226)
2018/09/30 17:10:07 [trace] [system.CModule] Loading "session" application component
in E:\phpStudy\PHPTutorial\WWW\oil\oil_retail\protected\components\WebUser.php (26)
in E:\phpStudy\PHPTutorial\WWW\oil\oil_retail\protected\components\UserUtility.php (31)
in E:\phpStudy\PHPTutorial\WWW\oil\oil_retail\protected\components\Utility.php (247)
2018/09/30 17:10:07 [trace] [system.CModule] Loading "clientScript" application component
in E:\phpStudy\PHPTutorial\WWW\oil\oil_retail\protected\components\Controller.php (278)
in E:\phpStudy\PHPTutorial\WWW\oil\oil_retail\protected\controllers\SiteController.php (197)
2018/09/30 17:10:07 [trace] [system.CModule] Loading "log" application component
in E:\phpStudy\PHPTutorial\WWW\oil\oil_retail\index.php (17)
2018/09/30 17:10:07 [trace] [system.CModule] Loading "request" application component
in E:\phpStudy\PHPTutorial\WWW\oil\oil_retail\index.php (17)
2018/09/30 17:10:07 [trace] [system.CModule] Loading "urlManager" application component
in E:\phpStudy\PHPTutorial\WWW\oil\oil_retail\index.php (17)
2018/09/30 17:10:07 [trace] [system.CModule] Loading "coreMessages" application component
in E:\phpStudy\PHPTutorial\WWW\oil\oil_retail\index.php (17)
2018/09/30 17:10:07 [error] [exception.CHttpException.404] CHttpException: 无法解析请求 "plugins/dataTables/datatables.min.js"。 in E:\phpStudy\PHPTutorial\WWW\oil\framework_php7\web\CWebApplication.php:286
Stack trace:
#0 E:\phpStudy\PHPTutorial\WWW\oil\framework_php7\web\CWebApplication.php(141): CWebApplication->runController('plugins/dataTab...')
#1 E:\phpStudy\PHPTutorial\WWW\oil\framework_php7\base\CApplication.php(186): CWebApplication->processRequest()
#2 E:\phpStudy\PHPTutorial\WWW\oil\oil_retail\index.php(17): CApplication->run()
#3 {main}
REQUEST_URI=/plugins/dataTables/datatables.min.js
HTTP_REFERER=http://oil_retail.com/site/login
---
2018/09/30 17:10:07 [trace] [system.CModule] Loading "errorHandler" application component
2018/09/30 17:10:07 [trace] [system.web.filters.CFilterChain] Running filter SiteController.filteraccessControl()
2018/09/30 17:10:07 [trace] [system.CModule] Loading "user" application component
in E:\phpStudy\PHPTutorial\WWW\oil\oil_retail\protected\components\UserUtility.php (31)
in E:\phpStudy\PHPTutorial\WWW\oil\oil_retail\protected\components\Utility.php (247)
in E:\phpStudy\PHPTutorial\WWW\oil\oil_retail\protected\components\Controller.php (226)
2018/09/30 17:10:07 [trace] [system.CModule] Loading "session" application component
in E:\phpStudy\PHPTutorial\WWW\oil\oil_retail\protected\components\WebUser.php (26)
in E:\phpStudy\PHPTutorial\WWW\oil\oil_retail\protected\components\UserUtility.php (31)
in E:\phpStudy\PHPTutorial\WWW\oil\oil_retail\protected\components\Utility.php (247)
2018/09/30 17:10:07 [trace] [system.CModule] Loading "clientScript" application component
in E:\phpStudy\PHPTutorial\WWW\oil\oil_retail\protected\components\Controller.php (278)
in E:\phpStudy\PHPTutorial\WWW\oil\oil_retail\protected\controllers\SiteController.php (197)
2018/09/30 17:10:07 [trace] [system.CModule] Loading "log" application component
in E:\phpStudy\PHPTutorial\WWW\oil\oil_retail\index.php (17)
2018/09/30 17:10:07 [trace] [system.CModule] Loading "request" application component
in E:\phpStudy\PHPTutorial\WWW\oil\oil_retail\index.php (17)
2018/09/30 17:10:07 [trace] [system.CModule] Loading "urlManager" application component
in E:\phpStudy\PHPTutorial\WWW\oil\oil_retail\index.php (17)
2018/09/30 17:10:07 [trace] [system.CModule] Loading "coreMessages" application component
in E:\phpStudy\PHPTutorial\WWW\oil\oil_retail\index.php (17)
2018/09/30 17:10:07 [error] [exception.CHttpException.404] CHttpException: 无法解析请求 "plugins/dataTables/datatables.min.js"。 in E:\phpStudy\PHPTutorial\WWW\oil\framework_php7\web\CWebApplication.php:286
Stack trace:
#0 E:\phpStudy\PHPTutorial\WWW\oil\framework_php7\web\CWebApplication.php(141): CWebApplication->runController('plugins/dataTab...')
#1 E:\phpStudy\PHPTutorial\WWW\oil\framework_php7\base\CApplication.php(186): CWebApplication->processRequest()
#2 E:\phpStudy\PHPTutorial\WWW\oil\oil_retail\index.php(17): CApplication->run()
#3 {main}
REQUEST_URI=/plugins/dataTables/datatables.min.js
HTTP_REFERER=http://oil_retail.com/site/login
---
2018/09/30 17:10:07 [trace] [system.CModule] Loading "errorHandler" application component
2018/09/30 17:10:07 [trace] [system.web.filters.CFilterChain] Running filter SiteController.filteraccessControl()
2018/09/30 17:10:07 [trace] [system.CModule] Loading "user" application component
in E:\phpStudy\PHPTutorial\WWW\oil\oil_retail\protected\components\UserUtility.php (31)
in E:\phpStudy\PHPTutorial\WWW\oil\oil_retail\protected\components\Utility.php (247)
in E:\phpStudy\PHPTutorial\WWW\oil\oil_retail\protected\components\Controller.php (226)
2018/09/30 17:10:07 [trace] [system.CModule] Loading "session" application component
in E:\phpStudy\PHPTutorial\WWW\oil\oil_retail\protected\components\WebUser.php (26)
in E:\phpStudy\PHPTutorial\WWW\oil\oil_retail\protected\components\UserUtility.php (31)
in E:\phpStudy\PHPTutorial\WWW\oil\oil_retail\protected\components\Utility.php (247)
2018/09/30 17:10:07 [trace] [system.CModule] Loading "clientScript" application component
in E:\phpStudy\PHPTutorial\WWW\oil\oil_retail\protected\components\Controller.php (278)
in E:\phpStudy\PHPTutorial\WWW\oil\oil_retail\protected\controllers\SiteController.php (197)
2018/09/30 17:10:07 [trace] [system.CModule] Loading "log" application component
in E:\phpStudy\PHPTutorial\WWW\oil\oil_retail\index.php (17)
2018/09/30 17:10:07 [trace] [system.CModule] Loading "request" application component
in E:\phpStudy\PHPTutorial\WWW\oil\oil_retail\index.php (17)
2018/09/30 17:10:07 [trace] [system.CModule] Loading "urlManager" application component
in E:\phpStudy\PHPTutorial\WWW\oil\oil_retail\index.php (17)
2018/09/30 17:10:07 [trace] [system.CModule] Loading "coreMessages" application component
in E:\phpStudy\PHPTutorial\WWW\oil\oil_retail\index.php (17)
2018/09/30 17:10:07 [error] [exception.CHttpException.404] CHttpException: 无法解析请求 "plugins/dataTables/datatables.min.css"。 in E:\phpStudy\PHPTutorial\WWW\oil\framework_php7\web\CWebApplication.php:286
Stack trace:
#0 E:\phpStudy\PHPTutorial\WWW\oil\framework_php7\web\CWebApplication.php(141): CWebApplication->runController('plugins/dataTab...')
#1 E:\phpStudy\PHPTutorial\WWW\oil\framework_php7\base\CApplication.php(186): CWebApplication->processRequest()
#2 E:\phpStudy\PHPTutorial\WWW\oil\oil_retail\index.php(17): CApplication->run()
#3 {main}
REQUEST_URI=/plugins/dataTables/datatables.min.css
HTTP_REFERER=http://oil_retail.com/site/login
---
2018/09/30 17:10:07 [trace] [system.CModule] Loading "errorHandler" application component
2018/09/30 17:10:07 [trace] [system.web.filters.CFilterChain] Running filter SiteController.filteraccessControl()
2018/09/30 17:10:07 [trace] [system.CModule] Loading "user" application component
in E:\phpStudy\PHPTutorial\WWW\oil\oil_retail\protected\components\UserUtility.php (31)
in E:\phpStudy\PHPTutorial\WWW\oil\oil_retail\protected\components\Utility.php (247)
in E:\phpStudy\PHPTutorial\WWW\oil\oil_retail\protected\components\Controller.php (226)
2018/09/30 17:10:07 [trace] [system.CModule] Loading "session" application component
in E:\phpStudy\PHPTutorial\WWW\oil\oil_retail\protected\components\WebUser.php (26)
in E:\phpStudy\PHPTutorial\WWW\oil\oil_retail\protected\components\UserUtility.php (31)
in E:\phpStudy\PHPTutorial\WWW\oil\oil_retail\protected\components\Utility.php (247)
2018/09/30 17:10:07 [trace] [system.CModule] Loading "clientScript" application component
in E:\phpStudy\PHPTutorial\WWW\oil\oil_retail\protected\components\Controller.php (278)
in E:\phpStudy\PHPTutorial\WWW\oil\oil_retail\protected\controllers\SiteController.php (197)
2018/09/30 17:10:07 [trace] [system.CModule] Loading "log" application component
in E:\phpStudy\PHPTutorial\WWW\oil\oil_retail\index.php (17)
2018/09/30 17:10:07 [trace] [system.CModule] Loading "request" application component
in E:\phpStudy\PHPTutorial\WWW\oil\oil_retail\index.php (17)
2018/09/30 17:10:07 [trace] [system.CModule] Loading "urlManager" application component
in E:\phpStudy\PHPTutorial\WWW\oil\oil_retail\index.php (17)
2018/09/30 17:10:07 [trace] [system.CModule] Loading "coreMessages" application component
in E:\phpStudy\PHPTutorial\WWW\oil\oil_retail\index.php (17)
2018/09/30 17:10:07 [error] [exception.CHttpException.404] CHttpException: 无法解析请求 "plugins/dataTables/datatables.min.css"。 in E:\phpStudy\PHPTutorial\WWW\oil\framework_php7\web\CWebApplication.php:286
Stack trace:
#0 E:\phpStudy\PHPTutorial\WWW\oil\framework_php7\web\CWebApplication.php(141): CWebApplication->runController('plugins/dataTab...')
#1 E:\phpStudy\PHPTutorial\WWW\oil\framework_php7\base\CApplication.php(186): CWebApplication->processRequest()
#2 E:\phpStudy\PHPTutorial\WWW\oil\oil_retail\index.php(17): CApplication->run()
#3 {main}
REQUEST_URI=/plugins/dataTables/datatables.min.css
HTTP_REFERER=http://oil_retail.com/site/login
---
2018/09/30 17:10:07 [trace] [system.CModule] Loading "errorHandler" application component
2018/09/30 17:10:07 [trace] [system.web.filters.CFilterChain] Running filter SiteController.filteraccessControl()
2018/09/30 17:10:07 [trace] [system.CModule] Loading "user" application component
in E:\phpStudy\PHPTutorial\WWW\oil\oil_retail\protected\components\UserUtility.php (31)
in E:\phpStudy\PHPTutorial\WWW\oil\oil_retail\protected\components\Utility.php (247)
in E:\phpStudy\PHPTutorial\WWW\oil\oil_retail\protected\components\Controller.php (226)
2018/09/30 17:10:07 [trace] [system.CModule] Loading "session" application component
in E:\phpStudy\PHPTutorial\WWW\oil\oil_retail\protected\components\WebUser.php (26)
in E:\phpStudy\PHPTutorial\WWW\oil\oil_retail\protected\components\UserUtility.php (31)
in E:\phpStudy\PHPTutorial\WWW\oil\oil_retail\protected\components\Utility.php (247)
2018/09/30 17:10:07 [trace] [system.CModule] Loading "clientScript" application component
in E:\phpStudy\PHPTutorial\WWW\oil\oil_retail\protected\components\Controller.php (278)
in E:\phpStudy\PHPTutorial\WWW\oil\oil_retail\protected\controllers\SiteController.php (197)
