2018/09/12 16:14:22 [error] [exception.Error] Error: Class 'ddd\Common\Domain\Value\Status' not found in E:\phpStudy\PHPTutorial\WWW\oil\oil_retail\protected\ddd\Logistics\Repository\DriverRepository.php:87
Stack trace:
#0 E:\phpStudy\PHPTutorial\WWW\oil\oil_retail\protected\ddd\Common\Repository\EntityRepository.php(207): ddd\Logistics\Repository\DriverRepository->dataToEntity(Object(Driver))
#1 E:\phpStudy\PHPTutorial\WWW\oil\oil_retail\protected\ddd\Logistics\Repository\DriverRepository.php(63): ddd\Common\Repository\EntityRepository->find('customer_id=1')
#2 E:\phpStudy\PHPTutorial\WWW\oil\oil_retail\protected\ddd\Logistics\Application\Driver\DriverService.php(37): ddd\Logistics\Repository\DriverRepository->findById('1')
#3 E:\phpStudy\PHPTutorial\WWW\oil\oil_retail\protected\modules\webAPI\controllers\DriverController.php(224): app\ddd\Logistics\Application\Driver\DriverService->getDriver('1')
#4 E:\phpStudy\PHPTutorial\WWW\oil\framework_php7\web\actions\CInlineAction.php(49): DriverController->actionDetail()
#5 E:\phpStudy\PHPTutorial\WWW\oil\framework_php7\web\CController.php(308): CInlineAction->runWithParams(Array)
#6 E:\phpStudy\PHPTutorial\WWW\oil\framework_php7\web\filters\CFilterChain.php(134): CController->runAction(Object(CInlineAction))
#7 E:\phpStudy\PHPTutorial\WWW\oil\framework_php7\web\filters\CFilter.php(40): CFilterChain->run()
#8 E:\phpStudy\PHPTutorial\WWW\oil\framework_php7\web\CController.php(1148): CFilter->filter(Object(CFilterChain))
#9 E:\phpStudy\PHPTutorial\WWW\oil\framework_php7\web\filters\CInlineFilter.php(58): CController->filterAccessControl(Object(CFilterChain))
#10 E:\phpStudy\PHPTutorial\WWW\oil\framework_php7\web\filters\CFilterChain.php(131): CInlineFilter->filter(Object(CFilterChain))
#11 E:\phpStudy\PHPTutorial\WWW\oil\framework_php7\web\CController.php(291): CFilterChain->run()
#12 E:\phpStudy\PHPTutorial\WWW\oil\framework_php7\web\CController.php(265): CController->runActionWithFilters(Object(CInlineAction), Array)
#13 E:\phpStudy\PHPTutorial\WWW\oil\framework_php7\web\CWebApplication.php(282): CController->run('detail')
#14 E:\phpStudy\PHPTutorial\WWW\oil\framework_php7\web\CWebApplication.php(141): CWebApplication->runController('webAPI/driver/d...')
#15 E:\phpStudy\PHPTutorial\WWW\oil\framework_php7\base\CApplication.php(186): CWebApplication->processRequest()
#16 E:\phpStudy\PHPTutorial\WWW\oil\oil_retail\index.php(17): CApplication->run()
#17 {main}
REQUEST_URI=/webAPI/driver/detail?driver_id=1
---
2018/09/12 16:14:34 [error] [exception.TypeError] TypeError: Argument 1 passed to ddd\Logistics\Domain\Driver\Driver::setStatus() must be an instance of ddd\Logistics\Domain\Driver\Status, instance of app\ddd\Common\Domain\Value\Status given, called in E:\phpStudy\PHPTutorial\WWW\oil\oil_retail\protected\ddd\Logistics\Repository\DriverRepository.php on line 87 and defined in E:\phpStudy\PHPTutorial\WWW\oil\oil_retail\protected\ddd\Logistics\Domain\Driver\Driver.php:133
Stack trace:
#0 E:\phpStudy\PHPTutorial\WWW\oil\oil_retail\protected\ddd\Logistics\Repository\DriverRepository.php(87): ddd\Logistics\Domain\Driver\Driver->setStatus(Object(app\ddd\Common\Domain\Value\Status))
#1 E:\phpStudy\PHPTutorial\WWW\oil\oil_retail\protected\ddd\Common\Repository\EntityRepository.php(207): ddd\Logistics\Repository\DriverRepository->dataToEntity(Object(Driver))
#2 E:\phpStudy\PHPTutorial\WWW\oil\oil_retail\protected\ddd\Logistics\Repository\DriverRepository.php(63): ddd\Common\Repository\EntityRepository->find('customer_id=1')
#3 E:\phpStudy\PHPTutorial\WWW\oil\oil_retail\protected\ddd\Logistics\Application\Driver\DriverService.php(37): ddd\Logistics\Repository\DriverRepository->findById('1')
#4 E:\phpStudy\PHPTutorial\WWW\oil\oil_retail\protected\modules\webAPI\controllers\DriverController.php(224): app\ddd\Logistics\Application\Driver\DriverService->getDriver('1')
#5 E:\phpStudy\PHPTutorial\WWW\oil\framework_php7\web\actions\CInlineAction.php(49): DriverController->actionDetail()
#6 E:\phpStudy\PHPTutorial\WWW\oil\framework_php7\web\CController.php(308): CInlineAction->runWithParams(Array)
#7 E:\phpStudy\PHPTutorial\WWW\oil\framework_php7\web\filters\CFilterChain.php(134): CController->runAction(Object(CInlineAction))
#8 E:\phpStudy\PHPTutorial\WWW\oil\framework_php7\web\filters\CFilter.php(40): CFilterChain->run()
#9 E:\phpStudy\PHPTutorial\WWW\oil\framework_php7\web\CController.php(1148): CFilter->filter(Object(CFilterChain))
#10 E:\phpStudy\PHPTutorial\WWW\oil\framework_php7\web\filters\CInlineFilter.php(58): CController->filterAccessControl(Object(CFilterChain))
#11 E:\phpStudy\PHPTutorial\WWW\oil\framework_php7\web\filters\CFilterChain.php(131): CInlineFilter->filter(Object(CFilterChain))
#12 E:\phpStudy\PHPTutorial\WWW\oil\framework_php7\web\CController.php(291): CFilterChain->run()
#13 E:\phpStudy\PHPTutorial\WWW\oil\framework_php7\web\CController.php(265): CController->runActionWithFilters(Object(CInlineAction), Array)
#14 E:\phpStudy\PHPTutorial\WWW\oil\framework_php7\web\CWebApplication.php(282): CController->run('detail')
#15 E:\phpStudy\PHPTutorial\WWW\oil\framework_php7\web\CWebApplication.php(141): CWebApplication->runController('webAPI/driver/d...')
#16 E:\phpStudy\PHPTutorial\WWW\oil\framework_php7\base\CApplication.php(186): CWebApplication->processRequest()
#17 E:\phpStudy\PHPTutorial\WWW\oil\oil_retail\index.php(17): CApplication->run()
#18 {main}
REQUEST_URI=/webAPI/driver/detail?driver_id=1
---
2018/09/12 16:14:51 [error] [exception.Error] Error: Class 'ddd\Common\Domain\Value\Operator' not found in E:\phpStudy\PHPTutorial\WWW\oil\oil_retail\protected\ddd\Logistics\Repository\DriverRepository.php:91
Stack trace:
#0 E:\phpStudy\PHPTutorial\WWW\oil\oil_retail\protected\ddd\Common\Repository\EntityRepository.php(207): ddd\Logistics\Repository\DriverRepository->dataToEntity(Object(Driver))
#1 E:\phpStudy\PHPTutorial\WWW\oil\oil_retail\protected\ddd\Logistics\Repository\DriverRepository.php(63): ddd\Common\Repository\EntityRepository->find('customer_id=1')
#2 E:\phpStudy\PHPTutorial\WWW\oil\oil_retail\protected\ddd\Logistics\Application\Driver\DriverService.php(37): ddd\Logistics\Repository\DriverRepository->findById('1')
#3 E:\phpStudy\PHPTutorial\WWW\oil\oil_retail\protected\modules\webAPI\controllers\DriverController.php(224): app\ddd\Logistics\Application\Driver\DriverService->getDriver('1')
#4 E:\phpStudy\PHPTutorial\WWW\oil\framework_php7\web\actions\CInlineAction.php(49): DriverController->actionDetail()
#5 E:\phpStudy\PHPTutorial\WWW\oil\framework_php7\web\CController.php(308): CInlineAction->runWithParams(Array)
#6 E:\phpStudy\PHPTutorial\WWW\oil\framework_php7\web\filters\CFilterChain.php(134): CController->runAction(Object(CInlineAction))
#7 E:\phpStudy\PHPTutorial\WWW\oil\framework_php7\web\filters\CFilter.php(40): CFilterChain->run()
#8 E:\phpStudy\PHPTutorial\WWW\oil\framework_php7\web\CController.php(1148): CFilter->filter(Object(CFilterChain))
#9 E:\phpStudy\PHPTutorial\WWW\oil\framework_php7\web\filters\CInlineFilter.php(58): CController->filterAccessControl(Object(CFilterChain))
#10 E:\phpStudy\PHPTutorial\WWW\oil\framework_php7\web\filters\CFilterChain.php(131): CInlineFilter->filter(Object(CFilterChain))
#11 E:\phpStudy\PHPTutorial\WWW\oil\framework_php7\web\CController.php(291): CFilterChain->run()
#12 E:\phpStudy\PHPTutorial\WWW\oil\framework_php7\web\CController.php(265): CController->runActionWithFilters(Object(CInlineAction), Array)
#13 E:\phpStudy\PHPTutorial\WWW\oil\framework_php7\web\CWebApplication.php(282): CController->run('detail')
#14 E:\phpStudy\PHPTutorial\WWW\oil\framework_php7\web\CWebApplication.php(141): CWebApplication->runController('webAPI/driver/d...')
#15 E:\phpStudy\PHPTutorial\WWW\oil\framework_php7\base\CApplication.php(186): CWebApplication->processRequest()
#16 E:\phpStudy\PHPTutorial\WWW\oil\oil_retail\index.php(17): CApplication->run()
#17 {main}
REQUEST_URI=/webAPI/driver/detail?driver_id=1
---
2018/09/12 16:15:05 [error] [exception.ReflectionException] ReflectionException: Class ddd\Logistics\Repository\UserService does not exist in E:\phpStudy\PHPTutorial\WWW\oil\framework_php7\components\di\Container.php:426
Stack trace:
#0 E:\phpStudy\PHPTutorial\WWW\oil\framework_php7\components\di\Container.php(426): ReflectionClass->__construct('ddd\\Logistics\\R...')
#1 E:\phpStudy\PHPTutorial\WWW\oil\framework_php7\components\di\Container.php(362): system\components\di\Container->getDependencies('ddd\\Logistics\\R...')
#2 E:\phpStudy\PHPTutorial\WWW\oil\framework_php7\components\di\Container.php(154): system\components\di\Container->build('ddd\\Logistics\\R...', Array, Array)
#3 E:\phpStudy\PHPTutorial\WWW\oil\oil_retail\protected\ddd\Infrastructure\DIService.php(27): system\components\di\Container->get('ddd\\Logistics\\R...', Array, Array)
#4 E:\phpStudy\PHPTutorial\WWW\oil\oil_retail\protected\ddd\Logistics\Repository\DriverRepository.php(91): ddd\Infrastructure\DIService::get('ddd\\Logistics\\R...')
#5 E:\phpStudy\PHPTutorial\WWW\oil\oil_retail\protected\ddd\Common\Repository\EntityRepository.php(207): ddd\Logistics\Repository\DriverRepository->dataToEntity(Object(Driver))
#6 E:\phpStudy\PHPTutorial\WWW\oil\oil_retail\protected\ddd\Logistics\Repository\DriverRepository.php(63): ddd\Common\Repository\EntityRepository->find('customer_id=1')
#7 E:\phpStudy\PHPTutorial\WWW\oil\oil_retail\protected\ddd\Logistics\Application\Driver\DriverService.php(37): ddd\Logistics\Repository\DriverRepository->findById('1')
#8 E:\phpStudy\PHPTutorial\WWW\oil\oil_retail\protected\modules\webAPI\controllers\DriverController.php(224): app\ddd\Logistics\Application\Driver\DriverService->getDriver('1')
#9 E:\phpStudy\PHPTutorial\WWW\oil\framework_php7\web\actions\CInlineAction.php(49): DriverController->actionDetail()
#10 E:\phpStudy\PHPTutorial\WWW\oil\framework_php7\web\CController.php(308): CInlineAction->runWithParams(Array)
#11 E:\phpStudy\PHPTutorial\WWW\oil\framework_php7\web\filters\CFilterChain.php(134): CController->runAction(Object(CInlineAction))
#12 E:\phpStudy\PHPTutorial\WWW\oil\framework_php7\web\filters\CFilter.php(40): CFilterChain->run()
#13 E:\phpStudy\PHPTutorial\WWW\oil\framework_php7\web\CController.php(1148): CFilter->filter(Object(CFilterChain))
#14 E:\phpStudy\PHPTutorial\WWW\oil\framework_php7\web\filters\CInlineFilter.php(58): CController->filterAccessControl(Object(CFilterChain))
#15 E:\phpStudy\PHPTutorial\WWW\oil\framework_php7\web\filters\CFilterChain.php(131): CInlineFilter->filter(Object(CFilterChain))
#16 E:\phpStudy\PHPTutorial\WWW\oil\framework_php7\web\CController.php(291): CFilterChain->run()
#17 E:\phpStudy\PHPTutorial\WWW\oil\framework_php7\web\CController.php(265): CController->runActionWithFilters(Object(CInlineAction), Array)
#18 E:\phpStudy\PHPTutorial\WWW\oil\framework_php7\web\CWebApplication.php(282): CController->run('detail')
#19 E:\phpStudy\PHPTutorial\WWW\oil\framework_php7\web\CWebApplication.php(141): CWebApplication->runController('webAPI/driver/d...')
#20 E:\phpStudy\PHPTutorial\WWW\oil\framework_php7\base\CApplication.php(186): CWebApplication->processRequest()
#21 E:\phpStudy\PHPTutorial\WWW\oil\oil_retail\index.php(17): CApplication->run()
#22 {main}
REQUEST_URI=/webAPI/driver/detail?driver_id=1
---
2018/09/12 16:15:19 [error] [exception.ddd\Infrastructure\error\ZEntityNotExistsException] [L:59][app\ddd\Admin\Repository\User\SystemUserRepository.findById][2001] 主键为0的app\ddd\Admin\Domain\User\SystemUser实体对象不存在
REQUEST_URI=/webAPI/driver/detail?driver_id=1
---
2018/09/12 18:18:32 [error] [exception.ReflectionException] ReflectionException: Class ddd\Logistics\Repository\UserService does not exist in E:\phpStudy\PHPTutorial\WWW\oil\framework_php7\components\di\Container.php:426
Stack trace:
#0 E:\phpStudy\PHPTutorial\WWW\oil\framework_php7\components\di\Container.php(426): ReflectionClass->__construct('ddd\\Logistics\\R...')
#1 E:\phpStudy\PHPTutorial\WWW\oil\framework_php7\components\di\Container.php(362): system\components\di\Container->getDependencies('ddd\\Logistics\\R...')
#2 E:\phpStudy\PHPTutorial\WWW\oil\framework_php7\components\di\Container.php(154): system\components\di\Container->build('ddd\\Logistics\\R...', Array, Array)
#3 E:\phpStudy\PHPTutorial\WWW\oil\oil_retail\protected\ddd\Infrastructure\DIService.php(27): system\components\di\Container->get('ddd\\Logistics\\R...', Array, Array)
#4 E:\phpStudy\PHPTutorial\WWW\oil\oil_retail\protected\ddd\Logistics\Repository\DriverRepository.php(88): ddd\Infrastructure\DIService::get('ddd\\Logistics\\R...')
#5 E:\phpStudy\PHPTutorial\WWW\oil\oil_retail\protected\ddd\Common\Repository\EntityRepository.php(207): ddd\Logistics\Repository\DriverRepository->dataToEntity(Object(Driver))
#6 E:\phpStudy\PHPTutorial\WWW\oil\oil_retail\protected\ddd\Logistics\Repository\DriverRepository.php(60): ddd\Common\Repository\EntityRepository->find('customer_id=1')
#7 E:\phpStudy\PHPTutorial\WWW\oil\oil_retail\protected\ddd\Logistics\Application\Driver\DriverService.php(37): ddd\Logistics\Repository\DriverRepository->findById('1')
#8 E:\phpStudy\PHPTutorial\WWW\oil\oil_retail\protected\modules\webAPI\controllers\DriverController.php(224): app\ddd\Logistics\Application\Driver\DriverService->getDriver('1')
#9 E:\phpStudy\PHPTutorial\WWW\oil\framework_php7\web\actions\CInlineAction.php(49): DriverController->actionDetail()
#10 E:\phpStudy\PHPTutorial\WWW\oil\framework_php7\web\CController.php(308): CInlineAction->runWithParams(Array)
#11 E:\phpStudy\PHPTutorial\WWW\oil\framework_php7\web\filters\CFilterChain.php(134): CController->runAction(Object(CInlineAction))
#12 E:\phpStudy\PHPTutorial\WWW\oil\framework_php7\web\filters\CFilter.php(40): CFilterChain->run()
#13 E:\phpStudy\PHPTutorial\WWW\oil\framework_php7\web\CController.php(1148): CFilter->filter(Object(CFilterChain))
#14 E:\phpStudy\PHPTutorial\WWW\oil\framework_php7\web\filters\CInlineFilter.php(58): CController->filterAccessControl(Object(CFilterChain))
#15 E:\phpStudy\PHPTutorial\WWW\oil\framework_php7\web\filters\CFilterChain.php(131): CInlineFilter->filter(Object(CFilterChain))
#16 E:\phpStudy\PHPTutorial\WWW\oil\framework_php7\web\CController.php(291): CFilterChain->run()
#17 E:\phpStudy\PHPTutorial\WWW\oil\framework_php7\web\CController.php(265): CController->runActionWithFilters(Object(CInlineAction), Array)
#18 E:\phpStudy\PHPTutorial\WWW\oil\framework_php7\web\CWebApplication.php(282): CController->run('detail')
#19 E:\phpStudy\PHPTutorial\WWW\oil\framework_php7\web\CWebApplication.php(141): CWebApplication->runController('webAPI/driver/d...')
#20 E:\phpStudy\PHPTutorial\WWW\oil\framework_php7\base\CApplication.php(186): CWebApplication->processRequest()
#21 E:\phpStudy\PHPTutorial\WWW\oil\oil_retail\index.php(17): CApplication->run()
#22 {main}
REQUEST_URI=/webAPI/driver/detail?driver_id=1
---
2018/09/12 19:16:20 [error] [exception.CException] CException: 属性 "app\ddd\Common\Domain\Value\LogisticsCompany.logistics_id" 未被定义. in E:\phpStudy\PHPTutorial\WWW\oil\framework_php7\base\CComponent.php:141
Stack trace:
#0 E:\phpStudy\PHPTutorial\WWW\oil\oil_retail\protected\ddd\Common\BaseModel.php(263): CComponent->__get('logistics_id')
#1 E:\phpStudy\PHPTutorial\WWW\oil\oil_retail\protected\ddd\Logistics\DTO\Driver\DriverDTO.php(116): ddd\Common\BaseModel->__get('logistics_id')
#2 E:\phpStudy\PHPTutorial\WWW\oil\oil_retail\protected\ddd\Logistics\Application\Driver\DriverService.php(42): app\ddd\Logistics\DTO\Driver\DriverDTO->fromEntity(Object(ddd\Logistics\Domain\Driver\Driver))
#3 E:\phpStudy\PHPTutorial\WWW\oil\oil_retail\protected\modules\webAPI\controllers\DriverController.php(224): app\ddd\Logistics\Application\Driver\DriverService->getDriver('1')
#4 E:\phpStudy\PHPTutorial\WWW\oil\framework_php7\web\actions\CInlineAction.php(49): DriverController->actionDetail()
#5 E:\phpStudy\PHPTutorial\WWW\oil\framework_php7\web\CController.php(308): CInlineAction->runWithParams(Array)
#6 E:\phpStudy\PHPTutorial\WWW\oil\framework_php7\web\filters\CFilterChain.php(134): CController->runAction(Object(CInlineAction))
#7 E:\phpStudy\PHPTutorial\WWW\oil\framework_php7\web\filters\CFilter.php(40): CFilterChain->run()
#8 E:\phpStudy\PHPTutorial\WWW\oil\framework_php7\web\CController.php(1148): CFilter->filter(Object(CFilterChain))
#9 E:\phpStudy\PHPTutorial\WWW\oil\framework_php7\web\filters\CInlineFilter.php(58): CController->filterAccessControl(Object(CFilterChain))
#10 E:\phpStudy\PHPTutorial\WWW\oil\framework_php7\web\filters\CFilterChain.php(131): CInlineFilter->filter(Object(CFilterChain))
#11 E:\phpStudy\PHPTutorial\WWW\oil\framework_php7\web\CController.php(291): CFilterChain->run()
#12 E:\phpStudy\PHPTutorial\WWW\oil\framework_php7\web\CController.php(265): CController->runActionWithFilters(Object(CInlineAction), Array)
#13 E:\phpStudy\PHPTutorial\WWW\oil\framework_php7\web\CWebApplication.php(282): CController->run('detail')
#14 E:\phpStudy\PHPTutorial\WWW\oil\framework_php7\web\CWebApplication.php(141): CWebApplication->runController('webAPI/driver/d...')
#15 E:\phpStudy\PHPTutorial\WWW\oil\framework_php7\base\CApplication.php(186): CWebApplication->processRequest()
#16 E:\phpStudy\PHPTutorial\WWW\oil\oil_retail\index.php(17): CApplication->run()
#17 {main}
REQUEST_URI=/webAPI/driver/detail?driver_id=1
---
