2018/10/11 15:40:36 [error] [exception.CHttpException.404] CHttpException: 无法解析请求 "plugins/font-awesome-4.4.0/css/font-awesome.min.css"。 in E:\phpStudy\PHPTutorial\WWW\oil\framework_php7\web\CWebApplication.php:286
Stack trace:
#0 E:\phpStudy\PHPTutorial\WWW\oil\framework_php7\web\CWebApplication.php(141): CWebApplication->runController('plugins/font-aw...')
#1 E:\phpStudy\PHPTutorial\WWW\oil\framework_php7\base\CApplication.php(186): CWebApplication->processRequest()
#2 E:\phpStudy\PHPTutorial\WWW\oil\oil_retail\index.php(17): CApplication->run()
#3 {main}
REQUEST_URI=/plugins/font-awesome-4.4.0/css/font-awesome.min.css
HTTP_REFERER=http://oil_retail.com/site/login
---
2018/10/11 15:40:36 [error] [exception.CHttpException.404] CHttpException: 无法解析请求 "plugins/font-awesome-4.4.0/css/font-awesome.min.css"。 in E:\phpStudy\PHPTutorial\WWW\oil\framework_php7\web\CWebApplication.php:286
Stack trace:
#0 E:\phpStudy\PHPTutorial\WWW\oil\framework_php7\web\CWebApplication.php(141): CWebApplication->runController('plugins/font-aw...')
#1 E:\phpStudy\PHPTutorial\WWW\oil\framework_php7\base\CApplication.php(186): CWebApplication->processRequest()
#2 E:\phpStudy\PHPTutorial\WWW\oil\oil_retail\index.php(17): CApplication->run()
#3 {main}
REQUEST_URI=/plugins/font-awesome-4.4.0/css/font-awesome.min.css
HTTP_REFERER=http://oil_retail.com/site/login
---
2018/10/11 15:40:36 [error] [exception.CHttpException.404] CHttpException: 无法解析请求 "css/bootstrap-select/bootstrap-select.min.css"。 in E:\phpStudy\PHPTutorial\WWW\oil\framework_php7\web\CWebApplication.php:286
Stack trace:
#0 E:\phpStudy\PHPTutorial\WWW\oil\framework_php7\web\CWebApplication.php(141): CWebApplication->runController('css/bootstrap-s...')
#1 E:\phpStudy\PHPTutorial\WWW\oil\framework_php7\base\CApplication.php(186): CWebApplication->processRequest()
#2 E:\phpStudy\PHPTutorial\WWW\oil\oil_retail\index.php(17): CApplication->run()
#3 {main}
REQUEST_URI=/css/bootstrap-select/bootstrap-select.min.css
HTTP_REFERER=http://oil_retail.com/site/login
---
2018/10/11 15:40:36 [error] [exception.CHttpException.404] CHttpException: 无法解析请求 "css/bootstrap-select/bootstrap-select.min.css"。 in E:\phpStudy\PHPTutorial\WWW\oil\framework_php7\web\CWebApplication.php:286
Stack trace:
#0 E:\phpStudy\PHPTutorial\WWW\oil\framework_php7\web\CWebApplication.php(141): CWebApplication->runController('css/bootstrap-s...')
#1 E:\phpStudy\PHPTutorial\WWW\oil\framework_php7\base\CApplication.php(186): CWebApplication->processRequest()
#2 E:\phpStudy\PHPTutorial\WWW\oil\oil_retail\index.php(17): CApplication->run()
#3 {main}
REQUEST_URI=/css/bootstrap-select/bootstrap-select.min.css
HTTP_REFERER=http://oil_retail.com/site/login
---
2018/10/11 15:40:36 [error] [exception.CHttpException.404] CHttpException: 无法解析请求 "plugins/dataTables/datatables.min.css"。 in E:\phpStudy\PHPTutorial\WWW\oil\framework_php7\web\CWebApplication.php:286
Stack trace:
#0 E:\phpStudy\PHPTutorial\WWW\oil\framework_php7\web\CWebApplication.php(141): CWebApplication->runController('plugins/dataTab...')
#1 E:\phpStudy\PHPTutorial\WWW\oil\framework_php7\base\CApplication.php(186): CWebApplication->processRequest()
#2 E:\phpStudy\PHPTutorial\WWW\oil\oil_retail\index.php(17): CApplication->run()
#3 {main}
REQUEST_URI=/plugins/dataTables/datatables.min.css
HTTP_REFERER=http://oil_retail.com/site/login
---
2018/10/11 15:40:36 [error] [exception.CHttpException.404] CHttpException: 无法解析请求 "plugins/dataTables/datatables.min.css"。 in E:\phpStudy\PHPTutorial\WWW\oil\framework_php7\web\CWebApplication.php:286
Stack trace:
#0 E:\phpStudy\PHPTutorial\WWW\oil\framework_php7\web\CWebApplication.php(141): CWebApplication->runController('plugins/dataTab...')
#1 E:\phpStudy\PHPTutorial\WWW\oil\framework_php7\base\CApplication.php(186): CWebApplication->processRequest()
#2 E:\phpStudy\PHPTutorial\WWW\oil\oil_retail\index.php(17): CApplication->run()
#3 {main}
REQUEST_URI=/plugins/dataTables/datatables.min.css
HTTP_REFERER=http://oil_retail.com/site/login
---
2018/10/11 15:40:36 [error] [exception.CHttpException.404] CHttpException: 无法解析请求 "plugins/datetimepicker/js/bootstrap-datetimepicker.min.js"。 in E:\phpStudy\PHPTutorial\WWW\oil\framework_php7\web\CWebApplication.php:286
Stack trace:
#0 E:\phpStudy\PHPTutorial\WWW\oil\framework_php7\web\CWebApplication.php(141): CWebApplication->runController('plugins/datetim...')
#1 E:\phpStudy\PHPTutorial\WWW\oil\framework_php7\base\CApplication.php(186): CWebApplication->processRequest()
#2 E:\phpStudy\PHPTutorial\WWW\oil\oil_retail\index.php(17): CApplication->run()
#3 {main}
REQUEST_URI=/plugins/datetimepicker/js/bootstrap-datetimepicker.min.js
HTTP_REFERER=http://oil_retail.com/site/login
---
2018/10/11 15:40:36 [error] [exception.CHttpException.404] CHttpException: 无法解析请求 "plugins/datetimepicker/js/bootstrap-datetimepicker.min.js"。 in E:\phpStudy\PHPTutorial\WWW\oil\framework_php7\web\CWebApplication.php:286
Stack trace:
#0 E:\phpStudy\PHPTutorial\WWW\oil\framework_php7\web\CWebApplication.php(141): CWebApplication->runController('plugins/datetim...')
#1 E:\phpStudy\PHPTutorial\WWW\oil\framework_php7\base\CApplication.php(186): CWebApplication->processRequest()
#2 E:\phpStudy\PHPTutorial\WWW\oil\oil_retail\index.php(17): CApplication->run()
#3 {main}
REQUEST_URI=/plugins/datetimepicker/js/bootstrap-datetimepicker.min.js
HTTP_REFERER=http://oil_retail.com/site/login
---
2018/10/11 15:40:37 [error] [exception.CHttpException.404] CHttpException: 无法解析请求 "icon/font/iconfont.css"。 in E:\phpStudy\PHPTutorial\WWW\oil\framework_php7\web\CWebApplication.php:286
Stack trace:
#0 E:\phpStudy\PHPTutorial\WWW\oil\framework_php7\web\CWebApplication.php(141): CWebApplication->runController('icon/font/iconf...')
#1 E:\phpStudy\PHPTutorial\WWW\oil\framework_php7\base\CApplication.php(186): CWebApplication->processRequest()
#2 E:\phpStudy\PHPTutorial\WWW\oil\oil_retail\index.php(17): CApplication->run()
#3 {main}
REQUEST_URI=/icon/font/iconfont.css
HTTP_REFERER=http://oil_retail.com/site/login
---
2018/10/11 15:40:37 [error] [exception.CHttpException.404] CHttpException: 无法解析请求 "icon/font/iconfont.css"。 in E:\phpStudy\PHPTutorial\WWW\oil\framework_php7\web\CWebApplication.php:286
Stack trace:
#0 E:\phpStudy\PHPTutorial\WWW\oil\framework_php7\web\CWebApplication.php(141): CWebApplication->runController('icon/font/iconf...')
#1 E:\phpStudy\PHPTutorial\WWW\oil\framework_php7\base\CApplication.php(186): CWebApplication->processRequest()
#2 E:\phpStudy\PHPTutorial\WWW\oil\oil_retail\index.php(17): CApplication->run()
#3 {main}
REQUEST_URI=/icon/font/iconfont.css
HTTP_REFERER=http://oil_retail.com/site/login
---
2018/10/11 15:40:37 [error] [exception.CHttpException.404] CHttpException: 无法解析请求 "css/style.css"。 in E:\phpStudy\PHPTutorial\WWW\oil\framework_php7\web\CWebApplication.php:286
Stack trace:
#0 E:\phpStudy\PHPTutorial\WWW\oil\framework_php7\web\CWebApplication.php(141): CWebApplication->runController('css/style.css')
#1 E:\phpStudy\PHPTutorial\WWW\oil\framework_php7\base\CApplication.php(186): CWebApplication->processRequest()
#2 E:\phpStudy\PHPTutorial\WWW\oil\oil_retail\index.php(17): CApplication->run()
#3 {main}
REQUEST_URI=/css/style.css?key=20180112
HTTP_REFERER=http://oil_retail.com/site/login
---
2018/10/11 15:40:37 [error] [exception.CHttpException.404] CHttpException: 无法解析请求 "css/style.css"。 in E:\phpStudy\PHPTutorial\WWW\oil\framework_php7\web\CWebApplication.php:286
Stack trace:
#0 E:\phpStudy\PHPTutorial\WWW\oil\framework_php7\web\CWebApplication.php(141): CWebApplication->runController('css/style.css')
#1 E:\phpStudy\PHPTutorial\WWW\oil\framework_php7\base\CApplication.php(186): CWebApplication->processRequest()
#2 E:\phpStudy\PHPTutorial\WWW\oil\oil_retail\index.php(17): CApplication->run()
#3 {main}
REQUEST_URI=/css/style.css?key=20180112
HTTP_REFERER=http://oil_retail.com/site/login
---
2018/10/11 15:40:37 [error] [exception.CHttpException.404] CHttpException: 无法解析请求 "plugins/ionicons-2.0.1/css/ionicons.min.css"。 in E:\phpStudy\PHPTutorial\WWW\oil\framework_php7\web\CWebApplication.php:286
Stack trace:
#0 E:\phpStudy\PHPTutorial\WWW\oil\framework_php7\web\CWebApplication.php(141): CWebApplication->runController('plugins/ionicon...')
#1 E:\phpStudy\PHPTutorial\WWW\oil\framework_php7\base\CApplication.php(186): CWebApplication->processRequest()
#2 E:\phpStudy\PHPTutorial\WWW\oil\oil_retail\index.php(17): CApplication->run()
#3 {main}
REQUEST_URI=/plugins/ionicons-2.0.1/css/ionicons.min.css
HTTP_REFERER=http://oil_retail.com/site/login
---
2018/10/11 15:40:37 [error] [exception.CHttpException.404] CHttpException: 无法解析请求 "plugins/ionicons-2.0.1/css/ionicons.min.css"。 in E:\phpStudy\PHPTutorial\WWW\oil\framework_php7\web\CWebApplication.php:286
Stack trace:
#0 E:\phpStudy\PHPTutorial\WWW\oil\framework_php7\web\CWebApplication.php(141): CWebApplication->runController('plugins/ionicon...')
#1 E:\phpStudy\PHPTutorial\WWW\oil\framework_php7\base\CApplication.php(186): CWebApplication->processRequest()
#2 E:\phpStudy\PHPTutorial\WWW\oil\oil_retail\index.php(17): CApplication->run()
#3 {main}
REQUEST_URI=/plugins/ionicons-2.0.1/css/ionicons.min.css
HTTP_REFERER=http://oil_retail.com/site/login
---
2018/10/11 15:40:37 [error] [exception.CHttpException.404] CHttpException: 无法解析请求 "plugins/datetimepicker/js/bootstrap-datetimepicker.min.js"。 in E:\phpStudy\PHPTutorial\WWW\oil\framework_php7\web\CWebApplication.php:286
Stack trace:
#0 E:\phpStudy\PHPTutorial\WWW\oil\framework_php7\web\CWebApplication.php(141): CWebApplication->runController('plugins/datetim...')
#1 E:\phpStudy\PHPTutorial\WWW\oil\framework_php7\base\CApplication.php(186): CWebApplication->processRequest()
#2 E:\phpStudy\PHPTutorial\WWW\oil\oil_retail\index.php(17): CApplication->run()
#3 {main}
REQUEST_URI=/plugins/datetimepicker/js/bootstrap-datetimepicker.min.js
HTTP_REFERER=http://oil_retail.com/site/login
---
2018/10/11 15:40:37 [error] [exception.CHttpException.404] CHttpException: 无法解析请求 "plugins/datetimepicker/js/bootstrap-datetimepicker.min.js"。 in E:\phpStudy\PHPTutorial\WWW\oil\framework_php7\web\CWebApplication.php:286
Stack trace:
#0 E:\phpStudy\PHPTutorial\WWW\oil\framework_php7\web\CWebApplication.php(141): CWebApplication->runController('plugins/datetim...')
#1 E:\phpStudy\PHPTutorial\WWW\oil\framework_php7\base\CApplication.php(186): CWebApplication->processRequest()
#2 E:\phpStudy\PHPTutorial\WWW\oil\oil_retail\index.php(17): CApplication->run()
#3 {main}
REQUEST_URI=/plugins/datetimepicker/js/bootstrap-datetimepicker.min.js
HTTP_REFERER=http://oil_retail.com/site/login
---
2018/10/11 15:40:37 [error] [exception.CHttpException.404] CHttpException: 无法解析请求 "plugins/datetimepicker/css/bootstrap-datetimepicker.min.css"。 in E:\phpStudy\PHPTutorial\WWW\oil\framework_php7\web\CWebApplication.php:286
Stack trace:
#0 E:\phpStudy\PHPTutorial\WWW\oil\framework_php7\web\CWebApplication.php(141): CWebApplication->runController('plugins/datetim...')
#1 E:\phpStudy\PHPTutorial\WWW\oil\framework_php7\base\CApplication.php(186): CWebApplication->processRequest()
#2 E:\phpStudy\PHPTutorial\WWW\oil\oil_retail\index.php(17): CApplication->run()
#3 {main}
REQUEST_URI=/plugins/datetimepicker/css/bootstrap-datetimepicker.min.css
HTTP_REFERER=http://oil_retail.com/site/login
---
2018/10/11 15:40:37 [error] [exception.CHttpException.404] CHttpException: 无法解析请求 "plugins/datetimepicker/css/bootstrap-datetimepicker.min.css"。 in E:\phpStudy\PHPTutorial\WWW\oil\framework_php7\web\CWebApplication.php:286
Stack trace:
#0 E:\phpStudy\PHPTutorial\WWW\oil\framework_php7\web\CWebApplication.php(141): CWebApplication->runController('plugins/datetim...')
#1 E:\phpStudy\PHPTutorial\WWW\oil\framework_php7\base\CApplication.php(186): CWebApplication->processRequest()
#2 E:\phpStudy\PHPTutorial\WWW\oil\oil_retail\index.php(17): CApplication->run()
#3 {main}
REQUEST_URI=/plugins/datetimepicker/css/bootstrap-datetimepicker.min.css
HTTP_REFERER=http://oil_retail.com/site/login
---
2018/10/11 15:40:37 [error] [exception.CHttpException.404] CHttpException: 无法解析请求 "css/bootstrap-select/bootstrap-select.min.css"。 in E:\phpStudy\PHPTutorial\WWW\oil\framework_php7\web\CWebApplication.php:286
Stack trace:
#0 E:\phpStudy\PHPTutorial\WWW\oil\framework_php7\web\CWebApplication.php(141): CWebApplication->runController('css/bootstrap-s...')
#1 E:\phpStudy\PHPTutorial\WWW\oil\framework_php7\base\CApplication.php(186): CWebApplication->processRequest()
#2 E:\phpStudy\PHPTutorial\WWW\oil\oil_retail\index.php(17): CApplication->run()
#3 {main}
REQUEST_URI=/css/bootstrap-select/bootstrap-select.min.css
HTTP_REFERER=http://oil_retail.com/site/login
---
2018/10/11 15:40:37 [error] [exception.CHttpException.404] CHttpException: 无法解析请求 "css/bootstrap-select/bootstrap-select.min.css"。 in E:\phpStudy\PHPTutorial\WWW\oil\framework_php7\web\CWebApplication.php:286
Stack trace:
#0 E:\phpStudy\PHPTutorial\WWW\oil\framework_php7\web\CWebApplication.php(141): CWebApplication->runController('css/bootstrap-s...')
#1 E:\phpStudy\PHPTutorial\WWW\oil\framework_php7\base\CApplication.php(186): CWebApplication->processRequest()
#2 E:\phpStudy\PHPTutorial\WWW\oil\oil_retail\index.php(17): CApplication->run()
#3 {main}
REQUEST_URI=/css/bootstrap-select/bootstrap-select.min.css
HTTP_REFERER=http://oil_retail.com/site/login
---
2018/10/11 15:40:37 [error] [exception.CHttpException.404] CHttpException: 无法解析请求 "css/tokenfield/bootstrap-tokenfield.min.css"。 in E:\phpStudy\PHPTutorial\WWW\oil\framework_php7\web\CWebApplication.php:286
Stack trace:
#0 E:\phpStudy\PHPTutorial\WWW\oil\framework_php7\web\CWebApplication.php(141): CWebApplication->runController('css/tokenfield/...')
#1 E:\phpStudy\PHPTutorial\WWW\oil\framework_php7\base\CApplication.php(186): CWebApplication->processRequest()
#2 E:\phpStudy\PHPTutorial\WWW\oil\oil_retail\index.php(17): CApplication->run()
#3 {main}
REQUEST_URI=/css/tokenfield/bootstrap-tokenfield.min.css
HTTP_REFERER=http://oil_retail.com/site/login
---
2018/10/11 15:40:37 [error] [exception.CHttpException.404] CHttpException: 无法解析请求 "css/tokenfield/bootstrap-tokenfield.min.css"。 in E:\phpStudy\PHPTutorial\WWW\oil\framework_php7\web\CWebApplication.php:286
Stack trace:
#0 E:\phpStudy\PHPTutorial\WWW\oil\framework_php7\web\CWebApplication.php(141): CWebApplication->runController('css/tokenfield/...')
#1 E:\phpStudy\PHPTutorial\WWW\oil\framework_php7\base\CApplication.php(186): CWebApplication->processRequest()
#2 E:\phpStudy\PHPTutorial\WWW\oil\oil_retail\index.php(17): CApplication->run()
#3 {main}
REQUEST_URI=/css/tokenfield/bootstrap-tokenfield.min.css
HTTP_REFERER=http://oil_retail.com/site/login
---
2018/10/11 15:40:38 [error] [exception.CHttpException.404] CHttpException: 无法解析请求 "plugins/dataTables/datatables.min.js"。 in E:\phpStudy\PHPTutorial\WWW\oil\framework_php7\web\CWebApplication.php:286
Stack trace:
#0 E:\phpStudy\PHPTutorial\WWW\oil\framework_php7\web\CWebApplication.php(141): CWebApplication->runController('plugins/dataTab...')
#1 E:\phpStudy\PHPTutorial\WWW\oil\framework_php7\base\CApplication.php(186): CWebApplication->processRequest()
#2 E:\phpStudy\PHPTutorial\WWW\oil\oil_retail\index.php(17): CApplication->run()
#3 {main}
REQUEST_URI=/plugins/dataTables/datatables.min.js
HTTP_REFERER=http://oil_retail.com/site/login
---
2018/10/11 15:40:38 [error] [exception.CHttpException.404] CHttpException: 无法解析请求 "plugins/dataTables/datatables.min.js"。 in E:\phpStudy\PHPTutorial\WWW\oil\framework_php7\web\CWebApplication.php:286
Stack trace:
#0 E:\phpStudy\PHPTutorial\WWW\oil\framework_php7\web\CWebApplication.php(141): CWebApplication->runController('plugins/dataTab...')
#1 E:\phpStudy\PHPTutorial\WWW\oil\framework_php7\base\CApplication.php(186): CWebApplication->processRequest()
#2 E:\phpStudy\PHPTutorial\WWW\oil\oil_retail\index.php(17): CApplication->run()
#3 {main}
REQUEST_URI=/plugins/dataTables/datatables.min.js
HTTP_REFERER=http://oil_retail.com/site/login
---
2018/10/11 15:40:38 [error] [exception.CHttpException.404] CHttpException: 无法解析请求 "plugins/dataTables/datatables.min.css"。 in E:\phpStudy\PHPTutorial\WWW\oil\framework_php7\web\CWebApplication.php:286
Stack trace:
#0 E:\phpStudy\PHPTutorial\WWW\oil\framework_php7\web\CWebApplication.php(141): CWebApplication->runController('plugins/dataTab...')
#1 E:\phpStudy\PHPTutorial\WWW\oil\framework_php7\base\CApplication.php(186): CWebApplication->processRequest()
#2 E:\phpStudy\PHPTutorial\WWW\oil\oil_retail\index.php(17): CApplication->run()
#3 {main}
REQUEST_URI=/plugins/dataTables/datatables.min.css
HTTP_REFERER=http://oil_retail.com/site/login
---
2018/10/11 15:40:38 [error] [exception.CHttpException.404] CHttpException: 无法解析请求 "plugins/dataTables/datatables.min.css"。 in E:\phpStudy\PHPTutorial\WWW\oil\framework_php7\web\CWebApplication.php:286
Stack trace:
#0 E:\phpStudy\PHPTutorial\WWW\oil\framework_php7\web\CWebApplication.php(141): CWebApplication->runController('plugins/dataTab...')
#1 E:\phpStudy\PHPTutorial\WWW\oil\framework_php7\base\CApplication.php(186): CWebApplication->processRequest()
#2 E:\phpStudy\PHPTutorial\WWW\oil\oil_retail\index.php(17): CApplication->run()
#3 {main}
REQUEST_URI=/plugins/dataTables/datatables.min.css
HTTP_REFERER=http://oil_retail.com/site/login
---
2018/10/11 15:40:54 [error] [exception.CHttpException.403] CHttpException: 您未被授权执行这个动作 in E:\phpStudy\PHPTutorial\WWW\oil\framework_php7\web\auth\CAccessControlFilter.php:183
Stack trace:
#0 E:\phpStudy\PHPTutorial\WWW\oil\framework_php7\web\auth\CAccessControlFilter.php(145): CAccessControlFilter->accessDenied(Object(WebUser), '\xE6\x82\xA8\xE6\x9C\xAA\xE8\xA2\xAB\xE6\x8E\x88\xE6\x9D\x83...')
#1 E:\phpStudy\PHPTutorial\WWW\oil\framework_php7\web\filters\CFilter.php(38): CAccessControlFilter->preFilter(Object(CFilterChain))
#2 E:\phpStudy\PHPTutorial\WWW\oil\framework_php7\web\CController.php(1148): CFilter->filter(Object(CFilterChain))
#3 E:\phpStudy\PHPTutorial\WWW\oil\framework_php7\web\filters\CInlineFilter.php(58): CController->filterAccessControl(Object(CFilterChain))
#4 E:\phpStudy\PHPTutorial\WWW\oil\framework_php7\web\filters\CFilterChain.php(131): CInlineFilter->filter(Object(CFilterChain))
#5 E:\phpStudy\PHPTutorial\WWW\oil\framework_php7\web\CController.php(291): CFilterChain->run()
#6 E:\phpStudy\PHPTutorial\WWW\oil\framework_php7\web\CController.php(265): CController->runActionWithFilters(Object(CInlineAction), Array)
#7 E:\phpStudy\PHPTutorial\WWW\oil\framework_php7\web\CWebApplication.php(282): CController->run('repairOrder')
#8 E:\phpStudy\PHPTutorial\WWW\oil\framework_php7\web\CWebApplication.php(141): CWebApplication->runController('webAPI/order/re...')
#9 E:\phpStudy\PHPTutorial\WWW\oil\framework_php7\base\CApplication.php(186): CWebApplication->processRequest()
#10 E:\phpStudy\PHPTutorial\WWW\oil\oil_retail\index.php(17): CApplication->run()
#11 {main}
REQUEST_URI=/webAPI/order/repairOrder
---
2018/10/11 15:40:54 [error] [exception.CHttpException.403] CHttpException: 您未被授权执行这个动作 in E:\phpStudy\PHPTutorial\WWW\oil\framework_php7\web\auth\CAccessControlFilter.php:183
Stack trace:
#0 E:\phpStudy\PHPTutorial\WWW\oil\framework_php7\web\auth\CAccessControlFilter.php(145): CAccessControlFilter->accessDenied(Object(WebUser), '\xE6\x82\xA8\xE6\x9C\xAA\xE8\xA2\xAB\xE6\x8E\x88\xE6\x9D\x83...')
#1 E:\phpStudy\PHPTutorial\WWW\oil\framework_php7\web\filters\CFilter.php(38): CAccessControlFilter->preFilter(Object(CFilterChain))
#2 E:\phpStudy\PHPTutorial\WWW\oil\framework_php7\web\CController.php(1148): CFilter->filter(Object(CFilterChain))
#3 E:\phpStudy\PHPTutorial\WWW\oil\framework_php7\web\filters\CInlineFilter.php(58): CController->filterAccessControl(Object(CFilterChain))
#4 E:\phpStudy\PHPTutorial\WWW\oil\framework_php7\web\filters\CFilterChain.php(131): CInlineFilter->filter(Object(CFilterChain))
#5 E:\phpStudy\PHPTutorial\WWW\oil\framework_php7\web\CController.php(291): CFilterChain->run()
#6 E:\phpStudy\PHPTutorial\WWW\oil\framework_php7\web\CController.php(265): CController->runActionWithFilters(Object(CInlineAction), Array)
#7 E:\phpStudy\PHPTutorial\WWW\oil\framework_php7\web\CWebApplication.php(282): CController->run('repairOrder')
#8 E:\phpStudy\PHPTutorial\WWW\oil\framework_php7\web\CWebApplication.php(141): CWebApplication->runController('webAPI/order/re...')
#9 E:\phpStudy\PHPTutorial\WWW\oil\framework_php7\base\CApplication.php(186): CWebApplication->processRequest()
#10 E:\phpStudy\PHPTutorial\WWW\oil\oil_retail\index.php(17): CApplication->run()
#11 {main}
REQUEST_URI=/webAPI/order/repairOrder
---
